Abaqus/Explicit 6.13-1                           DATE 14-Dec-2021  TIME 19:01:17
-------------------------------------------------------------------------------
 PREPROCESSOR WARNING MESSAGES
-------------------------------------------------------------------------------


***WARNING: There are 2 warning messages in the data (.dat) file.  Please
            check the data file for possible errors in the input file.


-------------------------------------------------------------------------------
  USER SUBROUTINE VUMAT
-------------------------------------------------------------------------------


***WARNING: A material defined in user subroutine VUMAT must be defined as
            purely elastic (using the initial elastic modulus) at the
            beginning of the analysis (stepTime=0). This is an informative
            message. It does not necessarily indicate that user subroutine
            VUMAT is incorrectly defined.


-------------------------------------------------------------------------------
 MODEL INFORMATION (IN GLOBAL X-Y COORDINATES)
-------------------------------------------------------------------------------

   Total mass in model = 1.44000E+07
   Center of mass of model = (-7.371700E-07, 9.806607E-08, 5.000000E-01)

    Moments of Inertia :
                 About Center of Mass              About Origin
      I(XX)          1.738003E+10                  1.738363E+10
      I(YY)          1.738068E+10                  1.738428E+10
      I(ZZ)          3.475351E+10                  3.475351E+10
      I(XY)         -1.208147E+05                 -1.208147E+05
      I(YZ)          9.311632E+03                  9.310925E+03
      I(ZX)          1.657335E+01                  2.188098E+01

-------------------------------------------------------------------------------
 STABLE TIME INCREMENT INFORMATION
-------------------------------------------------------------------------------


  The stable time increment estimate for each element is based on
  linearization about the initial state.


   Initial time increment = 2.05870E-05

   Statistics for all elements:
      Mean = 4.49931E-05
      Standard deviation = 9.09694E-06

   Most critical elements:
    Element number   Rank    Time increment   Increment ratio
    (Instance name)
   ----------------------------------------------------------
         781          1       2.058703E-05      1.000000E+00
    PART-1-1
         810          2       2.060312E-05      9.992188E-01
    PART-1-1
         803          3       2.112271E-05      9.746395E-01
    PART-1-1
         850          4       2.320123E-05      8.873250E-01
    PART-1-1
         833          5       2.320592E-05      8.871456E-01
    PART-1-1
         783          6       2.335739E-05      8.813924E-01
    PART-1-1
         809          7       2.339831E-05      8.798510E-01
    PART-1-1
         807          8       2.367184E-05      8.696845E-01
    PART-1-1
         853          9       2.397720E-05      8.586087E-01
    PART-1-1
         849         10       2.526046E-05      8.149903E-01
    PART-1-1


  Instance name for the most critical element will be printed if the critical
  element changes or at the beginning of a new page.



Abaqus/Explicit 6.13-1                           DATE 14-Dec-2021  TIME 19:01:20

The double precision Abaqus/Explicit executable will be used in this analysis.


-------------------------------------------------------------------------------
 SOLUTION PROGRESS
-------------------------------------------------------------------------------

 STEP 1  ORIGIN 0.0000

  Total memory used for step 1 is approximately 8.3 megabytes.
  Global time estimation algorithm will be used.
  Scaling factor:  1.0000
  Variable mass scaling factor at zero increment: 1.0000
              STEP     TOTAL       CPU      STABLE    CRITICAL    KINETIC      TOTAL
INCREMENT     TIME      TIME      TIME   INCREMENT     ELEMENT     ENERGY     ENERGY
        0  0.000E+00 0.000E+00  00:00:00 2.059E-05         781  3.453E+03  3.453E+03
INSTANCE WITH CRITICAL ELEMENT: PART-1-1
ODB Field Frame Number      0 of     20 requested intervals at increment zero.
    15060  5.734E-01 5.734E-01  00:02:00 3.809E-05         781  2.076E+04  2.110E+04
INSTANCE WITH CRITICAL ELEMENT: PART-1-1
    26259  1.000E+00 1.000E+00  00:03:27 3.809E-05         781  5.397E+04  5.215E+04
INSTANCE WITH CRITICAL ELEMENT: PART-1-1
ODB Field Frame Number      1 of     20 requested intervals at  1.000013E+00
    41706  1.588E+00 1.588E+00  00:05:27 3.809E-05         781  5.957E+04  1.194E+05
INSTANCE WITH CRITICAL ELEMENT: PART-1-1
    52512  2.000E+00 2.000E+00  00:06:52 3.809E-05         781  3.070E+04  1.846E+05
INSTANCE WITH CRITICAL ELEMENT: PART-1-1
ODB Field Frame Number      2 of     20 requested intervals at  2.000007E+00
    68004  2.590E+00 2.590E+00  00:08:52 3.809E-05         781  4.382E+04  3.041E+05
INSTANCE WITH CRITICAL ELEMENT: PART-1-1
    78767  3.000E+00 3.000E+00  00:10:16 3.809E-05         781  5.044E+04  4.055E+05
INSTANCE WITH CRITICAL ELEMENT: PART-1-1
ODB Field Frame Number      3 of     20 requested intervals at  3.000017E+00
    94250  3.590E+00 3.590E+00  00:12:16 3.808E-05         781  4.452E+04  5.809E+05
INSTANCE WITH CRITICAL ELEMENT: PART-1-1
   105025  4.000E+00 4.000E+00  00:13:39 3.808E-05         781  4.011E+04  7.230E+05
INSTANCE WITH CRITICAL ELEMENT: PART-1-1
ODB Field Frame Number      4 of     20 requested intervals at  4.000023E+00
   120501  4.589E+00 4.589E+00  00:15:39 3.808E-05         781  2.606E+04  9.575E+05
INSTANCE WITH CRITICAL ELEMENT: PART-1-1
   131286  5.000E+00 5.000E+00  00:17:04 3.808E-05         781  2.937E+04  1.143E+06
INSTANCE WITH CRITICAL ELEMENT: PART-1-1
ODB Field Frame Number      5 of     20 requested intervals at  5.000026E+00
   146646  5.585E+00 5.585E+00  00:19:04 3.807E-05         781  3.411E+04  1.437E+06
INSTANCE WITH CRITICAL ELEMENT: PART-1-1
   157550  6.000E+00 6.000E+00  00:20:30 3.807E-05         781  3.485E+04  1.670E+06
INSTANCE WITH CRITICAL ELEMENT: PART-1-1
ODB Field Frame Number      6 of     20 requested intervals at  6.000024E+00
   172733  6.578E+00 6.578E+00  00:22:30 3.807E-05         781  3.905E+04  1.547E+06
INSTANCE WITH CRITICAL ELEMENT: PART-1-1
   183819  7.000E+00 7.000E+00  00:23:59 3.806E-05         781  4.061E+04  1.729E+06
INSTANCE WITH CRITICAL ELEMENT: PART-1-1
ODB Field Frame Number      7 of     20 requested intervals at  7.000030E+00
   198716  7.567E+00 7.567E+00  00:25:59 3.807E-05         781  4.393E+04  1.384E+06
INSTANCE WITH CRITICAL ELEMENT: PART-1-1
   210090  8.000E+00 8.000E+00  00:27:30 3.806E-05         781  4.311E+04  9.466E+05
INSTANCE WITH CRITICAL ELEMENT: PART-1-1
ODB Field Frame Number      8 of     20 requested intervals at  8.000037E+00
   224853  8.562E+00 8.562E+00  00:29:30 3.806E-05         781  4.263E+04 -3.159E+05
INSTANCE WITH CRITICAL ELEMENT: PART-1-1
   236367  9.000E+00 9.000E+00  00:31:02 3.805E-05         781  4.264E+04 -2.839E+06
INSTANCE WITH CRITICAL ELEMENT: PART-1-1
ODB Field Frame Number      9 of     20 requested intervals at  9.000035E+00
   251438  9.573E+00 9.573E+00  00:33:02 3.804E-05         781  4.290E+04 -9.069E+06
INSTANCE WITH CRITICAL ELEMENT: PART-1-1
   262656  1.000E+01 1.000E+01  00:34:31 3.803E-05         781  4.365E+04 -1.608E+07
INSTANCE WITH CRITICAL ELEMENT: PART-1-1
ODB Field Frame Number     10 of     20 requested intervals at  1.000001E+01
   277446  1.056E+01 1.056E+01  00:36:31 3.801E-05         781  4.550E+04 -2.856E+07
INSTANCE WITH CRITICAL ELEMENT: PART-1-1
   288965  1.100E+01 1.100E+01  00:38:04 3.799E-05         781  4.736E+04 -4.087E+07
INSTANCE WITH CRITICAL ELEMENT: PART-1-1
ODB Field Frame Number     11 of     20 requested intervals at  1.100001E+01
   303938  1.157E+01 1.157E+01  00:40:04 3.797E-05         781  5.007E+04 -6.046E+07
INSTANCE WITH CRITICAL ELEMENT: PART-1-1
   315300  1.200E+01 1.200E+01  00:41:35 3.795E-05         781  5.266E+04 -7.849E+07
INSTANCE WITH CRITICAL ELEMENT: PART-1-1
ODB Field Frame Number     12 of     20 requested intervals at  1.200002E+01
   330105  1.256E+01 1.256E+01  00:43:35 3.793E-05         781  5.738E+04 -1.083E+08
INSTANCE WITH CRITICAL ELEMENT: PART-1-1
   341665  1.300E+01 1.300E+01  00:45:08 3.790E-05         781  5.954E+04 -1.387E+08
INSTANCE WITH CRITICAL ELEMENT: PART-1-1
ODB Field Frame Number     13 of     20 requested intervals at  1.300001E+01
   356641  1.357E+01 1.357E+01  00:47:08 3.787E-05         781  6.005E+04 -1.861E+08
INSTANCE WITH CRITICAL ELEMENT: PART-1-1
   368066  1.400E+01 1.400E+01  00:48:39 3.785E-05         781  5.995E+04 -2.267E+08
INSTANCE WITH CRITICAL ELEMENT: PART-1-1
ODB Field Frame Number     14 of     20 requested intervals at  1.400002E+01
   382812  1.456E+01 1.456E+01  00:50:39 3.800E-05         810  5.990E+04 -2.838E+08
INSTANCE WITH CRITICAL ELEMENT: PART-1-1
   394425  1.500E+01 1.500E+01  00:52:13 3.800E-05         810  5.989E+04 -3.319E+08
INSTANCE WITH CRITICAL ELEMENT: PART-1-1
ODB Field Frame Number     15 of     20 requested intervals at  1.500002E+01
   409561  1.558E+01 1.558E+01  00:54:13 3.800E-05         810  5.975E+04 -3.980E+08
INSTANCE WITH CRITICAL ELEMENT: PART-1-1
   420741  1.600E+01 1.600E+01  00:55:42 3.800E-05         810  5.969E+04 -4.488E+08
INSTANCE WITH CRITICAL ELEMENT: PART-1-1
ODB Field Frame Number     16 of     20 requested intervals at  1.600002E+01
   435788  1.657E+01 1.657E+01  00:57:42 3.800E-05         810  5.968E+04 -5.196E+08
INSTANCE WITH CRITICAL ELEMENT: PART-1-1
   447081  1.700E+01 1.700E+01  00:59:12 3.800E-05         810  5.980E+04 -5.744E+08
INSTANCE WITH CRITICAL ELEMENT: PART-1-1
ODB Field Frame Number     17 of     20 requested intervals at  1.700000E+01
   462324  1.758E+01 1.758E+01  01:01:12 3.800E-05         810  5.961E+04 -6.501E+08
INSTANCE WITH CRITICAL ELEMENT: PART-1-1
