
%                  X                BCC-1              FCC-1      

                0.                 0.                 0.         
              500.008E-03        130.952E+06         84.3033E+06 
                1.00001          261.924E+06        168.64E+06   
                1.50001          393.002E+06        253.057E+06  
                2.               523.98E+06         337.428E+06  
                2.50001          655.023E+06        421.86E+06   
                3.00001          786.144E+06        506.358E+06  
                3.5              917.219E+06        590.846E+06  
                4.00001            1.04837E+09      675.398E+06  
                4.50001            1.17952E+09      759.967E+06  
                5.00001            1.31069E+09      844.57E+06   
                5.5                1.4374E+09       929.397E+06  
                6.00001            1.54469E+09        1.01249E+09
                6.5                1.58782E+09        1.05362E+09
                7.00001            1.59161E+09        1.05839E+09
                7.50001            1.58356E+09        1.05685E+09
                8.                 1.58206E+09        1.05825E+09
                8.5                1.5836E+09         1.06006E+09
                9.00001            1.58553E+09        1.06173E+09
                9.5                1.5876E+09         1.06316E+09
               10.                 1.58988E+09        1.06461E+09
               10.5                1.59251E+09        1.06615E+09
               11.                 1.59547E+09        1.06784E+09
               11.5                1.59863E+09        1.06952E+09
               12.                 1.60184E+09        1.07119E+09
               12.5                1.60506E+09        1.07289E+09
               13.                 1.6082E+09         1.07459E+09
               13.5                1.61131E+09        1.0763E+09 
               14.                 1.61444E+09        1.078E+09  
               14.5                1.61754E+09        1.07967E+09
               15.                 1.6206E+09         1.08135E+09
               15.5                1.62353E+09        1.08307E+09
               16.                 1.62632E+09        1.08482E+09
               16.5                1.62908E+09        1.08656E+09
               17.                 1.63175E+09        1.08827E+09
               17.5                1.63437E+09        1.08998E+09
               18.                 1.63685E+09        1.09173E+09
               18.5                1.63917E+09        1.0935E+09 
               19.                 1.64143E+09        1.09527E+09
               19.5                1.64365E+09        1.09701E+09
               20.                 1.64578E+09        1.09878E+09
               20.5                1.64782E+09        1.10059E+09
               21.                 1.64978E+09        1.10242E+09
               21.5                1.65175E+09        1.10421E+09
               22.                 1.65371E+09        1.10596E+09
               22.5                1.65564E+09        1.10767E+09
               23.                 1.6575E+09         1.10936E+09
               23.5                1.65933E+09        1.11103E+09
               24.                 1.66117E+09        1.11268E+09
               24.5                1.66303E+09        1.11431E+09
               25.                 1.66486E+09        1.11595E+09
               25.5                1.6667E+09         1.11755E+09
               26.                 1.66859E+09        1.1191E+09 
               26.5                1.67059E+09        1.12059E+09
               27.                 1.67272E+09        1.12201E+09
               27.5                1.67509E+09        1.12334E+09
               28.                 1.6777E+09         1.12455E+09
               28.5                1.68053E+09        1.12567E+09
               29.                 1.68348E+09        1.12672E+09
               29.5                1.68652E+09        1.12774E+09
               30.                 1.68962E+09        1.12872E+09
               30.5                1.69278E+09        1.12967E+09
               31.                 1.69602E+09        1.13057E+09
               31.5                1.69932E+09        1.13145E+09
               32.                 1.70274E+09        1.13227E+09
               32.5                1.70636E+09        1.13302E+09
               33.                 1.7101E+09         1.13372E+09
               33.5                1.7139E+09         1.13439E+09
               34.                 1.71769E+09        1.13505E+09
               34.5                1.72146E+09        1.13571E+09
               35.                 1.72525E+09        1.13635E+09
               35.5                1.72903E+09        1.13698E+09
               36.                 1.73281E+09        1.1376E+09 
               36.5                1.73659E+09        1.13821E+09
               37.                 1.74036E+09        1.13881E+09
               37.5                1.74414E+09        1.13939E+09
               38.                 1.74793E+09        1.13995E+09
               38.5                1.75171E+09        1.1405E+09 
               39.                 1.75549E+09        1.14103E+09
               39.5                1.75926E+09        1.14155E+09
               40.                 1.76302E+09        1.14206E+09
               40.5                1.76681E+09        1.14255E+09
               41.                 1.77059E+09        1.143E+09  
               41.5                1.7744E+09         1.14343E+09
               42.                 1.77817E+09        1.14384E+09
               42.5                1.78194E+09        1.14423E+09
               43.                 1.78571E+09        1.1446E+09 
               43.5                1.78948E+09        1.14495E+09
               44.                 1.79329E+09        1.1453E+09 
               44.5                1.79712E+09        1.14564E+09
               45.                 1.80094E+09        1.14597E+09
               45.5                1.80475E+09        1.1463E+09 
               46.                 1.80855E+09        1.14662E+09
               46.5                1.81235E+09        1.14694E+09
               47.                 1.81614E+09        1.14726E+09
               47.5                1.8199E+09         1.14758E+09
               48.                 1.82365E+09        1.1479E+09 
               48.5                1.82739E+09        1.14821E+09
               49.                 1.8311E+09         1.14852E+09
               49.5                1.83481E+09        1.14883E+09
               50.                 1.83849E+09        1.14914E+09
               50.5                1.84216E+09        1.14944E+09
               51.                 1.84582E+09        1.14975E+09
               51.5                1.84945E+09        1.15005E+09
               52.                 1.85306E+09        1.15036E+09
               52.5                1.85664E+09        1.15068E+09
               53.                 1.86018E+09        1.15101E+09
               53.5                1.86369E+09        1.15134E+09
               54.                 1.86719E+09        1.15167E+09
               54.5                1.87067E+09        1.15201E+09
               55.                 1.87413E+09        1.15234E+09
               55.5                1.87757E+09        1.15267E+09
               56.                 1.88099E+09        1.15301E+09
               56.5                1.88439E+09        1.15335E+09
               57.                 1.88777E+09        1.15369E+09
               57.5                1.89113E+09        1.15404E+09
               58.                 1.89448E+09        1.15438E+09
               58.5                1.8978E+09         1.15473E+09
               59.                 1.9011E+09         1.15508E+09
               59.5                1.90438E+09        1.15543E+09
               60.                 1.90764E+09        1.15578E+09
               60.5                1.91087E+09        1.15614E+09
               61.                 1.91408E+09        1.15649E+09
               61.5                1.91727E+09        1.15686E+09
               62.                 1.92043E+09        1.15722E+09
               62.5                1.92357E+09        1.15759E+09
               63.                 1.92668E+09        1.15796E+09
               63.5                1.92977E+09        1.15833E+09
               64.                 1.93283E+09        1.1587E+09 
               64.5                1.93587E+09        1.15907E+09
               65.                 1.93888E+09        1.15945E+09
               65.5                1.94186E+09        1.15982E+09
               66.                 1.9448E+09         1.16019E+09
               66.5                1.94772E+09        1.16055E+09
               67.                 1.95061E+09        1.16092E+09
               67.5                1.95347E+09        1.16128E+09
               68.                 1.9563E+09         1.16165E+09
               68.5                1.95912E+09        1.16202E+09
               69.                 1.9619E+09         1.1624E+09 
               69.5                1.96463E+09        1.16277E+09
               70.                 1.96733E+09        1.16314E+09
               70.5                1.97E+09           1.16352E+09
               71.                 1.97262E+09        1.16388E+09
               71.5                1.97523E+09        1.16426E+09
               72.                 1.97779E+09        1.16463E+09
               72.5                1.98032E+09        1.16501E+09
               73.                 1.98282E+09        1.16539E+09
               73.5                1.98528E+09        1.16577E+09
               74.                 1.98771E+09        1.16616E+09
               74.5                1.9901E+09         1.16655E+09
               75.                 1.99247E+09        1.16694E+09
               75.5                1.9948E+09         1.16733E+09
               76.                 1.9971E+09         1.16774E+09
               76.5                1.99937E+09        1.16814E+09
               77.                 2.00161E+09        1.16855E+09
               77.5                2.00383E+09        1.16897E+09
               78.                 2.00601E+09        1.16939E+09
               78.5                2.00817E+09        1.16981E+09
               79.                 2.0103E+09         1.17025E+09
               79.5                2.01239E+09        1.17069E+09
               80.                 2.01445E+09        1.17114E+09
               80.5                2.01648E+09        1.17159E+09
               81.                 2.01848E+09        1.17206E+09
               81.5                2.02045E+09        1.17253E+09
               82.                 2.02239E+09        1.17301E+09
               82.5                2.02431E+09        1.17349E+09
               83.                 2.02619E+09        1.17399E+09
               83.5                2.02804E+09        1.17449E+09
               84.                 2.02986E+09        1.175E+09  
               84.5                2.03165E+09        1.17551E+09
               85.                 2.03341E+09        1.17603E+09
               85.5                2.03513E+09        1.17657E+09
               86.                 2.03683E+09        1.1771E+09 
               86.5                2.0385E+09         1.17765E+09
               87.                 2.04013E+09        1.1782E+09 
               87.5                2.04173E+09        1.17876E+09
               88.                 2.04329E+09        1.17932E+09
               88.5                2.04483E+09        1.17989E+09
               89.                 2.04633E+09        1.18046E+09
               89.5                2.04781E+09        1.18104E+09
               90.                 2.04927E+09        1.18163E+09
               90.5                2.05069E+09        1.18223E+09
               91.                 2.05209E+09        1.18284E+09
               91.5                2.05345E+09        1.18345E+09
               92.                 2.05478E+09        1.18407E+09
               92.5                2.05608E+09        1.1847E+09 
               93.                 2.05734E+09        1.18532E+09
               93.5                2.05858E+09        1.18596E+09
               94.                 2.05979E+09        1.1866E+09 
               94.5                2.06097E+09        1.18725E+09
               95.                 2.06211E+09        1.18791E+09
               95.5                2.06322E+09        1.18858E+09
               96.                 2.06431E+09        1.18925E+09
               96.5                2.06537E+09        1.18993E+09
               97.                 2.06639E+09        1.19061E+09
               97.5                2.06739E+09        1.19129E+09
               98.                 2.06835E+09        1.19197E+09
               98.5                2.06929E+09        1.19266E+09
               99.                 2.0702E+09         1.19336E+09
               99.5                2.07108E+09        1.19406E+09
              100.                 2.07192E+09        1.19477E+09




