Abaqus/Explicit 6.13-1                           DATE 15-Dec-2021  TIME 17:35:58
-------------------------------------------------------------------------------
 PREPROCESSOR WARNING MESSAGES
-------------------------------------------------------------------------------


***WARNING: There are 2 warning messages in the data (.dat) file.  Please
            check the data file for possible errors in the input file.


-------------------------------------------------------------------------------
  USER SUBROUTINE VUMAT
-------------------------------------------------------------------------------


***WARNING: A material defined in user subroutine VUMAT must be defined as
            purely elastic (using the initial elastic modulus) at the
            beginning of the analysis (stepTime=0). This is an informative
            message. It does not necessarily indicate that user subroutine
            VUMAT is incorrectly defined.


-------------------------------------------------------------------------------
 MODEL INFORMATION (IN GLOBAL X-Y COORDINATES)
-------------------------------------------------------------------------------

   Total mass in model = 1.18571E+07
   Center of mass of model = (-9.836151E-07,-2.967570E-05, 5.000000E-01)

    Moments of Inertia :
                 About Center of Mass              About Origin
      I(XX)          1.680634E+10                  1.680931E+10
      I(YY)          1.680687E+10                  1.680984E+10
      I(ZZ)          3.360729E+10                  3.360729E+10
      I(XY)         -1.078524E+05                 -1.078524E+05
      I(YZ)          5.940322E+03                  6.116256E+03
      I(ZX)          1.661154E+01                  2.244297E+01

-------------------------------------------------------------------------------
 STABLE TIME INCREMENT INFORMATION
-------------------------------------------------------------------------------


  The stable time increment estimate for each element is based on
  linearization about the initial state.


   Initial time increment = 6.78557E-06

   Statistics for all elements:
      Mean = 2.82863E-05
      Standard deviation = 2.12724E-05

   Most critical elements:
    Element number   Rank    Time increment   Increment ratio
    (Instance name)
   ----------------------------------------------------------
         781          1       6.785569E-06      1.000000E+00
    PART-1-1
         810          2       6.790874E-06      9.992188E-01
    PART-1-1
         803          3       6.962131E-06      9.746396E-01
    PART-1-1
         850          4       7.647219E-06      8.873250E-01
    PART-1-1
         833          5       7.648765E-06      8.871456E-01
    PART-1-1
         783          6       7.698692E-06      8.813924E-01
    PART-1-1
         809          7       7.712179E-06      8.798510E-01
    PART-1-1
         807          8       7.802331E-06      8.696848E-01
    PART-1-1
         853          9       7.902981E-06      8.586087E-01
    PART-1-1
         849         10       8.325949E-06      8.149904E-01
    PART-1-1


  Instance name for the most critical element will be printed if the critical
  element changes or at the beginning of a new page.



Abaqus/Explicit 6.13-1                           DATE 15-Dec-2021  TIME 17:36:01

The double precision Abaqus/Explicit executable will be used in this analysis.


-------------------------------------------------------------------------------
 SOLUTION PROGRESS
-------------------------------------------------------------------------------

 STEP 1  ORIGIN 0.0000

  Total memory used for step 1 is approximately 8.3 megabytes.
  Global time estimation algorithm will be used.
  Scaling factor:  1.0000
  Variable mass scaling factor at zero increment: 1.0000
              STEP     TOTAL       CPU      STABLE    CRITICAL    KINETIC      TOTAL
INCREMENT     TIME      TIME      TIME   INCREMENT     ELEMENT     ENERGY     ENERGY
        0  0.000E+00 0.000E+00  00:00:00 6.786E-06         781  3.453E+03  3.453E+03
INSTANCE WITH CRITICAL ELEMENT: PART-1-1
ODB Field Frame Number      0 of     20 requested intervals at increment zero.

***WARNING: THE ANALYSIS NEEDS AN EXTREMELY LARGE NUMBER OF INCREMENTS (MORE
            THAN 2,000,000). CHECK THE PROPERTIES OF THE MOST CRITICAL
            ELEMENTS AND THE DATA FILE FOR WARNING MESSAGES.

    16790  1.914E-01 1.914E-01  00:02:00 1.139E-05         803  2.437E+04 -1.977E+03
INSTANCE WITH CRITICAL ELEMENT: PART-1-1
    33606  3.830E-01 3.830E-01  00:04:00 1.139E-05         803  1.995E+04 -1.899E+04
INSTANCE WITH CRITICAL ELEMENT: PART-1-1
    50861  5.796E-01 5.796E-01  00:06:00 1.139E-05         803  4.361E+04 -4.876E+04
INSTANCE WITH CRITICAL ELEMENT: PART-1-1
    68044  7.753E-01 7.753E-01  00:08:00 1.139E-05         803  4.705E+04 -9.059E+04
INSTANCE WITH CRITICAL ELEMENT: PART-1-1
    85198  9.708E-01 9.708E-01  00:10:00 1.139E-05         803  2.100E+04 -1.447E+05
INSTANCE WITH CRITICAL ELEMENT: PART-1-1
   102424  1.167E+00 1.167E+00  00:12:00 1.139E-05         803  2.877E+04 -2.111E+05
INSTANCE WITH CRITICAL ELEMENT: PART-1-1
   119652  1.363E+00 1.363E+00  00:14:00 1.139E-05         803  4.400E+04 -2.899E+05
INSTANCE WITH CRITICAL ELEMENT: PART-1-1
   136872  1.559E+00 1.559E+00  00:16:00 1.139E-05         803  3.048E+04 -3.812E+05
INSTANCE WITH CRITICAL ELEMENT: PART-1-1
   154018  1.755E+00 1.755E+00  00:18:00 1.139E-05         803  2.592E+04 -4.841E+05
INSTANCE WITH CRITICAL ELEMENT: PART-1-1
   171219  1.951E+00 1.951E+00  00:20:00 1.139E-05         803  3.025E+04 -5.997E+05
INSTANCE WITH CRITICAL ELEMENT: PART-1-1
   188437  2.147E+00 2.147E+00  00:22:00 1.139E-05         803  3.779E+04 -7.277E+05
INSTANCE WITH CRITICAL ELEMENT: PART-1-1
   205641  2.343E+00 2.343E+00  00:24:00 1.139E-05         803  3.012E+04 -8.680E+05
INSTANCE WITH CRITICAL ELEMENT: PART-1-1
   222641  2.536E+00 2.536E+00  00:26:00 1.139E-05         803  2.729E+04 -1.019E+06
INSTANCE WITH CRITICAL ELEMENT: PART-1-1
   239398  2.727E+00 2.727E+00  00:28:00 1.139E-05         803  2.835E+04 -1.179E+06
INSTANCE WITH CRITICAL ELEMENT: PART-1-1
   256343  2.920E+00 2.920E+00  00:30:00 1.139E-05         803  2.702E+04 -1.353E+06
INSTANCE WITH CRITICAL ELEMENT: PART-1-1
   273174  3.112E+00 3.112E+00  00:32:00 1.139E-05         803  2.663E+04 -1.538E+06
INSTANCE WITH CRITICAL ELEMENT: PART-1-1
   290266  3.307E+00 3.307E+00  00:34:00 1.139E-05         803  2.613E+04 -1.737E+06
INSTANCE WITH CRITICAL ELEMENT: PART-1-1
   307011  3.497E+00 3.497E+00  00:36:00 1.139E-05         803  2.636E+04 -1.945E+06
INSTANCE WITH CRITICAL ELEMENT: PART-1-1
   324263  3.694E+00 3.694E+00  00:38:00 1.139E-05         803  3.114E+04 -2.170E+06
INSTANCE WITH CRITICAL ELEMENT: PART-1-1
   341553  3.891E+00 3.891E+00  00:40:00 1.139E-05         803  3.301E+04 -2.409E+06
INSTANCE WITH CRITICAL ELEMENT: PART-1-1
   358563  4.084E+00 4.084E+00  00:42:00 1.139E-05         803  2.996E+04 -2.657E+06
INSTANCE WITH CRITICAL ELEMENT: PART-1-1
   375748  4.280E+00 4.280E+00  00:44:00 1.139E-05         803  2.752E+04 -2.919E+06
INSTANCE WITH CRITICAL ELEMENT: PART-1-1
   392964  4.476E+00 4.476E+00  00:46:00 1.139E-05         803  2.983E+04 -3.194E+06
INSTANCE WITH CRITICAL ELEMENT: PART-1-1
   410276  4.673E+00 4.673E+00  00:48:00 1.139E-05         803  3.214E+04 -3.483E+06
INSTANCE WITH CRITICAL ELEMENT: PART-1-1
   427172  4.865E+00 4.865E+00  00:50:00 1.138E-05         803  3.140E+04 -3.777E+06
INSTANCE WITH CRITICAL ELEMENT: PART-1-1
   438995  5.000E+00 5.000E+00  00:51:23 1.138E-05         803  2.838E+04 -3.990E+06
INSTANCE WITH CRITICAL ELEMENT: PART-1-1
ODB Field Frame Number      1 of     20 requested intervals at  5.000008E+00
   455922  5.193E+00 5.193E+00  00:53:23 1.138E-05         803  2.885E+04 -4.305E+06
INSTANCE WITH CRITICAL ELEMENT: PART-1-1
   472829  5.385E+00 5.385E+00  00:55:23 1.138E-05         803  2.920E+04 -4.802E+06
INSTANCE WITH CRITICAL ELEMENT: PART-1-1
   489745  5.578E+00 5.578E+00  00:57:23 1.138E-05         803  2.924E+04 -5.815E+06
INSTANCE WITH CRITICAL ELEMENT: PART-1-1
   506667  5.770E+00 5.770E+00  00:59:23 1.138E-05         803  2.959E+04 -7.222E+06
INSTANCE WITH CRITICAL ELEMENT: PART-1-1
   523537  5.962E+00 5.962E+00  01:01:23 1.138E-05         803  3.010E+04 -9.195E+06
INSTANCE WITH CRITICAL ELEMENT: PART-1-1
   540087  6.151E+00 6.151E+00  01:03:23 1.138E-05         803  3.024E+04 -1.124E+07
INSTANCE WITH CRITICAL ELEMENT: PART-1-1
   557011  6.343E+00 6.343E+00  01:05:23 1.138E-05         803  3.124E+04 -1.308E+07
INSTANCE WITH CRITICAL ELEMENT: PART-1-1
   573738  6.534E+00 6.534E+00  01:07:23 1.138E-05         803  3.070E+04 -1.477E+07
INSTANCE WITH CRITICAL ELEMENT: PART-1-1
   590865  6.729E+00 6.729E+00  01:09:23 1.138E-05         803  3.262E+04 -1.620E+07
INSTANCE WITH CRITICAL ELEMENT: PART-1-1
   607857  6.922E+00 6.922E+00  01:11:23 1.138E-05         803  3.107E+04 -1.722E+07
INSTANCE WITH CRITICAL ELEMENT: PART-1-1
   625005  7.117E+00 7.117E+00  01:13:23 1.138E-05         803  3.012E+04 -1.824E+07
INSTANCE WITH CRITICAL ELEMENT: PART-1-1
   642114  7.312E+00 7.312E+00  01:15:23 1.138E-05         803  3.103E+04 -1.942E+07
INSTANCE WITH CRITICAL ELEMENT: PART-1-1
   659209  7.507E+00 7.507E+00  01:17:23 1.138E-05         803  3.215E+04 -2.069E+07
INSTANCE WITH CRITICAL ELEMENT: PART-1-1

 STEP 1  ORIGIN 0.0000

              STEP     TOTAL       CPU      STABLE    CRITICAL    KINETIC      TOTAL
INCREMENT     TIME      TIME      TIME   INCREMENT     ELEMENT     ENERGY     ENERGY
   676319  7.701E+00 7.701E+00  01:19:23 1.138E-05         803  3.225E+04 -2.195E+07
INSTANCE WITH CRITICAL ELEMENT: PART-1-1
   693346  7.895E+00 7.895E+00  01:21:23 1.138E-05         803  3.280E+04 -2.291E+07
INSTANCE WITH CRITICAL ELEMENT: PART-1-1
   710393  8.089E+00 8.089E+00  01:23:23 1.138E-05         803  3.254E+04 -2.359E+07
INSTANCE WITH CRITICAL ELEMENT: PART-1-1
   727421  8.283E+00 8.283E+00  01:25:23 1.138E-05         803  3.178E+04 -2.420E+07
INSTANCE WITH CRITICAL ELEMENT: PART-1-1
   744131  8.473E+00 8.473E+00  01:27:23 1.138E-05         803  3.185E+04 -2.482E+07
INSTANCE WITH CRITICAL ELEMENT: PART-1-1
   761083  8.666E+00 8.666E+00  01:29:23 1.138E-05         803  3.057E+04 -2.548E+07
INSTANCE WITH CRITICAL ELEMENT: PART-1-1
   777937  8.858E+00 8.858E+00  01:31:23 1.138E-05         803  3.116E+04 -2.614E+07
INSTANCE WITH CRITICAL ELEMENT: PART-1-1
   794619  9.048E+00 9.048E+00  01:33:23 1.138E-05         803  3.192E+04 -2.677E+07
INSTANCE WITH CRITICAL ELEMENT: PART-1-1
   811676  9.242E+00 9.242E+00  01:35:23 1.138E-05         803  3.028E+04 -2.747E+07
INSTANCE WITH CRITICAL ELEMENT: PART-1-1
   828702  9.436E+00 9.436E+00  01:37:23 1.138E-05         803  3.133E+04 -2.822E+07
INSTANCE WITH CRITICAL ELEMENT: PART-1-1
   845628  9.629E+00 9.629E+00  01:39:23 1.138E-05         803  3.087E+04 -2.902E+07
INSTANCE WITH CRITICAL ELEMENT: PART-1-1
   862545  9.821E+00 9.821E+00  01:41:23 1.138E-05         803  3.094E+04 -2.984E+07
INSTANCE WITH CRITICAL ELEMENT: PART-1-1
   878262  1.000E+01 1.000E+01  01:43:13 1.138E-05         803  3.089E+04 -3.061E+07
INSTANCE WITH CRITICAL ELEMENT: PART-1-1
ODB Field Frame Number      2 of     20 requested intervals at  1.000001E+01
   895378  1.019E+01 1.019E+01  01:45:13 1.138E-05         803  3.087E+04 -3.147E+07
INSTANCE WITH CRITICAL ELEMENT: PART-1-1
   912207  1.039E+01 1.039E+01  01:47:13 1.138E-05         803  3.085E+04 -3.234E+07
INSTANCE WITH CRITICAL ELEMENT: PART-1-1
   929133  1.058E+01 1.058E+01  01:49:13 1.138E-05         803  3.083E+04 -3.324E+07
INSTANCE WITH CRITICAL ELEMENT: PART-1-1
   946164  1.077E+01 1.077E+01  01:51:13 1.138E-05         803  3.086E+04 -3.418E+07
INSTANCE WITH CRITICAL ELEMENT: PART-1-1
   963214  1.097E+01 1.097E+01  01:53:13 1.138E-05         803  3.085E+04 -3.513E+07
INSTANCE WITH CRITICAL ELEMENT: PART-1-1
   980252  1.116E+01 1.116E+01  01:55:13 1.138E-05         803  3.087E+04 -3.612E+07
INSTANCE WITH CRITICAL ELEMENT: PART-1-1
   997093  1.135E+01 1.135E+01  01:57:13 1.138E-05         803  3.086E+04 -3.713E+07
INSTANCE WITH CRITICAL ELEMENT: PART-1-1
  1014106  1.155E+01 1.155E+01  01:59:13 1.138E-05         803  3.087E+04 -3.817E+07
INSTANCE WITH CRITICAL ELEMENT: PART-1-1
  1031081  1.174E+01 1.174E+01  02:01:13 1.138E-05         803  3.087E+04 -3.922E+07
INSTANCE WITH CRITICAL ELEMENT: PART-1-1
  1047904  1.193E+01 1.193E+01  02:03:13 1.138E-05         803  3.087E+04 -4.027E+07
INSTANCE WITH CRITICAL ELEMENT: PART-1-1
  1064909  1.212E+01 1.212E+01  02:05:13 1.138E-05         803  3.087E+04 -4.135E+07
INSTANCE WITH CRITICAL ELEMENT: PART-1-1
  1081746  1.232E+01 1.232E+01  02:07:13 1.138E-05         803  3.086E+04 -4.246E+07
INSTANCE WITH CRITICAL ELEMENT: PART-1-1
  1098466  1.251E+01 1.251E+01  02:09:13 1.138E-05         803  3.086E+04 -4.358E+07
INSTANCE WITH CRITICAL ELEMENT: PART-1-1
  1115238  1.270E+01 1.270E+01  02:11:13 1.138E-05         803  3.085E+04 -4.474E+07
INSTANCE WITH CRITICAL ELEMENT: PART-1-1
  1132043  1.289E+01 1.289E+01  02:13:13 1.138E-05         803  3.085E+04 -4.592E+07
INSTANCE WITH CRITICAL ELEMENT: PART-1-1
  1148697  1.308E+01 1.308E+01  02:15:13 1.138E-05         803  3.087E+04 -4.710E+07
INSTANCE WITH CRITICAL ELEMENT: PART-1-1
  1165528  1.327E+01 1.327E+01  02:17:13 1.138E-05         803  3.084E+04 -4.831E+07
INSTANCE WITH CRITICAL ELEMENT: PART-1-1
  1182358  1.346E+01 1.346E+01  02:19:13 1.138E-05         803  3.084E+04 -4.953E+07
INSTANCE WITH CRITICAL ELEMENT: PART-1-1
  1198973  1.365E+01 1.365E+01  02:21:13 1.138E-05         803  3.083E+04 -5.076E+07
INSTANCE WITH CRITICAL ELEMENT: PART-1-1
  1215341  1.384E+01 1.384E+01  02:23:13 1.138E-05         803  3.084E+04 -5.199E+07
INSTANCE WITH CRITICAL ELEMENT: PART-1-1
  1231717  1.402E+01 1.402E+01  02:25:13 1.138E-05         803  3.083E+04 -5.324E+07
INSTANCE WITH CRITICAL ELEMENT: PART-1-1
  1248181  1.421E+01 1.421E+01  02:27:13 1.138E-05         803  3.083E+04 -5.452E+07
INSTANCE WITH CRITICAL ELEMENT: PART-1-1
  1264860  1.440E+01 1.440E+01  02:29:13 1.138E-05         803  3.082E+04 -5.584E+07
INSTANCE WITH CRITICAL ELEMENT: PART-1-1
  1281533  1.459E+01 1.459E+01  02:31:13 1.138E-05         803  3.083E+04 -5.716E+07
INSTANCE WITH CRITICAL ELEMENT: PART-1-1
  1297942  1.478E+01 1.478E+01  02:33:13 1.138E-05         803  3.084E+04 -5.848E+07
INSTANCE WITH CRITICAL ELEMENT: PART-1-1
  1314326  1.496E+01 1.496E+01  02:35:13 1.138E-05         803  3.085E+04 -5.981E+07
INSTANCE WITH CRITICAL ELEMENT: PART-1-1
  1317583  1.500E+01 1.500E+01  02:35:37 1.138E-05         803  3.085E+04 -6.008E+07
INSTANCE WITH CRITICAL ELEMENT: PART-1-1
ODB Field Frame Number      3 of     20 requested intervals at  1.500000E+01

 STEP 1  ORIGIN 0.0000

              STEP     TOTAL       CPU      STABLE    CRITICAL    KINETIC      TOTAL
INCREMENT     TIME      TIME      TIME   INCREMENT     ELEMENT     ENERGY     ENERGY
  1333940  1.519E+01 1.519E+01  02:37:37 1.138E-05         803  3.084E+04 -6.142E+07
INSTANCE WITH CRITICAL ELEMENT: PART-1-1
  1350358  1.537E+01 1.537E+01  02:39:37 1.138E-05         803  3.084E+04 -6.279E+07
INSTANCE WITH CRITICAL ELEMENT: PART-1-1
  1366850  1.556E+01 1.556E+01  02:41:37 1.138E-05         803  3.082E+04 -6.418E+07
INSTANCE WITH CRITICAL ELEMENT: PART-1-1
  1383285  1.575E+01 1.575E+01  02:43:37 1.138E-05         803  3.082E+04 -6.559E+07
INSTANCE WITH CRITICAL ELEMENT: PART-1-1
  1399700  1.593E+01 1.593E+01  02:45:37 1.138E-05         803  3.082E+04 -6.700E+07
INSTANCE WITH CRITICAL ELEMENT: PART-1-1
  1416131  1.612E+01 1.612E+01  02:47:37 1.138E-05         803  3.080E+04 -6.843E+07
INSTANCE WITH CRITICAL ELEMENT: PART-1-1
  1432793  1.631E+01 1.631E+01  02:49:37 1.138E-05         803  3.081E+04 -6.988E+07
INSTANCE WITH CRITICAL ELEMENT: PART-1-1
  1449461  1.650E+01 1.650E+01  02:51:37 1.138E-05         803  3.081E+04 -7.133E+07
INSTANCE WITH CRITICAL ELEMENT: PART-1-1
  1466130  1.669E+01 1.669E+01  02:53:37 1.138E-05         803  3.080E+04 -7.280E+07
INSTANCE WITH CRITICAL ELEMENT: PART-1-1
  1482801  1.688E+01 1.688E+01  02:55:37 1.138E-05         803  3.079E+04 -7.427E+07
INSTANCE WITH CRITICAL ELEMENT: PART-1-1
  1499459  1.707E+01 1.707E+01  02:57:37 1.138E-05         803  3.078E+04 -7.575E+07
INSTANCE WITH CRITICAL ELEMENT: PART-1-1
  1516148  1.726E+01 1.726E+01  02:59:37 1.138E-05         803  3.078E+04 -7.725E+07
INSTANCE WITH CRITICAL ELEMENT: PART-1-1
  1532877  1.745E+01 1.745E+01  03:01:37 1.138E-05         803  3.077E+04 -7.875E+07
INSTANCE WITH CRITICAL ELEMENT: PART-1-1
  1549308  1.764E+01 1.764E+01  03:03:37 1.138E-05         803  3.076E+04 -8.024E+07
INSTANCE WITH CRITICAL ELEMENT: PART-1-1
  1565641  1.782E+01 1.782E+01  03:05:37 1.138E-05         803  3.074E+04 -8.173E+07
INSTANCE WITH CRITICAL ELEMENT: PART-1-1
  1581961  1.801E+01 1.801E+01  03:07:37 1.138E-05         803  3.073E+04 -8.323E+07
INSTANCE WITH CRITICAL ELEMENT: PART-1-1
  1598300  1.819E+01 1.819E+01  03:09:37 1.138E-05         803  3.072E+04 -8.473E+07
INSTANCE WITH CRITICAL ELEMENT: PART-1-1
  1614639  1.838E+01 1.838E+01  03:11:37 1.138E-05         803  3.071E+04 -8.623E+07
INSTANCE WITH CRITICAL ELEMENT: PART-1-1
  1631246  1.857E+01 1.857E+01  03:13:37 1.138E-05         803  3.071E+04 -8.777E+07
INSTANCE WITH CRITICAL ELEMENT: PART-1-1
  1647879  1.876E+01 1.876E+01  03:15:37 1.138E-05         803  3.072E+04 -8.931E+07
INSTANCE WITH CRITICAL ELEMENT: PART-1-1
  1664264  1.894E+01 1.894E+01  03:17:37 1.138E-05         803  3.072E+04 -9.084E+07
INSTANCE WITH CRITICAL ELEMENT: PART-1-1
  1680607  1.913E+01 1.913E+01  03:19:37 1.138E-05         803  3.073E+04 -9.238E+07
INSTANCE WITH CRITICAL ELEMENT: PART-1-1
  1696941  1.932E+01 1.932E+01  03:21:37 1.138E-05         803  3.073E+04 -9.392E+07
INSTANCE WITH CRITICAL ELEMENT: PART-1-1
  1713271  1.950E+01 1.950E+01  03:23:37 1.138E-05         803  3.073E+04 -9.546E+07
INSTANCE WITH CRITICAL ELEMENT: PART-1-1
  1729582  1.969E+01 1.969E+01  03:25:37 1.138E-05         803  3.072E+04 -9.701E+07
INSTANCE WITH CRITICAL ELEMENT: PART-1-1
  1746033  1.987E+01 1.987E+01  03:27:37 1.138E-05         803  3.071E+04 -9.857E+07
INSTANCE WITH CRITICAL ELEMENT: PART-1-1
  1757046  2.000E+01 2.000E+01  03:28:58 1.138E-05         803  3.072E+04 -9.962E+07
INSTANCE WITH CRITICAL ELEMENT: PART-1-1
ODB Field Frame Number      4 of     20 requested intervals at  2.000001E+01
  1773344  2.019E+01 2.019E+01  03:30:58 1.138E-05         803  3.071E+04 -1.012E+08
INSTANCE WITH CRITICAL ELEMENT: PART-1-1
  1789638  2.037E+01 2.037E+01  03:32:58 1.138E-05         803  3.070E+04 -1.027E+08
INSTANCE WITH CRITICAL ELEMENT: PART-1-1
  1805971  2.056E+01 2.056E+01  03:34:58 1.138E-05         803  3.069E+04 -1.043E+08
INSTANCE WITH CRITICAL ELEMENT: PART-1-1
  1822575  2.075E+01 2.075E+01  03:36:58 1.138E-05         803  3.069E+04 -1.059E+08
INSTANCE WITH CRITICAL ELEMENT: PART-1-1
  1839208  2.093E+01 2.093E+01  03:38:58 1.138E-05         803  3.068E+04 -1.075E+08
INSTANCE WITH CRITICAL ELEMENT: PART-1-1
  1855839  2.112E+01 2.112E+01  03:40:58 1.138E-05         803  3.068E+04 -1.091E+08
INSTANCE WITH CRITICAL ELEMENT: PART-1-1
  1872248  2.131E+01 2.131E+01  03:42:58 1.138E-05         803  3.067E+04 -1.107E+08
INSTANCE WITH CRITICAL ELEMENT: PART-1-1
  1888755  2.150E+01 2.150E+01  03:44:58 1.138E-05         803  3.066E+04 -1.123E+08
INSTANCE WITH CRITICAL ELEMENT: PART-1-1
  1905325  2.169E+01 2.169E+01  03:46:58 1.138E-05         803  3.066E+04 -1.140E+08
INSTANCE WITH CRITICAL ELEMENT: PART-1-1
  1921889  2.188E+01 2.188E+01  03:48:58 1.138E-05         803  3.066E+04 -1.156E+08
INSTANCE WITH CRITICAL ELEMENT: PART-1-1
  1938483  2.206E+01 2.206E+01  03:50:58 1.137E-05         803  3.066E+04 -1.172E+08
INSTANCE WITH CRITICAL ELEMENT: PART-1-1
  1955016  2.225E+01 2.225E+01  03:52:58 1.137E-05         803  3.066E+04 -1.188E+08
INSTANCE WITH CRITICAL ELEMENT: PART-1-1
  1971329  2.244E+01 2.244E+01  03:54:58 1.137E-05         803  3.066E+04 -1.204E+08
INSTANCE WITH CRITICAL ELEMENT: PART-1-1

 STEP 1  ORIGIN 0.0000

              STEP     TOTAL       CPU      STABLE    CRITICAL    KINETIC      TOTAL
INCREMENT     TIME      TIME      TIME   INCREMENT     ELEMENT     ENERGY     ENERGY
  1987609  2.262E+01 2.262E+01  03:56:58 1.137E-05         803  3.065E+04 -1.220E+08
INSTANCE WITH CRITICAL ELEMENT: PART-1-1
  2004264  2.281E+01 2.281E+01  03:58:58 1.137E-05         803  3.065E+04 -1.236E+08
INSTANCE WITH CRITICAL ELEMENT: PART-1-1
  2020895  2.300E+01 2.300E+01  04:00:58 1.137E-05         803  3.065E+04 -1.252E+08
INSTANCE WITH CRITICAL ELEMENT: PART-1-1
  2037559  2.319E+01 2.319E+01  04:02:58 1.137E-05         803  3.065E+04 -1.269E+08
INSTANCE WITH CRITICAL ELEMENT: PART-1-1
  2054219  2.338E+01 2.338E+01  04:04:58 1.137E-05         803  3.065E+04 -1.285E+08
INSTANCE WITH CRITICAL ELEMENT: PART-1-1
  2070891  2.357E+01 2.357E+01  04:06:58 1.137E-05         803  3.065E+04 -1.301E+08
INSTANCE WITH CRITICAL ELEMENT: PART-1-1
  2087560  2.376E+01 2.376E+01  04:08:58 1.137E-05         803  3.064E+04 -1.317E+08
INSTANCE WITH CRITICAL ELEMENT: PART-1-1
  2104141  2.395E+01 2.395E+01  04:10:58 1.137E-05         803  3.064E+04 -1.333E+08
INSTANCE WITH CRITICAL ELEMENT: PART-1-1
  2120672  2.414E+01 2.414E+01  04:12:58 1.137E-05         803  3.063E+04 -1.349E+08
INSTANCE WITH CRITICAL ELEMENT: PART-1-1
  2137232  2.432E+01 2.432E+01  04:14:58 1.137E-05         803  3.062E+04 -1.365E+08
INSTANCE WITH CRITICAL ELEMENT: PART-1-1
  2153465  2.451E+01 2.451E+01  04:16:58 1.137E-05         803  3.061E+04 -1.381E+08
INSTANCE WITH CRITICAL ELEMENT: PART-1-1
  2169971  2.470E+01 2.470E+01  04:18:58 1.137E-05         803  3.061E+04 -1.397E+08
INSTANCE WITH CRITICAL ELEMENT: PART-1-1
  2186236  2.488E+01 2.488E+01  04:20:58 1.137E-05         803  3.061E+04 -1.413E+08
INSTANCE WITH CRITICAL ELEMENT: PART-1-1
  2196619  2.500E+01 2.500E+01  04:22:15 1.137E-05         803  3.062E+04 -1.424E+08
INSTANCE WITH CRITICAL ELEMENT: PART-1-1
ODB Field Frame Number      5 of     20 requested intervals at  2.500001E+01
  2212906  2.519E+01 2.519E+01  04:24:15 1.137E-05         803  3.062E+04 -1.440E+08
INSTANCE WITH CRITICAL ELEMENT: PART-1-1
  2229202  2.537E+01 2.537E+01  04:26:15 1.137E-05         803  3.062E+04 -1.456E+08
INSTANCE WITH CRITICAL ELEMENT: PART-1-1
  2245498  2.556E+01 2.556E+01  04:28:15 1.137E-05         803  3.063E+04 -1.472E+08
INSTANCE WITH CRITICAL ELEMENT: PART-1-1
  2261773  2.574E+01 2.574E+01  04:30:15 1.137E-05         803  3.063E+04 -1.488E+08
INSTANCE WITH CRITICAL ELEMENT: PART-1-1
  2278060  2.593E+01 2.593E+01  04:32:15 1.137E-05         803  3.063E+04 -1.504E+08
INSTANCE WITH CRITICAL ELEMENT: PART-1-1
  2294345  2.611E+01 2.611E+01  04:34:15 1.137E-05         803  3.063E+04 -1.520E+08
INSTANCE WITH CRITICAL ELEMENT: PART-1-1
  2310620  2.630E+01 2.630E+01  04:36:15 1.137E-05         803  3.063E+04 -1.536E+08
INSTANCE WITH CRITICAL ELEMENT: PART-1-1
  2326877  2.648E+01 2.648E+01  04:38:15 1.137E-05         803  3.063E+04 -1.552E+08
INSTANCE WITH CRITICAL ELEMENT: PART-1-1
  2343158  2.667E+01 2.667E+01  04:40:15 1.137E-05         803  3.063E+04 -1.568E+08
INSTANCE WITH CRITICAL ELEMENT: PART-1-1
  2359464  2.685E+01 2.685E+01  04:42:15 1.137E-05         803  3.062E+04 -1.584E+08
INSTANCE WITH CRITICAL ELEMENT: PART-1-1
  2376122  2.704E+01 2.704E+01  04:44:15 1.137E-05         803  3.062E+04 -1.601E+08
INSTANCE WITH CRITICAL ELEMENT: PART-1-1
  2392407  2.723E+01 2.723E+01  04:46:15 1.137E-05         803  3.062E+04 -1.617E+08
INSTANCE WITH CRITICAL ELEMENT: PART-1-1
  2408909  2.741E+01 2.741E+01  04:48:15 1.137E-05         803  3.061E+04 -1.633E+08
INSTANCE WITH CRITICAL ELEMENT: PART-1-1
  2425510  2.760E+01 2.760E+01  04:50:15 1.137E-05         803  3.061E+04 -1.650E+08
INSTANCE WITH CRITICAL ELEMENT: PART-1-1
  2442163  2.779E+01 2.779E+01  04:52:15 1.137E-05         803  3.060E+04 -1.666E+08
INSTANCE WITH CRITICAL ELEMENT: PART-1-1
  2458772  2.798E+01 2.798E+01  04:54:15 1.137E-05         803  3.060E+04 -1.683E+08
INSTANCE WITH CRITICAL ELEMENT: PART-1-1
  2475001  2.817E+01 2.817E+01  04:56:15 1.137E-05         803  3.060E+04 -1.700E+08
INSTANCE WITH CRITICAL ELEMENT: PART-1-1
  2491318  2.835E+01 2.835E+01  04:58:15 1.137E-05         803  3.059E+04 -1.716E+08
INSTANCE WITH CRITICAL ELEMENT: PART-1-1
  2507904  2.854E+01 2.854E+01  05:00:15 1.137E-05         803  3.059E+04 -1.733E+08
INSTANCE WITH CRITICAL ELEMENT: PART-1-1
  2524346  2.873E+01 2.873E+01  05:02:15 1.137E-05         803  3.059E+04 -1.750E+08
INSTANCE WITH CRITICAL ELEMENT: PART-1-1
  2540564  2.891E+01 2.891E+01  05:04:15 1.137E-05         803  3.059E+04 -1.767E+08
INSTANCE WITH CRITICAL ELEMENT: PART-1-1
  2556795  2.910E+01 2.910E+01  05:06:15 1.137E-05         803  3.060E+04 -1.783E+08
INSTANCE WITH CRITICAL ELEMENT: PART-1-1
  2573245  2.928E+01 2.928E+01  05:08:15 1.137E-05         803  3.060E+04 -1.800E+08
INSTANCE WITH CRITICAL ELEMENT: PART-1-1
  2589833  2.947E+01 2.947E+01  05:10:15 1.137E-05         803  3.061E+04 -1.817E+08
INSTANCE WITH CRITICAL ELEMENT: PART-1-1
  2606431  2.966E+01 2.966E+01  05:12:15 1.137E-05         803  3.061E+04 -1.835E+08
INSTANCE WITH CRITICAL ELEMENT: PART-1-1
  2623063  2.985E+01 2.985E+01  05:14:15 1.137E-05         803  3.061E+04 -1.852E+08
INSTANCE WITH CRITICAL ELEMENT: PART-1-1

 STEP 1  ORIGIN 0.0000

              STEP     TOTAL       CPU      STABLE    CRITICAL    KINETIC      TOTAL
INCREMENT     TIME      TIME      TIME   INCREMENT     ELEMENT     ENERGY     ENERGY
  2636279  3.000E+01 3.000E+01  05:15:50 1.137E-05         803  3.061E+04 -1.866E+08
INSTANCE WITH CRITICAL ELEMENT: PART-1-1
ODB Field Frame Number      6 of     20 requested intervals at  3.000001E+01
  2652852  3.019E+01 3.019E+01  05:17:50 1.137E-05         803  3.061E+04 -1.883E+08
INSTANCE WITH CRITICAL ELEMENT: PART-1-1
  2669380  3.038E+01 3.038E+01  05:19:50 1.137E-05         803  3.061E+04 -1.900E+08
INSTANCE WITH CRITICAL ELEMENT: PART-1-1
  2685761  3.056E+01 3.056E+01  05:21:50 1.137E-05         803  3.062E+04 -1.917E+08
INSTANCE WITH CRITICAL ELEMENT: PART-1-1
  2702369  3.075E+01 3.075E+01  05:23:50 1.137E-05         803  3.062E+04 -1.935E+08
INSTANCE WITH CRITICAL ELEMENT: PART-1-1
  2718648  3.094E+01 3.094E+01  05:25:50 1.137E-05         803  3.062E+04 -1.952E+08
INSTANCE WITH CRITICAL ELEMENT: PART-1-1
  2734987  3.112E+01 3.112E+01  05:27:50 1.137E-05         803  3.062E+04 -1.969E+08
INSTANCE WITH CRITICAL ELEMENT: PART-1-1
  2751494  3.131E+01 3.131E+01  05:29:50 1.137E-05         803  3.061E+04 -1.987E+08
INSTANCE WITH CRITICAL ELEMENT: PART-1-1
  2768036  3.150E+01 3.150E+01  05:31:50 1.137E-05         803  3.061E+04 -2.005E+08
INSTANCE WITH CRITICAL ELEMENT: PART-1-1
  2784599  3.169E+01 3.169E+01  05:33:50 1.137E-05         803  3.061E+04 -2.022E+08
INSTANCE WITH CRITICAL ELEMENT: PART-1-1
  2801114  3.187E+01 3.187E+01  05:35:50 1.137E-05         803  3.061E+04 -2.040E+08
INSTANCE WITH CRITICAL ELEMENT: PART-1-1
  2817565  3.206E+01 3.206E+01  05:37:50 1.137E-05         803  3.062E+04 -2.058E+08
INSTANCE WITH CRITICAL ELEMENT: PART-1-1
  2834064  3.225E+01 3.225E+01  05:39:50 1.137E-05         803  3.063E+04 -2.076E+08
INSTANCE WITH CRITICAL ELEMENT: PART-1-1
  2850623  3.244E+01 3.244E+01  05:41:50 1.137E-05         803  3.064E+04 -2.094E+08
INSTANCE WITH CRITICAL ELEMENT: PART-1-1
  2867200  3.263E+01 3.263E+01  05:43:50 1.137E-05         803  3.065E+04 -2.112E+08
INSTANCE WITH CRITICAL ELEMENT: PART-1-1
  2883712  3.281E+01 3.281E+01  05:45:50 1.137E-05         803  3.066E+04 -2.130E+08
INSTANCE WITH CRITICAL ELEMENT: PART-1-1
  2900265  3.300E+01 3.300E+01  05:47:50 1.137E-05         803  3.066E+04 -2.148E+08
INSTANCE WITH CRITICAL ELEMENT: PART-1-1
  2916739  3.319E+01 3.319E+01  05:49:50 1.137E-05         803  3.066E+04 -2.166E+08
INSTANCE WITH CRITICAL ELEMENT: PART-1-1
  2933177  3.338E+01 3.338E+01  05:51:50 1.137E-05         803  3.067E+04 -2.184E+08
INSTANCE WITH CRITICAL ELEMENT: PART-1-1
  2949677  3.356E+01 3.356E+01  05:53:50 1.137E-05         803  3.067E+04 -2.202E+08
INSTANCE WITH CRITICAL ELEMENT: PART-1-1
  2966149  3.375E+01 3.375E+01  05:55:50 1.137E-05         803  3.067E+04 -2.220E+08
INSTANCE WITH CRITICAL ELEMENT: PART-1-1
  2982650  3.394E+01 3.394E+01  05:57:50 1.137E-05         803  3.067E+04 -2.238E+08
INSTANCE WITH CRITICAL ELEMENT: PART-1-1
  2999187  3.413E+01 3.413E+01  05:59:50 1.137E-05         803  3.067E+04 -2.257E+08
INSTANCE WITH CRITICAL ELEMENT: PART-1-1
  3015576  3.431E+01 3.431E+01  06:01:50 1.137E-05         803  3.067E+04 -2.275E+08
INSTANCE WITH CRITICAL ELEMENT: PART-1-1
  3031778  3.450E+01 3.450E+01  06:03:50 1.137E-05         803  3.067E+04 -2.292E+08
INSTANCE WITH CRITICAL ELEMENT: PART-1-1
  3047993  3.468E+01 3.468E+01  06:05:50 1.137E-05         803  3.067E+04 -2.310E+08
INSTANCE WITH CRITICAL ELEMENT: PART-1-1
  3064210  3.487E+01 3.487E+01  06:07:50 1.137E-05         803  3.067E+04 -2.328E+08
INSTANCE WITH CRITICAL ELEMENT: PART-1-1
  3076024  3.500E+01 3.500E+01  06:09:18 1.137E-05         803  3.067E+04 -2.341E+08
INSTANCE WITH CRITICAL ELEMENT: PART-1-1
ODB Field Frame Number      7 of     20 requested intervals at  3.500001E+01
  3092227  3.518E+01 3.518E+01  06:11:18 1.137E-05         803  3.067E+04 -2.359E+08
INSTANCE WITH CRITICAL ELEMENT: PART-1-1
  3108456  3.537E+01 3.537E+01  06:13:18 1.137E-05         803  3.067E+04 -2.377E+08
INSTANCE WITH CRITICAL ELEMENT: PART-1-1
  3124682  3.555E+01 3.555E+01  06:15:18 1.137E-05         803  3.067E+04 -2.396E+08
INSTANCE WITH CRITICAL ELEMENT: PART-1-1
  3140988  3.574E+01 3.574E+01  06:17:18 1.137E-05         803  3.067E+04 -2.414E+08
INSTANCE WITH CRITICAL ELEMENT: PART-1-1
  3157497  3.593E+01 3.593E+01  06:19:18 1.137E-05         803  3.067E+04 -2.432E+08
INSTANCE WITH CRITICAL ELEMENT: PART-1-1
  3173999  3.611E+01 3.611E+01  06:21:18 1.137E-05         803  3.067E+04 -2.451E+08
INSTANCE WITH CRITICAL ELEMENT: PART-1-1
  3190481  3.630E+01 3.630E+01  06:23:18 1.137E-05         803  3.067E+04 -2.470E+08
INSTANCE WITH CRITICAL ELEMENT: PART-1-1
  3207011  3.649E+01 3.649E+01  06:25:18 1.137E-05         803  3.068E+04 -2.489E+08
INSTANCE WITH CRITICAL ELEMENT: PART-1-1
  3223556  3.668E+01 3.668E+01  06:27:18 1.137E-05         803  3.068E+04 -2.508E+08
INSTANCE WITH CRITICAL ELEMENT: PART-1-1
  3240088  3.687E+01 3.687E+01  06:29:18 1.137E-05         803  3.068E+04 -2.527E+08
INSTANCE WITH CRITICAL ELEMENT: PART-1-1
  3256664  3.705E+01 3.705E+01  06:31:18 1.137E-05         803  3.069E+04 -2.546E+08
INSTANCE WITH CRITICAL ELEMENT: PART-1-1
  3273178  3.724E+01 3.724E+01  06:33:18 1.137E-05         803  3.069E+04 -2.565E+08
INSTANCE WITH CRITICAL ELEMENT: PART-1-1

 STEP 1  ORIGIN 0.0000

              STEP     TOTAL       CPU      STABLE    CRITICAL    KINETIC      TOTAL
INCREMENT     TIME      TIME      TIME   INCREMENT     ELEMENT     ENERGY     ENERGY
  3289725  3.743E+01 3.743E+01  06:35:18 1.137E-05         803  3.069E+04 -2.585E+08
INSTANCE WITH CRITICAL ELEMENT: PART-1-1
  3306291  3.762E+01 3.762E+01  06:37:18 1.137E-05         803  3.070E+04 -2.604E+08
INSTANCE WITH CRITICAL ELEMENT: PART-1-1
  3322814  3.781E+01 3.781E+01  06:39:18 1.137E-05         803  3.070E+04 -2.624E+08
INSTANCE WITH CRITICAL ELEMENT: PART-1-1
  3339361  3.799E+01 3.799E+01  06:41:18 1.137E-05         803  3.070E+04 -2.644E+08
INSTANCE WITH CRITICAL ELEMENT: PART-1-1
  3355659  3.818E+01 3.818E+01  06:43:18 1.137E-05         803  3.071E+04 -2.663E+08
INSTANCE WITH CRITICAL ELEMENT: PART-1-1
  3372102  3.837E+01 3.837E+01  06:45:18 1.136E-05         803  3.071E+04 -2.683E+08
INSTANCE WITH CRITICAL ELEMENT: PART-1-1
  3388559  3.855E+01 3.855E+01  06:47:18 1.136E-05         803  3.071E+04 -2.703E+08
INSTANCE WITH CRITICAL ELEMENT: PART-1-1
  3405181  3.874E+01 3.874E+01  06:49:18 1.136E-05         803  3.071E+04 -2.724E+08
INSTANCE WITH CRITICAL ELEMENT: PART-1-1
  3421615  3.893E+01 3.893E+01  06:51:18 1.136E-05         803  3.071E+04 -2.744E+08
INSTANCE WITH CRITICAL ELEMENT: PART-1-1
  3437917  3.911E+01 3.911E+01  06:53:18 1.136E-05         803  3.072E+04 -2.764E+08
INSTANCE WITH CRITICAL ELEMENT: PART-1-1
  3454432  3.930E+01 3.930E+01  06:55:18 1.136E-05         803  3.072E+04 -2.785E+08
INSTANCE WITH CRITICAL ELEMENT: PART-1-1
  3470929  3.949E+01 3.949E+01  06:57:18 1.136E-05         803  3.072E+04 -2.806E+08
INSTANCE WITH CRITICAL ELEMENT: PART-1-1
  3487434  3.968E+01 3.968E+01  06:59:18 1.136E-05         803  3.072E+04 -2.827E+08
INSTANCE WITH CRITICAL ELEMENT: PART-1-1
  3503881  3.986E+01 3.986E+01  07:01:18 1.136E-05         803  3.072E+04 -2.848E+08
INSTANCE WITH CRITICAL ELEMENT: PART-1-1
  3515936  4.000E+01 4.000E+01  07:02:47 1.136E-05         803  3.072E+04 -2.863E+08
INSTANCE WITH CRITICAL ELEMENT: PART-1-1
ODB Field Frame Number      8 of     20 requested intervals at  4.000000E+01
  3532370  4.019E+01 4.019E+01  07:04:47 1.136E-05         803  3.072E+04 -2.884E+08
INSTANCE WITH CRITICAL ELEMENT: PART-1-1
  3548848  4.037E+01 4.037E+01  07:06:47 1.136E-05         803  3.072E+04 -2.906E+08
INSTANCE WITH CRITICAL ELEMENT: PART-1-1
  3565325  4.056E+01 4.056E+01  07:08:47 1.136E-05         803  3.072E+04 -2.927E+08
INSTANCE WITH CRITICAL ELEMENT: PART-1-1
  3581795  4.075E+01 4.075E+01  07:10:47 1.136E-05         803  3.073E+04 -2.949E+08
INSTANCE WITH CRITICAL ELEMENT: PART-1-1
  3598296  4.094E+01 4.094E+01  07:12:47 1.136E-05         803  3.073E+04 -2.971E+08
INSTANCE WITH CRITICAL ELEMENT: PART-1-1
  3614650  4.112E+01 4.112E+01  07:14:47 1.136E-05         803  3.073E+04 -2.993E+08
INSTANCE WITH CRITICAL ELEMENT: PART-1-1
  3630840  4.131E+01 4.131E+01  07:16:47 1.136E-05         803  3.073E+04 -3.015E+08
INSTANCE WITH CRITICAL ELEMENT: PART-1-1
  3647008  4.149E+01 4.149E+01  07:18:47 1.136E-05         803  3.073E+04 -3.037E+08
INSTANCE WITH CRITICAL ELEMENT: PART-1-1
  3663255  4.167E+01 4.167E+01  07:20:47 1.136E-05         803  3.074E+04 -3.059E+08
INSTANCE WITH CRITICAL ELEMENT: PART-1-1
  3679761  4.186E+01 4.186E+01  07:22:47 1.136E-05         803  3.074E+04 -3.082E+08
INSTANCE WITH CRITICAL ELEMENT: PART-1-1
  3696257  4.205E+01 4.205E+01  07:24:47 1.136E-05         803  3.074E+04 -3.105E+08
INSTANCE WITH CRITICAL ELEMENT: PART-1-1
  3712751  4.224E+01 4.224E+01  07:26:47 1.136E-05         803  3.074E+04 -3.128E+08
INSTANCE WITH CRITICAL ELEMENT: PART-1-1
  3729261  4.242E+01 4.242E+01  07:28:47 1.136E-05         803  3.075E+04 -3.152E+08
INSTANCE WITH CRITICAL ELEMENT: PART-1-1
  3745758  4.261E+01 4.261E+01  07:30:47 1.136E-05         803  3.075E+04 -3.175E+08
INSTANCE WITH CRITICAL ELEMENT: PART-1-1
  3762260  4.280E+01 4.280E+01  07:32:47 1.136E-05         803  3.075E+04 -3.199E+08
INSTANCE WITH CRITICAL ELEMENT: PART-1-1
  3778754  4.299E+01 4.299E+01  07:34:47 1.136E-05         803  3.075E+04 -3.223E+08
INSTANCE WITH CRITICAL ELEMENT: PART-1-1
  3795237  4.317E+01 4.317E+01  07:36:47 1.136E-05         803  3.075E+04 -3.248E+08
INSTANCE WITH CRITICAL ELEMENT: PART-1-1
  3811670  4.336E+01 4.336E+01  07:38:47 1.136E-05         803  3.076E+04 -3.272E+08
INSTANCE WITH CRITICAL ELEMENT: PART-1-1
  3828060  4.355E+01 4.355E+01  07:40:47 1.136E-05         803  3.076E+04 -3.297E+08
INSTANCE WITH CRITICAL ELEMENT: PART-1-1
  3844614  4.373E+01 4.373E+01  07:42:47 1.136E-05         803  3.076E+04 -3.322E+08
INSTANCE WITH CRITICAL ELEMENT: PART-1-1
  3861150  4.392E+01 4.392E+01  07:44:47 1.135E-05         803  3.076E+04 -3.348E+08
INSTANCE WITH CRITICAL ELEMENT: PART-1-1
  3877681  4.411E+01 4.411E+01  07:46:47 1.135E-05         803  3.076E+04 -3.374E+08
INSTANCE WITH CRITICAL ELEMENT: PART-1-1
  3894061  4.429E+01 4.429E+01  07:48:47 1.135E-05         803  3.077E+04 -3.400E+08
INSTANCE WITH CRITICAL ELEMENT: PART-1-1
  3910266  4.448E+01 4.448E+01  07:50:47 1.135E-05         803  3.077E+04 -3.425E+08
INSTANCE WITH CRITICAL ELEMENT: PART-1-1
  3926460  4.466E+01 4.466E+01  07:52:47 1.135E-05         803  3.077E+04 -3.451E+08
INSTANCE WITH CRITICAL ELEMENT: PART-1-1

 STEP 1  ORIGIN 0.0000

              STEP     TOTAL       CPU      STABLE    CRITICAL    KINETIC      TOTAL
INCREMENT     TIME      TIME      TIME   INCREMENT     ELEMENT     ENERGY     ENERGY
  3942656  4.485E+01 4.485E+01  07:54:47 1.135E-05         803  3.077E+04 -3.477E+08
INSTANCE WITH CRITICAL ELEMENT: PART-1-1
  3956179  4.500E+01 4.500E+01  07:56:25 1.135E-05         803  3.077E+04 -3.499E+08
INSTANCE WITH CRITICAL ELEMENT: PART-1-1
ODB Field Frame Number      9 of     20 requested intervals at  4.500000E+01
  3972536  4.519E+01 4.519E+01  07:58:25 1.135E-05         803  3.078E+04 -3.526E+08
INSTANCE WITH CRITICAL ELEMENT: PART-1-1
  3988742  4.537E+01 4.537E+01  08:00:25 1.135E-05         803  3.078E+04 -3.553E+08
INSTANCE WITH CRITICAL ELEMENT: PART-1-1
  4005153  4.556E+01 4.556E+01  08:02:25 1.135E-05         803  3.078E+04 -3.581E+08
INSTANCE WITH CRITICAL ELEMENT: PART-1-1
  4021639  4.574E+01 4.574E+01  08:04:25 1.135E-05         803  3.078E+04 -3.608E+08
INSTANCE WITH CRITICAL ELEMENT: PART-1-1
  4038141  4.593E+01 4.593E+01  08:06:25 1.135E-05         803  3.079E+04 -3.636E+08
INSTANCE WITH CRITICAL ELEMENT: PART-1-1
  4054341  4.611E+01 4.611E+01  08:08:25 1.135E-05         803  3.079E+04 -3.664E+08
INSTANCE WITH CRITICAL ELEMENT: PART-1-1
  4070797  4.630E+01 4.630E+01  08:10:25 1.135E-05         803  3.079E+04 -3.692E+08
INSTANCE WITH CRITICAL ELEMENT: PART-1-1
  4087334  4.649E+01 4.649E+01  08:12:25 1.135E-05         803  3.079E+04 -3.721E+08
INSTANCE WITH CRITICAL ELEMENT: PART-1-1
  4103924  4.668E+01 4.668E+01  08:14:25 1.135E-05         803  3.080E+04 -3.750E+08
INSTANCE WITH CRITICAL ELEMENT: PART-1-1
  4120508  4.687E+01 4.687E+01  08:16:25 1.135E-05         803  3.080E+04 -3.780E+08
INSTANCE WITH CRITICAL ELEMENT: PART-1-1
  4136875  4.705E+01 4.705E+01  08:18:25 1.135E-05         803  3.080E+04 -3.809E+08
INSTANCE WITH CRITICAL ELEMENT: PART-1-1
  4153115  4.724E+01 4.724E+01  08:20:25 1.135E-05         803  3.080E+04 -3.838E+08
INSTANCE WITH CRITICAL ELEMENT: PART-1-1
  4169354  4.742E+01 4.742E+01  08:22:25 1.135E-05         803  3.081E+04 -3.868E+08
INSTANCE WITH CRITICAL ELEMENT: PART-1-1
  4185772  4.761E+01 4.761E+01  08:24:25 1.135E-05         803  3.081E+04 -3.898E+08
INSTANCE WITH CRITICAL ELEMENT: PART-1-1
  4202307  4.779E+01 4.779E+01  08:26:25 1.135E-05         803  3.081E+04 -3.928E+08
INSTANCE WITH CRITICAL ELEMENT: PART-1-1
  4218590  4.798E+01 4.798E+01  08:28:25 1.135E-05         803  3.081E+04 -3.958E+08
INSTANCE WITH CRITICAL ELEMENT: PART-1-1
  4234779  4.816E+01 4.816E+01  08:30:25 1.135E-05         803  3.081E+04 -3.989E+08
INSTANCE WITH CRITICAL ELEMENT: PART-1-1
  4250965  4.835E+01 4.835E+01  08:32:25 1.135E-05         803  3.081E+04 -4.019E+08
INSTANCE WITH CRITICAL ELEMENT: PART-1-1
  4267149  4.853E+01 4.853E+01  08:34:25 1.135E-05         803  3.082E+04 -4.050E+08
INSTANCE WITH CRITICAL ELEMENT: PART-1-1
  4283400  4.871E+01 4.871E+01  08:36:25 1.135E-05         803  3.082E+04 -4.081E+08
INSTANCE WITH CRITICAL ELEMENT: PART-1-1
  4299893  4.890E+01 4.890E+01  08:38:25 1.135E-05         803  3.082E+04 -4.113E+08
INSTANCE WITH CRITICAL ELEMENT: PART-1-1
  4316256  4.909E+01 4.909E+01  08:40:25 1.135E-05         803  3.082E+04 -4.145E+08
INSTANCE WITH CRITICAL ELEMENT: PART-1-1
  4332506  4.927E+01 4.927E+01  08:42:25 1.135E-05         803  3.082E+04 -4.177E+08
INSTANCE WITH CRITICAL ELEMENT: PART-1-1
  4349009  4.946E+01 4.946E+01  08:44:25 1.135E-05         803  3.082E+04 -4.210E+08
INSTANCE WITH CRITICAL ELEMENT: PART-1-1
  4365545  4.965E+01 4.965E+01  08:46:25 1.135E-05         803  3.082E+04 -4.243E+08
INSTANCE WITH CRITICAL ELEMENT: PART-1-1
  4381803  4.983E+01 4.983E+01  08:48:25 1.135E-05         803  3.083E+04 -4.275E+08
INSTANCE WITH CRITICAL ELEMENT: PART-1-1
  4396702  5.000E+01 5.000E+01  08:50:16 1.135E-05         803  3.083E+04 -4.305E+08
INSTANCE WITH CRITICAL ELEMENT: PART-1-1
ODB Field Frame Number     10 of     20 requested intervals at  5.000001E+01
  4412892  5.018E+01 5.018E+01  08:52:16 1.135E-05         803  3.083E+04 -4.339E+08
INSTANCE WITH CRITICAL ELEMENT: PART-1-1
  4429086  5.037E+01 5.037E+01  08:54:16 1.135E-05         803  3.083E+04 -4.372E+08
INSTANCE WITH CRITICAL ELEMENT: PART-1-1
  4445273  5.055E+01 5.055E+01  08:56:16 1.135E-05         803  3.083E+04 -4.405E+08
INSTANCE WITH CRITICAL ELEMENT: PART-1-1
  4461353  5.073E+01 5.073E+01  08:58:16 1.135E-05         803  3.083E+04 -4.439E+08
INSTANCE WITH CRITICAL ELEMENT: PART-1-1
  4477555  5.092E+01 5.092E+01  09:00:16 1.135E-05         803  3.084E+04 -4.473E+08
INSTANCE WITH CRITICAL ELEMENT: PART-1-1
  4493749  5.110E+01 5.110E+01  09:02:16 1.135E-05         803  3.084E+04 -4.507E+08
INSTANCE WITH CRITICAL ELEMENT: PART-1-1
  4509932  5.128E+01 5.128E+01  09:04:16 1.134E-05         803  3.084E+04 -4.542E+08
INSTANCE WITH CRITICAL ELEMENT: PART-1-1
  4526315  5.147E+01 5.147E+01  09:06:16 1.134E-05         803  3.084E+04 -4.577E+08
INSTANCE WITH CRITICAL ELEMENT: PART-1-1
  4542883  5.166E+01 5.166E+01  09:08:16 1.134E-05         803  3.084E+04 -4.613E+08
INSTANCE WITH CRITICAL ELEMENT: PART-1-1
  4559440  5.185E+01 5.185E+01  09:10:16 1.134E-05         803  3.084E+04 -4.649E+08
INSTANCE WITH CRITICAL ELEMENT: PART-1-1
  4575992  5.203E+01 5.203E+01  09:12:16 1.134E-05         803  3.085E+04 -4.686E+08
INSTANCE WITH CRITICAL ELEMENT: PART-1-1

 STEP 1  ORIGIN 0.0000

              STEP     TOTAL       CPU      STABLE    CRITICAL    KINETIC      TOTAL
INCREMENT     TIME      TIME      TIME   INCREMENT     ELEMENT     ENERGY     ENERGY
  4592530  5.222E+01 5.222E+01  09:14:16 1.134E-05         803  3.085E+04 -4.723E+08
INSTANCE WITH CRITICAL ELEMENT: PART-1-1
  4609059  5.241E+01 5.241E+01  09:16:16 1.134E-05         803  3.085E+04 -4.760E+08
INSTANCE WITH CRITICAL ELEMENT: PART-1-1
  4625185  5.259E+01 5.259E+01  09:18:16 1.134E-05         803  3.085E+04 -4.796E+08
INSTANCE WITH CRITICAL ELEMENT: PART-1-1
  4641392  5.278E+01 5.278E+01  09:20:16 1.134E-05         803  3.085E+04 -4.833E+08
INSTANCE WITH CRITICAL ELEMENT: PART-1-1
  4657568  5.296E+01 5.296E+01  09:22:16 1.134E-05         803  3.085E+04 -4.870E+08
INSTANCE WITH CRITICAL ELEMENT: PART-1-1
  4673761  5.314E+01 5.314E+01  09:24:16 1.134E-05         803  3.086E+04 -4.907E+08
INSTANCE WITH CRITICAL ELEMENT: PART-1-1
  4689963  5.333E+01 5.333E+01  09:26:16 1.134E-05         803  3.086E+04 -4.945E+08
INSTANCE WITH CRITICAL ELEMENT: PART-1-1
  4706203  5.351E+01 5.351E+01  09:28:16 1.134E-05         803  3.086E+04 -4.983E+08
INSTANCE WITH CRITICAL ELEMENT: PART-1-1
  4722701  5.370E+01 5.370E+01  09:30:16 1.134E-05         803  3.087E+04 -5.022E+08
INSTANCE WITH CRITICAL ELEMENT: PART-1-1
  4739097  5.388E+01 5.388E+01  09:32:16 1.134E-05         803  3.087E+04 -5.061E+08
INSTANCE WITH CRITICAL ELEMENT: PART-1-1
  4755323  5.407E+01 5.407E+01  09:34:16 1.134E-05         803  3.087E+04 -5.100E+08
INSTANCE WITH CRITICAL ELEMENT: PART-1-1
  4771860  5.426E+01 5.426E+01  09:36:16 1.134E-05         803  3.087E+04 -5.140E+08
INSTANCE WITH CRITICAL ELEMENT: PART-1-1
  4788404  5.444E+01 5.444E+01  09:38:16 1.134E-05         803  3.087E+04 -5.180E+08
INSTANCE WITH CRITICAL ELEMENT: PART-1-1
  4804913  5.463E+01 5.463E+01  09:40:16 1.134E-05         803  3.088E+04 -5.221E+08
INSTANCE WITH CRITICAL ELEMENT: PART-1-1
  4821227  5.482E+01 5.482E+01  09:42:16 1.134E-05         803  3.088E+04 -5.261E+08
INSTANCE WITH CRITICAL ELEMENT: PART-1-1
  4837499  5.500E+01 5.500E+01  09:44:13 1.134E-05         803  3.088E+04 -5.302E+08
INSTANCE WITH CRITICAL ELEMENT: PART-1-1
ODB Field Frame Number     11 of     20 requested intervals at  5.500000E+01
  4854114  5.519E+01 5.519E+01  09:46:13 1.134E-05         803  3.088E+04 -5.343E+08
INSTANCE WITH CRITICAL ELEMENT: PART-1-1
  4870615  5.538E+01 5.538E+01  09:48:13 1.134E-05         803  3.088E+04 -5.385E+08
INSTANCE WITH CRITICAL ELEMENT: PART-1-1
  4887091  5.556E+01 5.556E+01  09:50:13 1.134E-05         803  3.088E+04 -5.427E+08
INSTANCE WITH CRITICAL ELEMENT: PART-1-1
  4903626  5.575E+01 5.575E+01  09:52:13 1.134E-05         803  3.088E+04 -5.470E+08
INSTANCE WITH CRITICAL ELEMENT: PART-1-1
  4920223  5.594E+01 5.594E+01  09:54:13 1.134E-05         803  3.089E+04 -5.512E+08
INSTANCE WITH CRITICAL ELEMENT: PART-1-1
  4936737  5.613E+01 5.613E+01  09:56:13 1.134E-05         803  3.089E+04 -5.556E+08
INSTANCE WITH CRITICAL ELEMENT: PART-1-1
  4953344  5.631E+01 5.631E+01  09:58:13 1.134E-05         803  3.089E+04 -5.599E+08
INSTANCE WITH CRITICAL ELEMENT: PART-1-1
  4969943  5.650E+01 5.650E+01  10:00:13 1.134E-05         803  3.089E+04 -5.643E+08
INSTANCE WITH CRITICAL ELEMENT: PART-1-1
  4986474  5.669E+01 5.669E+01  10:02:13 1.134E-05         803  3.089E+04 -5.687E+08
INSTANCE WITH CRITICAL ELEMENT: PART-1-1
  5003041  5.688E+01 5.688E+01  10:04:13 1.134E-05         803  3.089E+04 -5.731E+08
INSTANCE WITH CRITICAL ELEMENT: PART-1-1
  5019612  5.706E+01 5.706E+01  10:06:13 1.134E-05         803  3.089E+04 -5.776E+08
INSTANCE WITH CRITICAL ELEMENT: PART-1-1
  5035838  5.725E+01 5.725E+01  10:08:13 1.134E-05         803  3.090E+04 -5.820E+08
INSTANCE WITH CRITICAL ELEMENT: PART-1-1
  5052066  5.743E+01 5.743E+01  10:10:13 1.133E-05         803  3.090E+04 -5.865E+08
INSTANCE WITH CRITICAL ELEMENT: PART-1-1
  5068460  5.762E+01 5.762E+01  10:12:13 1.133E-05         803  3.090E+04 -5.910E+08
INSTANCE WITH CRITICAL ELEMENT: PART-1-1
  5085064  5.781E+01 5.781E+01  10:14:13 1.133E-05         803  3.090E+04 -5.956E+08
INSTANCE WITH CRITICAL ELEMENT: PART-1-1
  5101646  5.799E+01 5.799E+01  10:16:13 1.133E-05         803  3.090E+04 -6.003E+08
INSTANCE WITH CRITICAL ELEMENT: PART-1-1
  5118225  5.818E+01 5.818E+01  10:18:13 1.133E-05         803  3.091E+04 -6.050E+08
INSTANCE WITH CRITICAL ELEMENT: PART-1-1
  5134745  5.837E+01 5.837E+01  10:20:13 1.133E-05         803  3.091E+04 -6.097E+08
INSTANCE WITH CRITICAL ELEMENT: PART-1-1
  5151260  5.856E+01 5.856E+01  10:22:13 1.133E-05         803  3.091E+04 -6.144E+08
INSTANCE WITH CRITICAL ELEMENT: PART-1-1
  5167715  5.874E+01 5.874E+01  10:24:13 1.133E-05         803  3.091E+04 -6.192E+08
INSTANCE WITH CRITICAL ELEMENT: PART-1-1
  5183945  5.893E+01 5.893E+01  10:26:13 1.133E-05         803  3.092E+04 -6.239E+08
INSTANCE WITH CRITICAL ELEMENT: PART-1-1
  5200511  5.911E+01 5.911E+01  10:28:13 1.133E-05         803  3.092E+04 -6.287E+08
INSTANCE WITH CRITICAL ELEMENT: PART-1-1
  5217088  5.930E+01 5.930E+01  10:30:13 1.133E-05         803  3.092E+04 -6.336E+08
INSTANCE WITH CRITICAL ELEMENT: PART-1-1
  5233387  5.949E+01 5.949E+01  10:32:13 1.133E-05         803  3.092E+04 -6.385E+08
INSTANCE WITH CRITICAL ELEMENT: PART-1-1

 STEP 1  ORIGIN 0.0000

              STEP     TOTAL       CPU      STABLE    CRITICAL    KINETIC      TOTAL
INCREMENT     TIME      TIME      TIME   INCREMENT     ELEMENT     ENERGY     ENERGY
  5249640  5.967E+01 5.967E+01  10:34:13 1.133E-05         803  3.093E+04 -6.433E+08
INSTANCE WITH CRITICAL ELEMENT: PART-1-1
  5265863  5.986E+01 5.986E+01  10:36:13 1.133E-05         803  3.093E+04 -6.482E+08
INSTANCE WITH CRITICAL ELEMENT: PART-1-1
  5278616  6.000E+01 6.000E+01  10:37:47 1.133E-05         803  3.093E+04 -6.521E+08
INSTANCE WITH CRITICAL ELEMENT: PART-1-1
ODB Field Frame Number     12 of     20 requested intervals at  6.000000E+01
  5295130  6.019E+01 6.019E+01  10:39:47 1.133E-05         803  3.093E+04 -6.571E+08
INSTANCE WITH CRITICAL ELEMENT: PART-1-1
  5311651  6.037E+01 6.037E+01  10:41:47 1.133E-05         803  3.094E+04 -6.622E+08
INSTANCE WITH CRITICAL ELEMENT: PART-1-1
  5328261  6.056E+01 6.056E+01  10:43:47 1.133E-05         803  3.094E+04 -6.673E+08
INSTANCE WITH CRITICAL ELEMENT: PART-1-1
  5344855  6.075E+01 6.075E+01  10:45:47 1.133E-05         803  3.094E+04 -6.725E+08
INSTANCE WITH CRITICAL ELEMENT: PART-1-1
  5361450  6.094E+01 6.094E+01  10:47:47 1.133E-05         803  3.094E+04 -6.777E+08
INSTANCE WITH CRITICAL ELEMENT: PART-1-1
  5378015  6.113E+01 6.113E+01  10:49:47 1.133E-05         803  3.094E+04 -6.829E+08
INSTANCE WITH CRITICAL ELEMENT: PART-1-1
  5394583  6.131E+01 6.131E+01  10:51:47 1.133E-05         803  3.095E+04 -6.881E+08
INSTANCE WITH CRITICAL ELEMENT: PART-1-1
  5411152  6.150E+01 6.150E+01  10:53:47 1.133E-05         803  3.095E+04 -6.934E+08
INSTANCE WITH CRITICAL ELEMENT: PART-1-1
  5427721  6.169E+01 6.169E+01  10:55:47 1.133E-05         803  3.095E+04 -6.988E+08
INSTANCE WITH CRITICAL ELEMENT: PART-1-1
  5444165  6.188E+01 6.188E+01  10:57:47 1.133E-05         803  3.095E+04 -7.041E+08
INSTANCE WITH CRITICAL ELEMENT: PART-1-1
  5460637  6.206E+01 6.206E+01  10:59:47 1.133E-05         803  3.095E+04 -7.095E+08
INSTANCE WITH CRITICAL ELEMENT: PART-1-1
  5477222  6.225E+01 6.225E+01  11:01:47 1.133E-05         803  3.096E+04 -7.149E+08
INSTANCE WITH CRITICAL ELEMENT: PART-1-1
  5493832  6.244E+01 6.244E+01  11:03:47 1.133E-05         803  3.096E+04 -7.204E+08
INSTANCE WITH CRITICAL ELEMENT: PART-1-1
  5510378  6.263E+01 6.263E+01  11:05:47 1.133E-05         803  3.096E+04 -7.259E+08
INSTANCE WITH CRITICAL ELEMENT: PART-1-1
  5526581  6.281E+01 6.281E+01  11:07:47 1.133E-05         803  3.092E+04 -7.314E+08
INSTANCE WITH CRITICAL ELEMENT: PART-1-1
  5542774  6.299E+01 6.299E+01  11:09:47 1.133E-05         803  3.091E+04 -7.368E+08
INSTANCE WITH CRITICAL ELEMENT: PART-1-1
  5558965  6.318E+01 6.318E+01  11:11:47 1.132E-05         803  3.091E+04 -7.423E+08
INSTANCE WITH CRITICAL ELEMENT: PART-1-1
  5575266  6.336E+01 6.336E+01  11:13:47 1.132E-05         803  3.092E+04 -7.479E+08
INSTANCE WITH CRITICAL ELEMENT: PART-1-1
  5591661  6.355E+01 6.355E+01  11:15:47 1.132E-05         803  3.092E+04 -7.535E+08
INSTANCE WITH CRITICAL ELEMENT: PART-1-1
  5607915  6.373E+01 6.373E+01  11:17:47 1.132E-05         803  3.092E+04 -7.591E+08
INSTANCE WITH CRITICAL ELEMENT: PART-1-1
  5624165  6.391E+01 6.391E+01  11:19:47 1.132E-05         803  3.095E+04 -7.648E+08
INSTANCE WITH CRITICAL ELEMENT: PART-1-1
  5640391  6.410E+01 6.410E+01  11:21:47 1.132E-05         803  3.097E+04 -7.705E+08
INSTANCE WITH CRITICAL ELEMENT: PART-1-1
  5656597  6.428E+01 6.428E+01  11:23:47 1.132E-05         803  3.097E+04 -7.762E+08
INSTANCE WITH CRITICAL ELEMENT: PART-1-1
  5672823  6.446E+01 6.446E+01  11:25:47 1.132E-05         803  3.097E+04 -7.819E+08
INSTANCE WITH CRITICAL ELEMENT: PART-1-1
  5689088  6.465E+01 6.465E+01  11:27:47 1.132E-05         803  3.098E+04 -7.878E+08
INSTANCE WITH CRITICAL ELEMENT: PART-1-1
  5705329  6.483E+01 6.483E+01  11:29:47 1.132E-05         803  3.093E+04 -7.936E+08
INSTANCE WITH CRITICAL ELEMENT: PART-1-1
  5720081  6.500E+01 6.500E+01  11:31:36 1.132E-05         803  3.093E+04 -7.990E+08
INSTANCE WITH CRITICAL ELEMENT: PART-1-1
ODB Field Frame Number     13 of     20 requested intervals at  6.500001E+01
  5736294  6.518E+01 6.518E+01  11:33:36 1.132E-05         803  3.092E+04 -8.049E+08
INSTANCE WITH CRITICAL ELEMENT: PART-1-1
  5752507  6.537E+01 6.537E+01  11:35:36 1.132E-05         803  3.090E+04 -8.109E+08
INSTANCE WITH CRITICAL ELEMENT: PART-1-1
  5768846  6.555E+01 6.555E+01  11:37:36 1.132E-05         803  3.090E+04 -8.169E+08
INSTANCE WITH CRITICAL ELEMENT: PART-1-1
  5785389  6.574E+01 6.574E+01  11:39:36 1.132E-05         803  3.092E+04 -8.231E+08
INSTANCE WITH CRITICAL ELEMENT: PART-1-1
  5801920  6.593E+01 6.593E+01  11:41:36 1.132E-05         803  3.093E+04 -8.294E+08
INSTANCE WITH CRITICAL ELEMENT: PART-1-1
  5818460  6.611E+01 6.611E+01  11:43:36 1.132E-05         803  3.093E+04 -8.356E+08
INSTANCE WITH CRITICAL ELEMENT: PART-1-1
  5834997  6.630E+01 6.630E+01  11:45:36 1.132E-05         803  3.097E+04 -8.420E+08
INSTANCE WITH CRITICAL ELEMENT: PART-1-1
  5851546  6.649E+01 6.649E+01  11:47:36 1.132E-05         803  3.098E+04 -8.483E+08
INSTANCE WITH CRITICAL ELEMENT: PART-1-1
  5868106  6.668E+01 6.668E+01  11:49:36 1.132E-05         803  3.099E+04 -8.548E+08
INSTANCE WITH CRITICAL ELEMENT: PART-1-1
  5884652  6.686E+01 6.686E+01  11:51:36 1.132E-05         803  3.094E+04 -8.612E+08
INSTANCE WITH CRITICAL ELEMENT: PART-1-1

 STEP 1  ORIGIN 0.0000

              STEP     TOTAL       CPU      STABLE    CRITICAL    KINETIC      TOTAL
INCREMENT     TIME      TIME      TIME   INCREMENT     ELEMENT     ENERGY     ENERGY
  5901190  6.705E+01 6.705E+01  11:53:36 1.132E-05         803  3.095E+04 -8.678E+08
INSTANCE WITH CRITICAL ELEMENT: PART-1-1
  5917701  6.724E+01 6.724E+01  11:55:36 1.132E-05         803  3.095E+04 -8.743E+08
INSTANCE WITH CRITICAL ELEMENT: PART-1-1
  5934107  6.742E+01 6.742E+01  11:57:36 1.132E-05         803  3.095E+04 -8.809E+08
INSTANCE WITH CRITICAL ELEMENT: PART-1-1
  5950441  6.761E+01 6.761E+01  11:59:36 1.132E-05         803  3.095E+04 -8.875E+08
INSTANCE WITH CRITICAL ELEMENT: PART-1-1
  5966616  6.779E+01 6.779E+01  12:01:36 1.132E-05         803  3.095E+04 -8.940E+08
INSTANCE WITH CRITICAL ELEMENT: PART-1-1
  5983111  6.798E+01 6.798E+01  12:03:36 1.132E-05         803  3.096E+04 -9.007E+08
INSTANCE WITH CRITICAL ELEMENT: PART-1-1
  5999338  6.816E+01 6.816E+01  12:05:36 1.132E-05         803  3.096E+04 -9.074E+08
INSTANCE WITH CRITICAL ELEMENT: PART-1-1
  6015808  6.835E+01 6.835E+01  12:07:36 1.132E-05         803  3.096E+04 -9.142E+08
INSTANCE WITH CRITICAL ELEMENT: PART-1-1
  6032359  6.853E+01 6.853E+01  12:09:36 1.132E-05         803  3.096E+04 -9.211E+08
INSTANCE WITH CRITICAL ELEMENT: PART-1-1
  6048910  6.872E+01 6.872E+01  12:11:36 1.132E-05         803  3.097E+04 -9.280E+08
INSTANCE WITH CRITICAL ELEMENT: PART-1-1
  6065487  6.891E+01 6.891E+01  12:13:36 1.132E-05         803  3.092E+04 -9.350E+08
INSTANCE WITH CRITICAL ELEMENT: PART-1-1
  6082012  6.910E+01 6.910E+01  12:15:36 1.132E-05         803  3.086E+04 -9.420E+08
INSTANCE WITH CRITICAL ELEMENT: PART-1-1
  6098553  6.928E+01 6.928E+01  12:17:36 1.131E-05         803  3.086E+04 -9.491E+08
INSTANCE WITH CRITICAL ELEMENT: PART-1-1
  6115078  6.947E+01 6.947E+01  12:19:36 1.131E-05         803  3.093E+04 -9.562E+08
INSTANCE WITH CRITICAL ELEMENT: PART-1-1
  6131605  6.966E+01 6.966E+01  12:21:36 1.131E-05         803  3.092E+04 -9.634E+08
INSTANCE WITH CRITICAL ELEMENT: PART-1-1
  6147967  6.984E+01 6.984E+01  12:23:36 1.131E-05         803  3.093E+04 -9.706E+08
INSTANCE WITH CRITICAL ELEMENT: PART-1-1
  6161870  7.000E+01 7.000E+01  12:25:19 1.131E-05         803  3.098E+04 -9.767E+08
INSTANCE WITH CRITICAL ELEMENT: PART-1-1
ODB Field Frame Number     14 of     20 requested intervals at  7.000001E+01
  6178228  7.019E+01 7.019E+01  12:27:19 1.131E-05         803  3.099E+04 -9.839E+08
INSTANCE WITH CRITICAL ELEMENT: PART-1-1
  6194758  7.037E+01 7.037E+01  12:29:19 1.131E-05         803  3.100E+04 -9.913E+08
INSTANCE WITH CRITICAL ELEMENT: PART-1-1
  6211256  7.056E+01 7.056E+01  12:31:19 1.131E-05         803  3.106E+04 -9.987E+08
INSTANCE WITH CRITICAL ELEMENT: PART-1-1
  6227740  7.075E+01 7.075E+01  12:33:19 1.131E-05         803  3.109E+04 -1.006E+09
INSTANCE WITH CRITICAL ELEMENT: PART-1-1
  6244236  7.093E+01 7.093E+01  12:35:19 1.131E-05         803  3.111E+04 -1.014E+09
INSTANCE WITH CRITICAL ELEMENT: PART-1-1
  6260735  7.112E+01 7.112E+01  12:37:19 1.131E-05         803  3.112E+04 -1.021E+09
INSTANCE WITH CRITICAL ELEMENT: PART-1-1
  6277211  7.130E+01 7.130E+01  12:39:19 1.131E-05         803  3.112E+04 -1.029E+09
INSTANCE WITH CRITICAL ELEMENT: PART-1-1
  6293692  7.149E+01 7.149E+01  12:41:19 1.131E-05         803  3.113E+04 -1.036E+09
INSTANCE WITH CRITICAL ELEMENT: PART-1-1
  6310186  7.168E+01 7.168E+01  12:43:19 1.131E-05         803  3.109E+04 -1.044E+09
INSTANCE WITH CRITICAL ELEMENT: PART-1-1
  6326688  7.186E+01 7.186E+01  12:45:19 1.131E-05         803  3.109E+04 -1.052E+09
INSTANCE WITH CRITICAL ELEMENT: PART-1-1
  6343189  7.205E+01 7.205E+01  12:47:19 1.131E-05         803  3.109E+04 -1.060E+09
INSTANCE WITH CRITICAL ELEMENT: PART-1-1
  6359620  7.224E+01 7.224E+01  12:49:19 1.131E-05         803  3.105E+04 -1.067E+09
INSTANCE WITH CRITICAL ELEMENT: PART-1-1
  6375954  7.242E+01 7.242E+01  12:51:19 1.131E-05         803  3.104E+04 -1.075E+09
INSTANCE WITH CRITICAL ELEMENT: PART-1-1
  6392086  7.260E+01 7.260E+01  12:53:19 1.131E-05         803  3.104E+04 -1.083E+09
INSTANCE WITH CRITICAL ELEMENT: PART-1-1
  6408524  7.279E+01 7.279E+01  12:55:19 1.131E-05         803  3.104E+04 -1.091E+09
INSTANCE WITH CRITICAL ELEMENT: PART-1-1
  6425019  7.298E+01 7.298E+01  12:57:19 1.131E-05         803  3.106E+04 -1.099E+09
INSTANCE WITH CRITICAL ELEMENT: PART-1-1
  6441532  7.316E+01 7.316E+01  12:59:19 1.131E-05         803  3.111E+04 -1.107E+09
INSTANCE WITH CRITICAL ELEMENT: PART-1-1
  6458000  7.335E+01 7.335E+01  13:01:19 1.131E-05         803  3.113E+04 -1.115E+09
INSTANCE WITH CRITICAL ELEMENT: PART-1-1
  6474229  7.353E+01 7.353E+01  13:03:19 1.131E-05         803  3.108E+04 -1.124E+09
INSTANCE WITH CRITICAL ELEMENT: PART-1-1
  6490357  7.372E+01 7.372E+01  13:05:19 1.131E-05         803  3.108E+04 -1.132E+09
INSTANCE WITH CRITICAL ELEMENT: PART-1-1
  6506511  7.390E+01 7.390E+01  13:07:19 1.131E-05         803  3.107E+04 -1.140E+09
INSTANCE WITH CRITICAL ELEMENT: PART-1-1
  6522748  7.408E+01 7.408E+01  13:09:19 1.131E-05         803  3.108E+04 -1.148E+09
INSTANCE WITH CRITICAL ELEMENT: PART-1-1
  6539235  7.427E+01 7.427E+01  13:11:19 1.131E-05         803  3.108E+04 -1.157E+09
INSTANCE WITH CRITICAL ELEMENT: PART-1-1

 STEP 1  ORIGIN 0.0000

              STEP     TOTAL       CPU      STABLE    CRITICAL    KINETIC      TOTAL
INCREMENT     TIME      TIME      TIME   INCREMENT     ELEMENT     ENERGY     ENERGY
  6555731  7.445E+01 7.445E+01  13:13:19 1.131E-05         803  3.108E+04 -1.165E+09
INSTANCE WITH CRITICAL ELEMENT: PART-1-1
  6572223  7.464E+01 7.464E+01  13:15:19 1.131E-05         803  3.109E+04 -1.174E+09
INSTANCE WITH CRITICAL ELEMENT: PART-1-1
  6588764  7.483E+01 7.483E+01  13:17:19 1.131E-05         803  3.115E+04 -1.182E+09
INSTANCE WITH CRITICAL ELEMENT: PART-1-1
  6603981  7.500E+01 7.500E+01  13:19:10 1.131E-05         803  3.116E+04 -1.190E+09
INSTANCE WITH CRITICAL ELEMENT: PART-1-1
ODB Field Frame Number     15 of     20 requested intervals at  7.500001E+01
  6620508  7.519E+01 7.519E+01  13:21:10 1.130E-05         803  3.116E+04 -1.199E+09
INSTANCE WITH CRITICAL ELEMENT: PART-1-1
  6637047  7.537E+01 7.537E+01  13:23:10 1.130E-05         803  3.117E+04 -1.208E+09
INSTANCE WITH CRITICAL ELEMENT: PART-1-1
  6653550  7.556E+01 7.556E+01  13:25:10 1.130E-05         803  3.117E+04 -1.217E+09
INSTANCE WITH CRITICAL ELEMENT: PART-1-1
  6670096  7.575E+01 7.575E+01  13:27:10 1.130E-05         803  3.118E+04 -1.226E+09
INSTANCE WITH CRITICAL ELEMENT: PART-1-1
  6686685  7.593E+01 7.593E+01  13:29:10 1.130E-05         803  3.118E+04 -1.235E+09
INSTANCE WITH CRITICAL ELEMENT: PART-1-1
  6703245  7.612E+01 7.612E+01  13:31:10 1.130E-05         803  3.119E+04 -1.244E+09
INSTANCE WITH CRITICAL ELEMENT: PART-1-1
  6719805  7.631E+01 7.631E+01  13:33:10 1.130E-05         803  3.119E+04 -1.253E+09
INSTANCE WITH CRITICAL ELEMENT: PART-1-1
  6736384  7.650E+01 7.650E+01  13:35:10 1.130E-05         803  3.115E+04 -1.262E+09
INSTANCE WITH CRITICAL ELEMENT: PART-1-1
  6752965  7.668E+01 7.668E+01  13:37:10 1.130E-05         803  3.114E+04 -1.271E+09
INSTANCE WITH CRITICAL ELEMENT: PART-1-1
  6769598  7.687E+01 7.687E+01  13:39:10 1.130E-05         803  3.114E+04 -1.280E+09
INSTANCE WITH CRITICAL ELEMENT: PART-1-1
  6786180  7.706E+01 7.706E+01  13:41:10 1.130E-05         803  3.114E+04 -1.290E+09
INSTANCE WITH CRITICAL ELEMENT: PART-1-1
  6802421  7.724E+01 7.724E+01  13:43:10 1.130E-05         803  3.115E+04 -1.299E+09
INSTANCE WITH CRITICAL ELEMENT: PART-1-1
  6818667  7.743E+01 7.743E+01  13:45:10 1.130E-05         803  3.115E+04 -1.308E+09
INSTANCE WITH CRITICAL ELEMENT: PART-1-1
  6834942  7.761E+01 7.761E+01  13:47:10 1.130E-05         803  3.115E+04 -1.318E+09
INSTANCE WITH CRITICAL ELEMENT: PART-1-1
  6851481  7.780E+01 7.780E+01  13:49:10 1.130E-05         803  3.116E+04 -1.327E+09
INSTANCE WITH CRITICAL ELEMENT: PART-1-1
  6868014  7.798E+01 7.798E+01  13:51:10 1.130E-05         803  3.116E+04 -1.337E+09
INSTANCE WITH CRITICAL ELEMENT: PART-1-1
  6884475  7.817E+01 7.817E+01  13:53:10 1.130E-05         803  3.116E+04 -1.346E+09
INSTANCE WITH CRITICAL ELEMENT: PART-1-1
  6901094  7.836E+01 7.836E+01  13:55:10 1.130E-05         803  3.117E+04 -1.356E+09
INSTANCE WITH CRITICAL ELEMENT: PART-1-1
  6917699  7.855E+01 7.855E+01  13:57:10 1.130E-05         803  3.117E+04 -1.366E+09
INSTANCE WITH CRITICAL ELEMENT: PART-1-1
  6934318  7.873E+01 7.873E+01  13:59:10 1.130E-05         803  3.117E+04 -1.376E+09
INSTANCE WITH CRITICAL ELEMENT: PART-1-1
  6950951  7.892E+01 7.892E+01  14:01:10 1.130E-05         803  3.118E+04 -1.386E+09
INSTANCE WITH CRITICAL ELEMENT: PART-1-1
  6967566  7.911E+01 7.911E+01  14:03:10 1.130E-05         803  3.118E+04 -1.396E+09
INSTANCE WITH CRITICAL ELEMENT: PART-1-1
  6984142  7.930E+01 7.930E+01  14:05:10 1.130E-05         803  3.118E+04 -1.406E+09
INSTANCE WITH CRITICAL ELEMENT: PART-1-1
  7000699  7.948E+01 7.948E+01  14:07:10 1.130E-05         803  3.122E+04 -1.416E+09
INSTANCE WITH CRITICAL ELEMENT: PART-1-1
  7017169  7.967E+01 7.967E+01  14:09:10 1.130E-05         803  3.123E+04 -1.426E+09
INSTANCE WITH CRITICAL ELEMENT: PART-1-1
  7033367  7.985E+01 7.985E+01  14:11:10 1.130E-05         803  3.124E+04 -1.436E+09
INSTANCE WITH CRITICAL ELEMENT: PART-1-1
  7046441  8.000E+01 8.000E+01  14:12:45 1.130E-05         803  3.125E+04 -1.444E+09
INSTANCE WITH CRITICAL ELEMENT: PART-1-1
ODB Field Frame Number     16 of     20 requested intervals at  8.000001E+01
  7062938  8.019E+01 8.019E+01  14:14:45 1.130E-05         803  3.125E+04 -1.454E+09
INSTANCE WITH CRITICAL ELEMENT: PART-1-1
  7079179  8.037E+01 8.037E+01  14:16:45 1.130E-05         803  3.126E+04 -1.464E+09
INSTANCE WITH CRITICAL ELEMENT: PART-1-1
  7095450  8.055E+01 8.055E+01  14:18:45 1.129E-05         803  3.126E+04 -1.475E+09
INSTANCE WITH CRITICAL ELEMENT: PART-1-1
  7111950  8.074E+01 8.074E+01  14:20:45 1.129E-05         803  3.127E+04 -1.485E+09
INSTANCE WITH CRITICAL ELEMENT: PART-1-1
  7128469  8.093E+01 8.093E+01  14:22:45 1.129E-05         803  3.127E+04 -1.496E+09
INSTANCE WITH CRITICAL ELEMENT: PART-1-1
  7144988  8.111E+01 8.111E+01  14:24:45 1.129E-05         803  3.127E+04 -1.506E+09
INSTANCE WITH CRITICAL ELEMENT: PART-1-1
  7161505  8.130E+01 8.130E+01  14:26:45 1.129E-05         803  3.128E+04 -1.517E+09
INSTANCE WITH CRITICAL ELEMENT: PART-1-1
  7178013  8.149E+01 8.149E+01  14:28:45 1.129E-05         803  3.128E+04 -1.527E+09
INSTANCE WITH CRITICAL ELEMENT: PART-1-1
  7194519  8.167E+01 8.167E+01  14:30:45 1.129E-05         803  3.129E+04 -1.538E+09
INSTANCE WITH CRITICAL ELEMENT: PART-1-1

 STEP 1  ORIGIN 0.0000

              STEP     TOTAL       CPU      STABLE    CRITICAL    KINETIC      TOTAL
INCREMENT     TIME      TIME      TIME   INCREMENT     ELEMENT     ENERGY     ENERGY
  7211067  8.186E+01 8.186E+01  14:32:45 1.129E-05         803  3.129E+04 -1.549E+09
INSTANCE WITH CRITICAL ELEMENT: PART-1-1
  7227638  8.205E+01 8.205E+01  14:34:45 1.129E-05         803  3.130E+04 -1.560E+09
INSTANCE WITH CRITICAL ELEMENT: PART-1-1
  7243917  8.223E+01 8.223E+01  14:36:45 1.129E-05         803  3.130E+04 -1.571E+09
INSTANCE WITH CRITICAL ELEMENT: PART-1-1
  7260326  8.242E+01 8.242E+01  14:38:45 1.129E-05         803  3.131E+04 -1.582E+09
INSTANCE WITH CRITICAL ELEMENT: PART-1-1
  7276873  8.260E+01 8.260E+01  14:40:45 1.129E-05         803  3.131E+04 -1.593E+09
INSTANCE WITH CRITICAL ELEMENT: PART-1-1
  7293398  8.279E+01 8.279E+01  14:42:45 1.129E-05         803  3.131E+04 -1.604E+09
INSTANCE WITH CRITICAL ELEMENT: PART-1-1
  7309918  8.298E+01 8.298E+01  14:44:45 1.129E-05         803  3.132E+04 -1.615E+09
INSTANCE WITH CRITICAL ELEMENT: PART-1-1
  7326446  8.316E+01 8.316E+01  14:46:45 1.129E-05         803  3.132E+04 -1.626E+09
INSTANCE WITH CRITICAL ELEMENT: PART-1-1
  7343002  8.335E+01 8.335E+01  14:48:45 1.129E-05         803  3.135E+04 -1.637E+09
INSTANCE WITH CRITICAL ELEMENT: PART-1-1
  7359579  8.354E+01 8.354E+01  14:50:45 1.129E-05         803  3.133E+04 -1.649E+09
INSTANCE WITH CRITICAL ELEMENT: PART-1-1
  7376147  8.372E+01 8.372E+01  14:52:45 1.129E-05         803  3.133E+04 -1.660E+09
INSTANCE WITH CRITICAL ELEMENT: PART-1-1
  7392720  8.391E+01 8.391E+01  14:54:45 1.129E-05         803  3.133E+04 -1.672E+09
INSTANCE WITH CRITICAL ELEMENT: PART-1-1
  7409120  8.410E+01 8.410E+01  14:56:45 1.129E-05         803  3.134E+04 -1.683E+09
INSTANCE WITH CRITICAL ELEMENT: PART-1-1
  7425299  8.428E+01 8.428E+01  14:58:45 1.129E-05         803  3.134E+04 -1.695E+09
INSTANCE WITH CRITICAL ELEMENT: PART-1-1
  7441669  8.446E+01 8.446E+01  15:00:45 1.129E-05         803  3.135E+04 -1.706E+09
INSTANCE WITH CRITICAL ELEMENT: PART-1-1
  7458007  8.465E+01 8.465E+01  15:02:45 1.129E-05         803  3.135E+04 -1.718E+09
INSTANCE WITH CRITICAL ELEMENT: PART-1-1
  7474432  8.483E+01 8.483E+01  15:04:45 1.129E-05         803  3.136E+04 -1.729E+09
INSTANCE WITH CRITICAL ELEMENT: PART-1-1
  7489270  8.500E+01 8.500E+01  15:06:32 1.129E-05         803  3.136E+04 -1.740E+09
INSTANCE WITH CRITICAL ELEMENT: PART-1-1
ODB Field Frame Number     17 of     20 requested intervals at  8.500001E+01
  7505659  8.518E+01 8.518E+01  15:08:32 1.129E-05         803  3.136E+04 -1.752E+09
INSTANCE WITH CRITICAL ELEMENT: PART-1-1
  7521932  8.537E+01 8.537E+01  15:10:32 1.129E-05         803  3.137E+04 -1.764E+09
INSTANCE WITH CRITICAL ELEMENT: PART-1-1
  7538076  8.555E+01 8.555E+01  15:12:32 1.129E-05         803  3.137E+04 -1.775E+09
INSTANCE WITH CRITICAL ELEMENT: PART-1-1
  7554308  8.573E+01 8.573E+01  15:14:32 1.129E-05         803  3.138E+04 -1.787E+09
INSTANCE WITH CRITICAL ELEMENT: PART-1-1
  7570682  8.592E+01 8.592E+01  15:16:32 1.128E-05         803  3.138E+04 -1.799E+09
INSTANCE WITH CRITICAL ELEMENT: PART-1-1
  7587093  8.610E+01 8.610E+01  15:18:32 1.128E-05         803  3.139E+04 -1.812E+09
INSTANCE WITH CRITICAL ELEMENT: PART-1-1
  7603647  8.629E+01 8.629E+01  15:20:32 1.128E-05         803  3.139E+04 -1.824E+09
INSTANCE WITH CRITICAL ELEMENT: PART-1-1
  7620236  8.648E+01 8.648E+01  15:22:32 1.128E-05         803  3.140E+04 -1.836E+09
INSTANCE WITH CRITICAL ELEMENT: PART-1-1
  7636471  8.666E+01 8.666E+01  15:24:32 1.128E-05         803  3.138E+04 -1.848E+09
INSTANCE WITH CRITICAL ELEMENT: PART-1-1
  7652679  8.684E+01 8.684E+01  15:26:32 1.128E-05         803  3.138E+04 -1.861E+09
INSTANCE WITH CRITICAL ELEMENT: PART-1-1
  7668896  8.703E+01 8.703E+01  15:28:32 1.128E-05         803  3.138E+04 -1.873E+09
INSTANCE WITH CRITICAL ELEMENT: PART-1-1
  7685131  8.721E+01 8.721E+01  15:30:32 1.128E-05         803  3.139E+04 -1.885E+09
INSTANCE WITH CRITICAL ELEMENT: PART-1-1
  7701504  8.739E+01 8.739E+01  15:32:32 1.128E-05         803  3.144E+04 -1.898E+09
INSTANCE WITH CRITICAL ELEMENT: PART-1-1
  7718013  8.758E+01 8.758E+01  15:34:32 1.128E-05         803  3.145E+04 -1.910E+09
INSTANCE WITH CRITICAL ELEMENT: PART-1-1
  7734523  8.777E+01 8.777E+01  15:36:32 1.128E-05         803  3.146E+04 -1.923E+09
INSTANCE WITH CRITICAL ELEMENT: PART-1-1
  7751054  8.795E+01 8.795E+01  15:38:32 1.128E-05         803  3.147E+04 -1.936E+09
INSTANCE WITH CRITICAL ELEMENT: PART-1-1
  7767559  8.814E+01 8.814E+01  15:40:32 1.128E-05         803  3.147E+04 -1.949E+09
INSTANCE WITH CRITICAL ELEMENT: PART-1-1
  7783976  8.833E+01 8.833E+01  15:42:32 1.128E-05         803  3.148E+04 -1.962E+09
INSTANCE WITH CRITICAL ELEMENT: PART-1-1
  7800542  8.851E+01 8.851E+01  15:44:32 1.128E-05         803  3.149E+04 -1.975E+09
INSTANCE WITH CRITICAL ELEMENT: PART-1-1
  7817055  8.870E+01 8.870E+01  15:46:32 1.128E-05         803  3.150E+04 -1.988E+09
INSTANCE WITH CRITICAL ELEMENT: PART-1-1
  7833584  8.888E+01 8.888E+01  15:48:32 1.128E-05         803  3.151E+04 -2.001E+09
INSTANCE WITH CRITICAL ELEMENT: PART-1-1
  7850144  8.907E+01 8.907E+01  15:50:32 1.128E-05         803  3.151E+04 -2.014E+09
INSTANCE WITH CRITICAL ELEMENT: PART-1-1

 STEP 1  ORIGIN 0.0000

              STEP     TOTAL       CPU      STABLE    CRITICAL    KINETIC      TOTAL
INCREMENT     TIME      TIME      TIME   INCREMENT     ELEMENT     ENERGY     ENERGY
  7866716  8.926E+01 8.926E+01  15:52:32 1.128E-05         803  3.152E+04 -2.028E+09
INSTANCE WITH CRITICAL ELEMENT: PART-1-1
  7883099  8.944E+01 8.944E+01  15:54:32 1.128E-05         803  3.153E+04 -2.041E+09
INSTANCE WITH CRITICAL ELEMENT: PART-1-1
  7899613  8.963E+01 8.963E+01  15:56:32 1.128E-05         803  3.153E+04 -2.055E+09
INSTANCE WITH CRITICAL ELEMENT: PART-1-1
  7916123  8.982E+01 8.982E+01  15:58:32 1.128E-05         803  3.154E+04 -2.068E+09
INSTANCE WITH CRITICAL ELEMENT: PART-1-1
  7932438  9.000E+01 9.000E+01  16:00:31 1.128E-05         803  3.154E+04 -2.082E+09
INSTANCE WITH CRITICAL ELEMENT: PART-1-1
ODB Field Frame Number     18 of     20 requested intervals at  9.000001E+01
  7948723  9.018E+01 9.018E+01  16:02:31 1.128E-05         803  3.155E+04 -2.095E+09
INSTANCE WITH CRITICAL ELEMENT: PART-1-1
  7965209  9.037E+01 9.037E+01  16:04:31 1.128E-05         803  3.155E+04 -2.109E+09
INSTANCE WITH CRITICAL ELEMENT: PART-1-1
  7981638  9.055E+01 9.055E+01  16:06:31 1.128E-05         803  3.156E+04 -2.122E+09
INSTANCE WITH CRITICAL ELEMENT: PART-1-1
  7998189  9.074E+01 9.074E+01  16:08:31 1.128E-05         803  3.157E+04 -2.136E+09
INSTANCE WITH CRITICAL ELEMENT: PART-1-1
  8014719  9.093E+01 9.093E+01  16:10:31 1.128E-05         803  3.158E+04 -2.150E+09
INSTANCE WITH CRITICAL ELEMENT: PART-1-1
  8031213  9.111E+01 9.111E+01  16:12:31 1.128E-05         803  3.158E+04 -2.164E+09
INSTANCE WITH CRITICAL ELEMENT: PART-1-1
  8047477  9.130E+01 9.130E+01  16:14:31 1.128E-05         803  3.159E+04 -2.178E+09
INSTANCE WITH CRITICAL ELEMENT: PART-1-1
  8063668  9.148E+01 9.148E+01  16:16:31 1.128E-05         803  3.160E+04 -2.192E+09
INSTANCE WITH CRITICAL ELEMENT: PART-1-1
  8079877  9.166E+01 9.166E+01  16:18:31 1.128E-05         803  3.161E+04 -2.206E+09
INSTANCE WITH CRITICAL ELEMENT: PART-1-1
  8096092  9.185E+01 9.185E+01  16:20:31 1.128E-05         803  3.162E+04 -2.220E+09
INSTANCE WITH CRITICAL ELEMENT: PART-1-1
  8112294  9.203E+01 9.203E+01  16:22:31 1.128E-05         803  3.163E+04 -2.234E+09
INSTANCE WITH CRITICAL ELEMENT: PART-1-1
  8128506  9.221E+01 9.221E+01  16:24:31 1.128E-05         803  3.164E+04 -2.249E+09
INSTANCE WITH CRITICAL ELEMENT: PART-1-1
  8144723  9.239E+01 9.239E+01  16:26:31 1.128E-05         803  3.169E+04 -2.263E+09
INSTANCE WITH CRITICAL ELEMENT: PART-1-1
  8161115  9.258E+01 9.258E+01  16:28:31 1.127E-05         803  3.171E+04 -2.277E+09
INSTANCE WITH CRITICAL ELEMENT: PART-1-1
  8177668  9.277E+01 9.277E+01  16:30:31 1.127E-05         803  3.172E+04 -2.292E+09
INSTANCE WITH CRITICAL ELEMENT: PART-1-1
  8194192  9.295E+01 9.295E+01  16:32:31 1.127E-05         803  3.173E+04 -2.307E+09
INSTANCE WITH CRITICAL ELEMENT: PART-1-1
  8210634  9.314E+01 9.314E+01  16:34:31 1.127E-05         803  3.173E+04 -2.321E+09
INSTANCE WITH CRITICAL ELEMENT: PART-1-1
  8227119  9.332E+01 9.332E+01  16:36:31 1.127E-05         803  3.174E+04 -2.336E+09
INSTANCE WITH CRITICAL ELEMENT: PART-1-1
  8243595  9.351E+01 9.351E+01  16:38:31 1.127E-05         803  3.174E+04 -2.351E+09
INSTANCE WITH CRITICAL ELEMENT: PART-1-1
  8259980  9.369E+01 9.369E+01  16:40:31 1.127E-05         803  3.175E+04 -2.366E+09
INSTANCE WITH CRITICAL ELEMENT: PART-1-1
  8276501  9.388E+01 9.388E+01  16:42:31 1.127E-05         803  3.175E+04 -2.381E+09
INSTANCE WITH CRITICAL ELEMENT: PART-1-1
  8293054  9.407E+01 9.407E+01  16:44:31 1.127E-05         803  3.179E+04 -2.396E+09
INSTANCE WITH CRITICAL ELEMENT: PART-1-1
  8309551  9.425E+01 9.425E+01  16:46:31 1.127E-05         803  3.183E+04 -2.411E+09
INSTANCE WITH CRITICAL ELEMENT: PART-1-1
  8326050  9.444E+01 9.444E+01  16:48:31 1.127E-05         803  3.182E+04 -2.427E+09
INSTANCE WITH CRITICAL ELEMENT: PART-1-1
  8342258  9.462E+01 9.462E+01  16:50:31 1.127E-05         803  3.182E+04 -2.442E+09
INSTANCE WITH CRITICAL ELEMENT: PART-1-1
  8358601  9.481E+01 9.481E+01  16:52:31 1.127E-05         803  3.182E+04 -2.457E+09
INSTANCE WITH CRITICAL ELEMENT: PART-1-1
  8375115  9.499E+01 9.499E+01  16:54:31 1.127E-05         803  3.181E+04 -2.472E+09
INSTANCE WITH CRITICAL ELEMENT: PART-1-1
  8375893  9.500E+01 9.500E+01  16:54:36 1.127E-05         803  3.181E+04 -2.473E+09
INSTANCE WITH CRITICAL ELEMENT: PART-1-1
ODB Field Frame Number     19 of     20 requested intervals at  9.500000E+01
  8392239  9.518E+01 9.518E+01  16:56:36 1.127E-05         803  3.179E+04 -2.488E+09
INSTANCE WITH CRITICAL ELEMENT: PART-1-1
  8408472  9.537E+01 9.537E+01  16:58:36 1.127E-05         803  3.183E+04 -2.504E+09
INSTANCE WITH CRITICAL ELEMENT: PART-1-1
  8424974  9.555E+01 9.555E+01  17:00:36 1.127E-05         803  3.185E+04 -2.519E+09
INSTANCE WITH CRITICAL ELEMENT: PART-1-1
  8441455  9.574E+01 9.574E+01  17:02:36 1.127E-05         803  3.185E+04 -2.535E+09
INSTANCE WITH CRITICAL ELEMENT: PART-1-1
  8457669  9.592E+01 9.592E+01  17:04:36 1.127E-05         803  3.186E+04 -2.551E+09
INSTANCE WITH CRITICAL ELEMENT: PART-1-1
  8474155  9.611E+01 9.611E+01  17:06:36 1.127E-05         803  3.186E+04 -2.566E+09
INSTANCE WITH CRITICAL ELEMENT: PART-1-1
  8490529  9.629E+01 9.629E+01  17:08:36 1.127E-05         803  3.187E+04 -2.582E+09
INSTANCE WITH CRITICAL ELEMENT: PART-1-1

 STEP 1  ORIGIN 0.0000

              STEP     TOTAL       CPU      STABLE    CRITICAL    KINETIC      TOTAL
INCREMENT     TIME      TIME      TIME   INCREMENT     ELEMENT     ENERGY     ENERGY
  8506971  9.648E+01 9.648E+01  17:10:36 1.127E-05         803  3.188E+04 -2.598E+09
INSTANCE WITH CRITICAL ELEMENT: PART-1-1
  8523459  9.666E+01 9.666E+01  17:12:36 1.127E-05         803  3.191E+04 -2.614E+09
INSTANCE WITH CRITICAL ELEMENT: PART-1-1
  8540368  9.685E+01 9.685E+01  17:14:36 1.127E-05         803  3.194E+04 -2.630E+09
INSTANCE WITH CRITICAL ELEMENT: PART-1-1
  8557537  9.705E+01 9.705E+01  17:16:36 1.127E-05         803  3.193E+04 -2.647E+09
INSTANCE WITH CRITICAL ELEMENT: PART-1-1
  8574668  9.724E+01 9.724E+01  17:18:36 1.127E-05         803  3.193E+04 -2.664E+09
INSTANCE WITH CRITICAL ELEMENT: PART-1-1
  8591795  9.743E+01 9.743E+01  17:20:36 1.127E-05         803  3.194E+04 -2.681E+09
INSTANCE WITH CRITICAL ELEMENT: PART-1-1
  8608915  9.763E+01 9.763E+01  17:22:36 1.127E-05         803  3.195E+04 -2.698E+09
INSTANCE WITH CRITICAL ELEMENT: PART-1-1
  8626027  9.782E+01 9.782E+01  17:24:36 1.127E-05         803  3.196E+04 -2.715E+09
INSTANCE WITH CRITICAL ELEMENT: PART-1-1
  8643149  9.801E+01 9.801E+01  17:26:36 1.127E-05         803  3.198E+04 -2.732E+09
INSTANCE WITH CRITICAL ELEMENT: PART-1-1
  8660261  9.820E+01 9.820E+01  17:28:36 1.127E-05         803  3.199E+04 -2.749E+09
INSTANCE WITH CRITICAL ELEMENT: PART-1-1
  8677372  9.840E+01 9.840E+01  17:30:36 1.127E-05         803  3.199E+04 -2.766E+09
INSTANCE WITH CRITICAL ELEMENT: PART-1-1
  8694492  9.859E+01 9.859E+01  17:32:36 1.127E-05         803  3.200E+04 -2.783E+09
INSTANCE WITH CRITICAL ELEMENT: PART-1-1
  8711611  9.878E+01 9.878E+01  17:34:36 1.127E-05         803  3.201E+04 -2.801E+09
INSTANCE WITH CRITICAL ELEMENT: PART-1-1
  8728735  9.898E+01 9.898E+01  17:36:36 1.127E-05         803  3.201E+04 -2.818E+09
INSTANCE WITH CRITICAL ELEMENT: PART-1-1
  8745859  9.917E+01 9.917E+01  17:38:36 1.127E-05         803  3.206E+04 -2.835E+09
INSTANCE WITH CRITICAL ELEMENT: PART-1-1
  8762991  9.936E+01 9.936E+01  17:40:36 1.127E-05         803  3.206E+04 -2.853E+09
INSTANCE WITH CRITICAL ELEMENT: PART-1-1
  8780127  9.956E+01 9.956E+01  17:42:36 1.127E-05         803  3.200E+04 -2.870E+09
INSTANCE WITH CRITICAL ELEMENT: PART-1-1
  8797279  9.975E+01 9.975E+01  17:44:36 1.127E-05         803  3.200E+04 -2.888E+09
INSTANCE WITH CRITICAL ELEMENT: PART-1-1
  8814411  9.994E+01 9.994E+01  17:46:36 1.127E-05         803  3.201E+04 -2.906E+09
INSTANCE WITH CRITICAL ELEMENT: PART-1-1
  8819606  1.000E+02 1.000E+02  17:47:13 1.127E-05         803  3.201E+04 -2.911E+09
INSTANCE WITH CRITICAL ELEMENT: PART-1-1
Restart Number  1 at 100.00
ODB Field Frame Number     20 of     20 requested intervals at  1.000000E+02

  THE ANALYSIS HAS COMPLETED SUCCESSFULLY

