Abaqus/Explicit 6.13-1                           DATE 15-Dec-2021  TIME 17:36:24
-------------------------------------------------------------------------------
 PREPROCESSOR WARNING MESSAGES
-------------------------------------------------------------------------------


***WARNING: There are 2 warning messages in the data (.dat) file.  Please
            check the data file for possible errors in the input file.


-------------------------------------------------------------------------------
  USER SUBROUTINE VUMAT
-------------------------------------------------------------------------------


***WARNING: A material defined in user subroutine VUMAT must be defined as
            purely elastic (using the initial elastic modulus) at the
            beginning of the analysis (stepTime=0). This is an informative
            message. It does not necessarily indicate that user subroutine
            VUMAT is incorrectly defined.


-------------------------------------------------------------------------------
 MODEL INFORMATION (IN GLOBAL X-Y COORDINATES)
-------------------------------------------------------------------------------

   Total mass in model = 1.18571E+07
   Center of mass of model = (-9.836151E-07,-2.967570E-05, 5.000000E-01)

    Moments of Inertia :
                 About Center of Mass              About Origin
      I(XX)          1.680634E+10                  1.680931E+10
      I(YY)          1.680687E+10                  1.680984E+10
      I(ZZ)          3.360729E+10                  3.360729E+10
      I(XY)         -1.078524E+05                 -1.078524E+05
      I(YZ)          5.940322E+03                  6.116256E+03
      I(ZX)          1.661154E+01                  2.244297E+01

-------------------------------------------------------------------------------
 STABLE TIME INCREMENT INFORMATION
-------------------------------------------------------------------------------


  The stable time increment estimate for each element is based on
  linearization about the initial state.


   Initial time increment = 6.78557E-06

   Statistics for all elements:
      Mean = 2.85018E-05
      Standard deviation = 2.11114E-05

   Most critical elements:
    Element number   Rank    Time increment   Increment ratio
    (Instance name)
   ----------------------------------------------------------
         781          1       6.785569E-06      1.000000E+00
    PART-1-1
         810          2       6.790874E-06      9.992188E-01
    PART-1-1
         803          3       6.962131E-06      9.746396E-01
    PART-1-1
         850          4       7.647219E-06      8.873250E-01
    PART-1-1
         833          5       7.648765E-06      8.871456E-01
    PART-1-1
         783          6       7.698692E-06      8.813924E-01
    PART-1-1
         809          7       7.712179E-06      8.798510E-01
    PART-1-1
         807          8       7.802331E-06      8.696848E-01
    PART-1-1
         853          9       7.902981E-06      8.586087E-01
    PART-1-1
         849         10       8.325949E-06      8.149904E-01
    PART-1-1


  Instance name for the most critical element will be printed if the critical
  element changes or at the beginning of a new page.



Abaqus/Explicit 6.13-1                           DATE 15-Dec-2021  TIME 17:36:27

The double precision Abaqus/Explicit executable will be used in this analysis.


-------------------------------------------------------------------------------
 SOLUTION PROGRESS
-------------------------------------------------------------------------------

 STEP 1  ORIGIN 0.0000

  Total memory used for step 1 is approximately 8.3 megabytes.
  Global time estimation algorithm will be used.
  Scaling factor:  1.0000
  Variable mass scaling factor at zero increment: 1.0000
              STEP     TOTAL       CPU      STABLE    CRITICAL    KINETIC      TOTAL
INCREMENT     TIME      TIME      TIME   INCREMENT     ELEMENT     ENERGY     ENERGY
        0  0.000E+00 0.000E+00  00:00:00 6.786E-06         781  3.453E+03  3.453E+03
INSTANCE WITH CRITICAL ELEMENT: PART-1-1
ODB Field Frame Number      0 of     20 requested intervals at increment zero.

***WARNING: THE ANALYSIS NEEDS AN EXTREMELY LARGE NUMBER OF INCREMENTS (MORE
            THAN 2,000,000). CHECK THE PROPERTIES OF THE MOST CRITICAL
            ELEMENTS AND THE DATA FILE FOR WARNING MESSAGES.

    16293  1.846E-01 1.846E-01  00:02:00 1.133E-05         803  6.344E+04  3.037E+03
INSTANCE WITH CRITICAL ELEMENT: PART-1-1
    33244  3.767E-01 3.767E-01  00:04:00 1.133E-05         803  5.723E+04  1.092E+03
INSTANCE WITH CRITICAL ELEMENT: PART-1-1
    49927  5.657E-01 5.657E-01  00:06:00 1.133E-05         803  1.938E+04 -1.693E+03
INSTANCE WITH CRITICAL ELEMENT: PART-1-1
    66744  7.562E-01 7.562E-01  00:08:00 1.133E-05         803  2.152E+04 -6.112E+03
INSTANCE WITH CRITICAL ELEMENT: PART-1-1
    83543  9.465E-01 9.465E-01  00:10:00 1.133E-05         803  3.028E+04 -1.129E+04
INSTANCE WITH CRITICAL ELEMENT: PART-1-1
   100226  1.135E+00 1.135E+00  00:12:00 1.133E-05         803  5.030E+04 -1.790E+04
INSTANCE WITH CRITICAL ELEMENT: PART-1-1
   116926  1.325E+00 1.325E+00  00:14:00 1.133E-05         803  2.948E+04 -2.589E+04
INSTANCE WITH CRITICAL ELEMENT: PART-1-1
   133533  1.513E+00 1.513E+00  00:16:00 1.133E-05         803  2.190E+04 -3.464E+04
INSTANCE WITH CRITICAL ELEMENT: PART-1-1
   150470  1.705E+00 1.705E+00  00:18:00 1.133E-05         803  2.550E+04 -4.505E+04
INSTANCE WITH CRITICAL ELEMENT: PART-1-1
   167160  1.894E+00 1.894E+00  00:20:00 1.133E-05         803  4.350E+04 -5.648E+04
INSTANCE WITH CRITICAL ELEMENT: PART-1-1
   183683  2.081E+00 2.081E+00  00:22:00 1.133E-05         803  2.525E+04 -6.902E+04
INSTANCE WITH CRITICAL ELEMENT: PART-1-1
   200360  2.270E+00 2.270E+00  00:24:00 1.133E-05         803  2.556E+04 -8.271E+04
INSTANCE WITH CRITICAL ELEMENT: PART-1-1
   216937  2.457E+00 2.457E+00  00:26:00 1.133E-05         803  4.004E+04 -9.770E+04
INSTANCE WITH CRITICAL ELEMENT: PART-1-1
   233726  2.647E+00 2.647E+00  00:28:00 1.132E-05         803  3.178E+04 -1.142E+05
INSTANCE WITH CRITICAL ELEMENT: PART-1-1
   250256  2.835E+00 2.835E+00  00:30:00 1.132E-05         803  2.547E+04 -1.315E+05
INSTANCE WITH CRITICAL ELEMENT: PART-1-1
   267208  3.027E+00 3.027E+00  00:32:00 1.132E-05         803  2.780E+04 -1.505E+05
INSTANCE WITH CRITICAL ELEMENT: PART-1-1
   283897  3.216E+00 3.216E+00  00:34:00 1.132E-05         803  3.582E+04 -1.706E+05
INSTANCE WITH CRITICAL ELEMENT: PART-1-1
   300966  3.409E+00 3.409E+00  00:36:00 1.132E-05         803  3.622E+04 -1.923E+05
INSTANCE WITH CRITICAL ELEMENT: PART-1-1
   317462  3.596E+00 3.596E+00  00:38:00 1.132E-05         803  2.651E+04 -2.145E+05
INSTANCE WITH CRITICAL ELEMENT: PART-1-1
   334118  3.784E+00 3.784E+00  00:40:00 1.132E-05         803  3.120E+04 -2.382E+05
INSTANCE WITH CRITICAL ELEMENT: PART-1-1
   350895  3.974E+00 3.974E+00  00:42:00 1.132E-05         803  3.429E+04 -2.633E+05
INSTANCE WITH CRITICAL ELEMENT: PART-1-1
   367958  4.167E+00 4.167E+00  00:44:00 1.132E-05         803  3.324E+04 -2.902E+05
INSTANCE WITH CRITICAL ELEMENT: PART-1-1
   384660  4.357E+00 4.357E+00  00:46:00 1.132E-05         803  2.822E+04 -3.178E+05
INSTANCE WITH CRITICAL ELEMENT: PART-1-1
   401390  4.546E+00 4.546E+00  00:48:00 1.132E-05         803  2.809E+04 -3.466E+05
INSTANCE WITH CRITICAL ELEMENT: PART-1-1
   417328  4.726E+00 4.726E+00  00:50:00 1.132E-05         803  2.694E+04 -3.753E+05
INSTANCE WITH CRITICAL ELEMENT: PART-1-1
   434114  4.916E+00 4.916E+00  00:52:00 1.132E-05         803  2.867E+04 -4.067E+05
INSTANCE WITH CRITICAL ELEMENT: PART-1-1
   441494  5.000E+00 5.000E+00  00:52:53 1.132E-05         803  2.771E+04 -4.208E+05
INSTANCE WITH CRITICAL ELEMENT: PART-1-1
ODB Field Frame Number      1 of     20 requested intervals at  5.000006E+00
   458274  5.190E+00 5.190E+00  00:54:53 1.132E-05         803  2.961E+04 -4.541E+05
INSTANCE WITH CRITICAL ELEMENT: PART-1-1
   474932  5.379E+00 5.379E+00  00:56:53 1.132E-05         803  3.119E+04 -4.272E+05
INSTANCE WITH CRITICAL ELEMENT: PART-1-1
   491564  5.567E+00 5.567E+00  00:58:53 1.132E-05         803  2.886E+04 -2.977E+05
INSTANCE WITH CRITICAL ELEMENT: PART-1-1
   508337  5.757E+00 5.757E+00  01:00:53 1.132E-05         803  3.023E+04 -2.284E+05
INSTANCE WITH CRITICAL ELEMENT: PART-1-1
   524598  5.941E+00 5.941E+00  01:02:53 1.132E-05         803  2.906E+04 -2.322E+05
INSTANCE WITH CRITICAL ELEMENT: PART-1-1
   541541  6.133E+00 6.133E+00  01:04:53 1.132E-05         803  2.940E+04 -2.758E+05
INSTANCE WITH CRITICAL ELEMENT: PART-1-1
   557549  6.314E+00 6.314E+00  01:06:53 1.132E-05         803  3.228E+04 -3.084E+05
INSTANCE WITH CRITICAL ELEMENT: PART-1-1
   574214  6.502E+00 6.502E+00  01:08:53 1.132E-05         803  3.188E+04 -3.326E+05
INSTANCE WITH CRITICAL ELEMENT: PART-1-1
   591000  6.692E+00 6.692E+00  01:10:53 1.132E-05         803  3.058E+04 -3.319E+05
INSTANCE WITH CRITICAL ELEMENT: PART-1-1
   607495  6.879E+00 6.879E+00  01:12:53 1.132E-05         803  2.867E+04 -3.402E+05
INSTANCE WITH CRITICAL ELEMENT: PART-1-1
   624001  7.066E+00 7.066E+00  01:14:53 1.132E-05         803  3.190E+04 -4.092E+05
INSTANCE WITH CRITICAL ELEMENT: PART-1-1
   640380  7.251E+00 7.251E+00  01:16:53 1.132E-05         803  3.089E+04 -5.801E+05
INSTANCE WITH CRITICAL ELEMENT: PART-1-1

 STEP 1  ORIGIN 0.0000

              STEP     TOTAL       CPU      STABLE    CRITICAL    KINETIC      TOTAL
INCREMENT     TIME      TIME      TIME   INCREMENT     ELEMENT     ENERGY     ENERGY
   656838  7.438E+00 7.438E+00  01:18:53 1.132E-05         803  3.133E+04 -8.556E+05
INSTANCE WITH CRITICAL ELEMENT: PART-1-1
   673539  7.627E+00 7.627E+00  01:20:53 1.132E-05         803  3.204E+04 -1.221E+06
INSTANCE WITH CRITICAL ELEMENT: PART-1-1
   690038  7.813E+00 7.813E+00  01:22:53 1.132E-05         803  3.175E+04 -1.602E+06
INSTANCE WITH CRITICAL ELEMENT: PART-1-1
   706576  8.001E+00 8.001E+00  01:24:53 1.132E-05         803  3.320E+04 -1.828E+06
INSTANCE WITH CRITICAL ELEMENT: PART-1-1
   723172  8.188E+00 8.188E+00  01:26:53 1.132E-05         803  2.950E+04 -1.926E+06
INSTANCE WITH CRITICAL ELEMENT: PART-1-1
   739731  8.376E+00 8.376E+00  01:28:53 1.132E-05         803  3.166E+04 -1.959E+06
INSTANCE WITH CRITICAL ELEMENT: PART-1-1
   756313  8.564E+00 8.564E+00  01:30:53 1.132E-05         803  3.033E+04 -1.968E+06
INSTANCE WITH CRITICAL ELEMENT: PART-1-1
   773273  8.755E+00 8.755E+00  01:32:53 1.132E-05         803  3.103E+04 -1.986E+06
INSTANCE WITH CRITICAL ELEMENT: PART-1-1
   789911  8.944E+00 8.944E+00  01:34:53 1.132E-05         803  3.155E+04 -2.017E+06
INSTANCE WITH CRITICAL ELEMENT: PART-1-1
   806505  9.132E+00 9.132E+00  01:36:53 1.132E-05         803  3.128E+04 -2.065E+06
INSTANCE WITH CRITICAL ELEMENT: PART-1-1
   823039  9.319E+00 9.319E+00  01:38:53 1.132E-05         803  3.115E+04 -2.122E+06
INSTANCE WITH CRITICAL ELEMENT: PART-1-1
   839739  9.508E+00 9.508E+00  01:40:53 1.132E-05         803  3.097E+04 -2.182E+06
INSTANCE WITH CRITICAL ELEMENT: PART-1-1
   856349  9.696E+00 9.696E+00  01:42:53 1.132E-05         803  3.101E+04 -2.243E+06
INSTANCE WITH CRITICAL ELEMENT: PART-1-1
   872985  9.884E+00 9.884E+00  01:44:53 1.132E-05         803  3.092E+04 -2.300E+06
INSTANCE WITH CRITICAL ELEMENT: PART-1-1
   883219  1.000E+01 1.000E+01  01:46:07 1.132E-05         803  3.091E+04 -2.337E+06
INSTANCE WITH CRITICAL ELEMENT: PART-1-1
ODB Field Frame Number      2 of     20 requested intervals at  1.000001E+01
   900183  1.019E+01 1.019E+01  01:48:07 1.132E-05         803  3.086E+04 -2.397E+06
INSTANCE WITH CRITICAL ELEMENT: PART-1-1
   917037  1.038E+01 1.038E+01  01:50:07 1.132E-05         803  3.084E+04 -2.456E+06
INSTANCE WITH CRITICAL ELEMENT: PART-1-1
   933573  1.057E+01 1.057E+01  01:52:07 1.132E-05         803  3.090E+04 -2.512E+06
INSTANCE WITH CRITICAL ELEMENT: PART-1-1
   950056  1.076E+01 1.076E+01  01:54:07 1.132E-05         803  3.088E+04 -2.567E+06
INSTANCE WITH CRITICAL ELEMENT: PART-1-1
   966571  1.094E+01 1.094E+01  01:56:07 1.132E-05         803  3.083E+04 -2.622E+06
INSTANCE WITH CRITICAL ELEMENT: PART-1-1
   983179  1.113E+01 1.113E+01  01:58:07 1.132E-05         803  3.085E+04 -2.678E+06
INSTANCE WITH CRITICAL ELEMENT: PART-1-1
   999596  1.132E+01 1.132E+01  02:00:07 1.132E-05         803  3.078E+04 -2.728E+06
INSTANCE WITH CRITICAL ELEMENT: PART-1-1
  1016015  1.150E+01 1.150E+01  02:02:07 1.132E-05         803  3.080E+04 -2.779E+06
INSTANCE WITH CRITICAL ELEMENT: PART-1-1
  1032537  1.169E+01 1.169E+01  02:04:07 1.132E-05         803  3.083E+04 -2.832E+06
INSTANCE WITH CRITICAL ELEMENT: PART-1-1
  1049310  1.188E+01 1.188E+01  02:06:07 1.132E-05         803  3.080E+04 -2.886E+06
INSTANCE WITH CRITICAL ELEMENT: PART-1-1
  1066675  1.208E+01 1.208E+01  02:08:07 1.132E-05         803  3.077E+04 -2.943E+06
INSTANCE WITH CRITICAL ELEMENT: PART-1-1
  1084046  1.227E+01 1.227E+01  02:10:07 1.132E-05         803  3.081E+04 -3.003E+06
INSTANCE WITH CRITICAL ELEMENT: PART-1-1
  1100996  1.247E+01 1.247E+01  02:12:07 1.132E-05         803  3.078E+04 -3.062E+06
INSTANCE WITH CRITICAL ELEMENT: PART-1-1
  1118130  1.266E+01 1.266E+01  02:14:07 1.132E-05         803  3.077E+04 -3.125E+06
INSTANCE WITH CRITICAL ELEMENT: PART-1-1
  1135005  1.285E+01 1.285E+01  02:16:07 1.132E-05         803  3.077E+04 -3.188E+06
INSTANCE WITH CRITICAL ELEMENT: PART-1-1
  1151796  1.304E+01 1.304E+01  02:18:07 1.132E-05         803  3.077E+04 -3.251E+06
INSTANCE WITH CRITICAL ELEMENT: PART-1-1
  1168885  1.323E+01 1.323E+01  02:20:07 1.132E-05         803  3.076E+04 -3.316E+06
INSTANCE WITH CRITICAL ELEMENT: PART-1-1
  1186136  1.343E+01 1.343E+01  02:22:07 1.132E-05         803  3.074E+04 -3.382E+06
INSTANCE WITH CRITICAL ELEMENT: PART-1-1
  1203433  1.362E+01 1.362E+01  02:24:07 1.132E-05         803  3.075E+04 -3.449E+06
INSTANCE WITH CRITICAL ELEMENT: PART-1-1
  1220751  1.382E+01 1.382E+01  02:26:07 1.132E-05         803  3.072E+04 -3.517E+06
INSTANCE WITH CRITICAL ELEMENT: PART-1-1
  1237972  1.402E+01 1.402E+01  02:28:07 1.132E-05         803  3.075E+04 -3.584E+06
INSTANCE WITH CRITICAL ELEMENT: PART-1-1
  1255192  1.421E+01 1.421E+01  02:30:07 1.132E-05         803  3.076E+04 -3.649E+06
INSTANCE WITH CRITICAL ELEMENT: PART-1-1
  1272351  1.440E+01 1.440E+01  02:32:07 1.132E-05         803  3.079E+04 -3.714E+06
INSTANCE WITH CRITICAL ELEMENT: PART-1-1
  1289514  1.460E+01 1.460E+01  02:34:07 1.132E-05         803  3.077E+04 -3.779E+06
INSTANCE WITH CRITICAL ELEMENT: PART-1-1
  1306654  1.479E+01 1.479E+01  02:36:07 1.132E-05         803  3.073E+04 -3.845E+06
INSTANCE WITH CRITICAL ELEMENT: PART-1-1

 STEP 1  ORIGIN 0.0000

              STEP     TOTAL       CPU      STABLE    CRITICAL    KINETIC      TOTAL
INCREMENT     TIME      TIME      TIME   INCREMENT     ELEMENT     ENERGY     ENERGY
  1323853  1.499E+01 1.499E+01  02:38:07 1.132E-05         803  3.075E+04 -3.911E+06
INSTANCE WITH CRITICAL ELEMENT: PART-1-1
  1324958  1.500E+01 1.500E+01  02:38:14 1.132E-05         803  3.074E+04 -3.915E+06
INSTANCE WITH CRITICAL ELEMENT: PART-1-1
ODB Field Frame Number      3 of     20 requested intervals at  1.500000E+01
  1342347  1.520E+01 1.520E+01  02:40:14 1.132E-05         803  3.074E+04 -3.982E+06
INSTANCE WITH CRITICAL ELEMENT: PART-1-1
  1359650  1.539E+01 1.539E+01  02:42:14 1.132E-05         803  3.070E+04 -4.047E+06
INSTANCE WITH CRITICAL ELEMENT: PART-1-1
  1376986  1.559E+01 1.559E+01  02:44:14 1.132E-05         803  3.070E+04 -4.112E+06
INSTANCE WITH CRITICAL ELEMENT: PART-1-1
  1394326  1.579E+01 1.579E+01  02:46:14 1.132E-05         803  3.069E+04 -4.178E+06
INSTANCE WITH CRITICAL ELEMENT: PART-1-1
  1411642  1.598E+01 1.598E+01  02:48:14 1.132E-05         803  3.068E+04 -4.243E+06
INSTANCE WITH CRITICAL ELEMENT: PART-1-1
  1428975  1.618E+01 1.618E+01  02:50:14 1.132E-05         803  3.068E+04 -4.309E+06
INSTANCE WITH CRITICAL ELEMENT: PART-1-1
  1446302  1.637E+01 1.637E+01  02:52:14 1.132E-05         803  3.067E+04 -4.375E+06
INSTANCE WITH CRITICAL ELEMENT: PART-1-1
  1463603  1.657E+01 1.657E+01  02:54:14 1.132E-05         803  3.067E+04 -4.441E+06
INSTANCE WITH CRITICAL ELEMENT: PART-1-1
  1480911  1.677E+01 1.677E+01  02:56:14 1.132E-05         803  3.066E+04 -4.507E+06
INSTANCE WITH CRITICAL ELEMENT: PART-1-1
  1498217  1.696E+01 1.696E+01  02:58:14 1.132E-05         803  3.067E+04 -4.573E+06
INSTANCE WITH CRITICAL ELEMENT: PART-1-1
  1515237  1.715E+01 1.715E+01  03:00:14 1.132E-05         803  3.066E+04 -4.638E+06
INSTANCE WITH CRITICAL ELEMENT: PART-1-1
  1532228  1.735E+01 1.735E+01  03:02:14 1.132E-05         803  3.066E+04 -4.702E+06
INSTANCE WITH CRITICAL ELEMENT: PART-1-1
  1549556  1.754E+01 1.754E+01  03:04:14 1.132E-05         803  3.067E+04 -4.768E+06
INSTANCE WITH CRITICAL ELEMENT: PART-1-1
  1566859  1.774E+01 1.774E+01  03:06:14 1.132E-05         803  3.065E+04 -4.834E+06
INSTANCE WITH CRITICAL ELEMENT: PART-1-1
  1584175  1.793E+01 1.793E+01  03:08:14 1.132E-05         803  3.065E+04 -4.900E+06
INSTANCE WITH CRITICAL ELEMENT: PART-1-1
  1601466  1.813E+01 1.813E+01  03:10:14 1.132E-05         803  3.064E+04 -4.967E+06
INSTANCE WITH CRITICAL ELEMENT: PART-1-1
  1618742  1.833E+01 1.833E+01  03:12:14 1.132E-05         803  3.063E+04 -5.033E+06
INSTANCE WITH CRITICAL ELEMENT: PART-1-1
  1636064  1.852E+01 1.852E+01  03:14:14 1.132E-05         803  3.063E+04 -5.100E+06
INSTANCE WITH CRITICAL ELEMENT: PART-1-1
  1653403  1.872E+01 1.872E+01  03:16:14 1.132E-05         803  3.061E+04 -5.166E+06
INSTANCE WITH CRITICAL ELEMENT: PART-1-1
  1670742  1.891E+01 1.891E+01  03:18:14 1.132E-05         803  3.060E+04 -5.232E+06
INSTANCE WITH CRITICAL ELEMENT: PART-1-1
  1688078  1.911E+01 1.911E+01  03:20:14 1.132E-05         803  3.061E+04 -5.296E+06
INSTANCE WITH CRITICAL ELEMENT: PART-1-1
  1705425  1.931E+01 1.931E+01  03:22:14 1.132E-05         803  3.061E+04 -5.361E+06
INSTANCE WITH CRITICAL ELEMENT: PART-1-1
  1722777  1.950E+01 1.950E+01  03:24:14 1.132E-05         803  3.059E+04 -5.427E+06
INSTANCE WITH CRITICAL ELEMENT: PART-1-1
  1740045  1.970E+01 1.970E+01  03:26:14 1.132E-05         803  3.059E+04 -5.492E+06
INSTANCE WITH CRITICAL ELEMENT: PART-1-1
  1757274  1.989E+01 1.989E+01  03:28:14 1.132E-05         803  3.059E+04 -5.557E+06
INSTANCE WITH CRITICAL ELEMENT: PART-1-1
  1766723  2.000E+01 2.000E+01  03:29:20 1.132E-05         803  3.058E+04 -5.593E+06
INSTANCE WITH CRITICAL ELEMENT: PART-1-1
ODB Field Frame Number      4 of     20 requested intervals at  2.000001E+01
  1784079  2.020E+01 2.020E+01  03:31:20 1.132E-05         803  3.057E+04 -5.658E+06
INSTANCE WITH CRITICAL ELEMENT: PART-1-1
  1801447  2.039E+01 2.039E+01  03:33:20 1.132E-05         803  3.056E+04 -5.724E+06
INSTANCE WITH CRITICAL ELEMENT: PART-1-1
  1818771  2.059E+01 2.059E+01  03:35:20 1.132E-05         803  3.056E+04 -5.788E+06
INSTANCE WITH CRITICAL ELEMENT: PART-1-1
  1836051  2.078E+01 2.078E+01  03:37:20 1.132E-05         803  3.056E+04 -5.852E+06
INSTANCE WITH CRITICAL ELEMENT: PART-1-1
  1853350  2.098E+01 2.098E+01  03:39:20 1.132E-05         803  3.055E+04 -5.915E+06
INSTANCE WITH CRITICAL ELEMENT: PART-1-1
  1870609  2.118E+01 2.118E+01  03:41:20 1.132E-05         803  3.055E+04 -5.978E+06
INSTANCE WITH CRITICAL ELEMENT: PART-1-1
  1887913  2.137E+01 2.137E+01  03:43:20 1.132E-05         803  3.054E+04 -6.042E+06
INSTANCE WITH CRITICAL ELEMENT: PART-1-1
  1905199  2.157E+01 2.157E+01  03:45:20 1.132E-05         803  3.054E+04 -6.105E+06
INSTANCE WITH CRITICAL ELEMENT: PART-1-1
  1922518  2.176E+01 2.176E+01  03:47:20 1.132E-05         803  3.053E+04 -6.168E+06
INSTANCE WITH CRITICAL ELEMENT: PART-1-1
  1939859  2.196E+01 2.196E+01  03:49:20 1.132E-05         803  3.052E+04 -6.231E+06
INSTANCE WITH CRITICAL ELEMENT: PART-1-1
  1957009  2.215E+01 2.215E+01  03:51:20 1.132E-05         803  3.052E+04 -6.295E+06
INSTANCE WITH CRITICAL ELEMENT: PART-1-1
  1974261  2.235E+01 2.235E+01  03:53:20 1.132E-05         803  3.051E+04 -6.358E+06
INSTANCE WITH CRITICAL ELEMENT: PART-1-1

 STEP 1  ORIGIN 0.0000

              STEP     TOTAL       CPU      STABLE    CRITICAL    KINETIC      TOTAL
INCREMENT     TIME      TIME      TIME   INCREMENT     ELEMENT     ENERGY     ENERGY
  1991618  2.255E+01 2.255E+01  03:55:20 1.132E-05         803  3.050E+04 -6.422E+06
INSTANCE WITH CRITICAL ELEMENT: PART-1-1
  2008946  2.274E+01 2.274E+01  03:57:20 1.132E-05         803  3.050E+04 -6.486E+06
INSTANCE WITH CRITICAL ELEMENT: PART-1-1
  2026257  2.294E+01 2.294E+01  03:59:20 1.132E-05         803  3.049E+04 -6.549E+06
INSTANCE WITH CRITICAL ELEMENT: PART-1-1
  2043568  2.313E+01 2.313E+01  04:01:20 1.132E-05         803  3.049E+04 -6.613E+06
INSTANCE WITH CRITICAL ELEMENT: PART-1-1
  2060871  2.333E+01 2.333E+01  04:03:20 1.132E-05         803  3.049E+04 -6.676E+06
INSTANCE WITH CRITICAL ELEMENT: PART-1-1
  2078176  2.352E+01 2.352E+01  04:05:20 1.132E-05         803  3.047E+04 -6.739E+06
INSTANCE WITH CRITICAL ELEMENT: PART-1-1
  2095436  2.372E+01 2.372E+01  04:07:20 1.132E-05         803  3.047E+04 -6.801E+06
INSTANCE WITH CRITICAL ELEMENT: PART-1-1
  2112709  2.392E+01 2.392E+01  04:09:20 1.132E-05         803  3.046E+04 -6.863E+06
INSTANCE WITH CRITICAL ELEMENT: PART-1-1
  2130000  2.411E+01 2.411E+01  04:11:20 1.132E-05         803  3.046E+04 -6.925E+06
INSTANCE WITH CRITICAL ELEMENT: PART-1-1
  2147296  2.431E+01 2.431E+01  04:13:20 1.132E-05         803  3.045E+04 -6.986E+06
INSTANCE WITH CRITICAL ELEMENT: PART-1-1
  2164601  2.450E+01 2.450E+01  04:15:20 1.132E-05         803  3.045E+04 -7.048E+06
INSTANCE WITH CRITICAL ELEMENT: PART-1-1
  2181800  2.470E+01 2.470E+01  04:17:20 1.132E-05         803  3.044E+04 -7.108E+06
INSTANCE WITH CRITICAL ELEMENT: PART-1-1
  2199082  2.489E+01 2.489E+01  04:19:20 1.132E-05         803  3.044E+04 -7.169E+06
INSTANCE WITH CRITICAL ELEMENT: PART-1-1
  2208512  2.500E+01 2.500E+01  04:20:26 1.132E-05         803  3.044E+04 -7.203E+06
INSTANCE WITH CRITICAL ELEMENT: PART-1-1
ODB Field Frame Number      5 of     20 requested intervals at  2.500001E+01
  2225796  2.520E+01 2.520E+01  04:22:26 1.132E-05         803  3.043E+04 -7.263E+06
INSTANCE WITH CRITICAL ELEMENT: PART-1-1
  2243101  2.539E+01 2.539E+01  04:24:26 1.132E-05         803  3.043E+04 -7.324E+06
INSTANCE WITH CRITICAL ELEMENT: PART-1-1
  2260480  2.559E+01 2.559E+01  04:26:26 1.132E-05         803  3.042E+04 -7.385E+06
INSTANCE WITH CRITICAL ELEMENT: PART-1-1
  2277849  2.578E+01 2.578E+01  04:28:26 1.132E-05         803  3.041E+04 -7.445E+06
INSTANCE WITH CRITICAL ELEMENT: PART-1-1
  2295170  2.598E+01 2.598E+01  04:30:26 1.132E-05         803  3.041E+04 -7.505E+06
INSTANCE WITH CRITICAL ELEMENT: PART-1-1
  2312465  2.618E+01 2.618E+01  04:32:26 1.132E-05         803  3.040E+04 -7.565E+06
INSTANCE WITH CRITICAL ELEMENT: PART-1-1
  2329782  2.637E+01 2.637E+01  04:34:26 1.132E-05         803  3.040E+04 -7.624E+06
INSTANCE WITH CRITICAL ELEMENT: PART-1-1
  2346959  2.657E+01 2.657E+01  04:36:26 1.132E-05         803  3.039E+04 -7.683E+06
INSTANCE WITH CRITICAL ELEMENT: PART-1-1
  2364256  2.676E+01 2.676E+01  04:38:26 1.132E-05         803  3.039E+04 -7.743E+06
INSTANCE WITH CRITICAL ELEMENT: PART-1-1
  2381580  2.696E+01 2.696E+01  04:40:26 1.132E-05         803  3.039E+04 -7.801E+06
INSTANCE WITH CRITICAL ELEMENT: PART-1-1
  2398860  2.715E+01 2.715E+01  04:42:26 1.132E-05         803  3.039E+04 -7.859E+06
INSTANCE WITH CRITICAL ELEMENT: PART-1-1
  2416109  2.735E+01 2.735E+01  04:44:26 1.132E-05         803  3.038E+04 -7.917E+06
INSTANCE WITH CRITICAL ELEMENT: PART-1-1
  2433436  2.755E+01 2.755E+01  04:46:26 1.132E-05         803  3.038E+04 -7.974E+06
INSTANCE WITH CRITICAL ELEMENT: PART-1-1
  2450747  2.774E+01 2.774E+01  04:48:26 1.132E-05         803  3.038E+04 -8.031E+06
INSTANCE WITH CRITICAL ELEMENT: PART-1-1
  2467794  2.793E+01 2.793E+01  04:50:26 1.132E-05         803  3.038E+04 -8.086E+06
INSTANCE WITH CRITICAL ELEMENT: PART-1-1
  2484715  2.813E+01 2.813E+01  04:52:26 1.132E-05         803  3.039E+04 -8.138E+06
INSTANCE WITH CRITICAL ELEMENT: PART-1-1
  2501789  2.832E+01 2.832E+01  04:54:26 1.132E-05         803  3.043E+04 -8.185E+06
INSTANCE WITH CRITICAL ELEMENT: PART-1-1
  2519069  2.851E+01 2.851E+01  04:56:26 1.132E-05         803  3.056E+04 -8.219E+06
INSTANCE WITH CRITICAL ELEMENT: PART-1-1
  2536342  2.871E+01 2.871E+01  04:58:26 1.132E-05         803  3.093E+04 -8.214E+06
INSTANCE WITH CRITICAL ELEMENT: PART-1-1
  2553626  2.891E+01 2.891E+01  05:00:26 1.132E-05         803  3.188E+04 -8.111E+06
INSTANCE WITH CRITICAL ELEMENT: PART-1-1
  2570819  2.910E+01 2.910E+01  05:02:26 1.132E-05         803  3.340E+04 -7.819E+06
INSTANCE WITH CRITICAL ELEMENT: PART-1-1
  2588114  2.930E+01 2.930E+01  05:04:26 1.132E-05         803  3.376E+04 -7.378E+06
INSTANCE WITH CRITICAL ELEMENT: PART-1-1
  2605423  2.949E+01 2.949E+01  05:06:26 1.132E-05         803  3.223E+04 -7.014E+06
INSTANCE WITH CRITICAL ELEMENT: PART-1-1
  2622353  2.968E+01 2.968E+01  05:08:26 1.132E-05         803  3.094E+04 -6.812E+06
INSTANCE WITH CRITICAL ELEMENT: PART-1-1
  2639272  2.987E+01 2.987E+01  05:10:26 1.132E-05         803  3.044E+04 -6.704E+06
INSTANCE WITH CRITICAL ELEMENT: PART-1-1
  2650325  3.000E+01 3.000E+01  05:11:44 1.132E-05         803  3.038E+04 -6.657E+06
INSTANCE WITH CRITICAL ELEMENT: PART-1-1
ODB Field Frame Number      6 of     20 requested intervals at  3.000001E+01

 STEP 1  ORIGIN 0.0000

              STEP     TOTAL       CPU      STABLE    CRITICAL    KINETIC      TOTAL
INCREMENT     TIME      TIME      TIME   INCREMENT     ELEMENT     ENERGY     ENERGY
  2667244  3.019E+01 3.019E+01  05:13:44 1.132E-05         803  3.041E+04 -6.609E+06
INSTANCE WITH CRITICAL ELEMENT: PART-1-1
  2684154  3.038E+01 3.038E+01  05:15:44 1.132E-05         803  3.032E+04 -6.580E+06
INSTANCE WITH CRITICAL ELEMENT: PART-1-1
  2701081  3.057E+01 3.057E+01  05:17:44 1.132E-05         803  3.029E+04 -6.563E+06
INSTANCE WITH CRITICAL ELEMENT: PART-1-1
  2718128  3.077E+01 3.077E+01  05:19:44 1.132E-05         803  3.034E+04 -6.554E+06
INSTANCE WITH CRITICAL ELEMENT: PART-1-1
  2735515  3.096E+01 3.096E+01  05:21:44 1.132E-05         803  3.035E+04 -6.551E+06
INSTANCE WITH CRITICAL ELEMENT: PART-1-1
  2752862  3.116E+01 3.116E+01  05:23:44 1.132E-05         803  3.029E+04 -6.553E+06
INSTANCE WITH CRITICAL ELEMENT: PART-1-1
  2770269  3.136E+01 3.136E+01  05:25:44 1.132E-05         803  3.026E+04 -6.559E+06
INSTANCE WITH CRITICAL ELEMENT: PART-1-1
  2787634  3.155E+01 3.155E+01  05:27:44 1.132E-05         803  3.026E+04 -6.570E+06
INSTANCE WITH CRITICAL ELEMENT: PART-1-1
  2804934  3.175E+01 3.175E+01  05:29:44 1.132E-05         803  3.025E+04 -6.584E+06
INSTANCE WITH CRITICAL ELEMENT: PART-1-1
  2822127  3.194E+01 3.194E+01  05:31:44 1.132E-05         803  3.025E+04 -6.603E+06
INSTANCE WITH CRITICAL ELEMENT: PART-1-1
  2839366  3.214E+01 3.214E+01  05:33:44 1.132E-05         803  3.027E+04 -6.625E+06
INSTANCE WITH CRITICAL ELEMENT: PART-1-1
  2856600  3.233E+01 3.233E+01  05:35:44 1.132E-05         803  3.028E+04 -6.652E+06
INSTANCE WITH CRITICAL ELEMENT: PART-1-1
  2873751  3.253E+01 3.253E+01  05:37:44 1.132E-05         803  3.027E+04 -6.683E+06
INSTANCE WITH CRITICAL ELEMENT: PART-1-1
  2890985  3.272E+01 3.272E+01  05:39:44 1.132E-05         803  3.025E+04 -6.719E+06
INSTANCE WITH CRITICAL ELEMENT: PART-1-1
  2908202  3.292E+01 3.292E+01  05:41:44 1.132E-05         803  3.023E+04 -6.758E+06
INSTANCE WITH CRITICAL ELEMENT: PART-1-1
  2925459  3.311E+01 3.311E+01  05:43:44 1.132E-05         803  3.023E+04 -6.801E+06
INSTANCE WITH CRITICAL ELEMENT: PART-1-1
  2942732  3.331E+01 3.331E+01  05:45:44 1.132E-05         803  3.023E+04 -6.848E+06
INSTANCE WITH CRITICAL ELEMENT: PART-1-1
  2959970  3.350E+01 3.350E+01  05:47:44 1.132E-05         803  3.022E+04 -6.899E+06
INSTANCE WITH CRITICAL ELEMENT: PART-1-1
  2977293  3.370E+01 3.370E+01  05:49:44 1.132E-05         803  3.021E+04 -6.954E+06
INSTANCE WITH CRITICAL ELEMENT: PART-1-1
  2994654  3.390E+01 3.390E+01  05:51:44 1.132E-05         803  3.021E+04 -7.013E+06
INSTANCE WITH CRITICAL ELEMENT: PART-1-1
  3011876  3.409E+01 3.409E+01  05:53:44 1.132E-05         803  3.020E+04 -7.075E+06
INSTANCE WITH CRITICAL ELEMENT: PART-1-1
  3029184  3.429E+01 3.429E+01  05:55:44 1.132E-05         803  3.019E+04 -7.141E+06
INSTANCE WITH CRITICAL ELEMENT: PART-1-1
  3046461  3.448E+01 3.448E+01  05:57:44 1.132E-05         803  3.019E+04 -7.211E+06
INSTANCE WITH CRITICAL ELEMENT: PART-1-1
  3063698  3.468E+01 3.468E+01  05:59:44 1.132E-05         803  3.019E+04 -7.285E+06
INSTANCE WITH CRITICAL ELEMENT: PART-1-1
  3080977  3.487E+01 3.487E+01  06:01:44 1.132E-05         803  3.019E+04 -7.361E+06
INSTANCE WITH CRITICAL ELEMENT: PART-1-1
  3092148  3.500E+01 3.500E+01  06:03:02 1.132E-05         803  3.019E+04 -7.412E+06
INSTANCE WITH CRITICAL ELEMENT: PART-1-1
ODB Field Frame Number      7 of     20 requested intervals at  3.500001E+01
  3109455  3.520E+01 3.520E+01  06:05:02 1.132E-05         803  3.019E+04 -7.494E+06
INSTANCE WITH CRITICAL ELEMENT: PART-1-1
  3126744  3.539E+01 3.539E+01  06:07:02 1.132E-05         803  3.018E+04 -7.579E+06
INSTANCE WITH CRITICAL ELEMENT: PART-1-1
  3144044  3.559E+01 3.559E+01  06:09:02 1.132E-05         803  3.018E+04 -7.667E+06
INSTANCE WITH CRITICAL ELEMENT: PART-1-1
  3161301  3.578E+01 3.578E+01  06:11:02 1.132E-05         803  3.017E+04 -7.757E+06
INSTANCE WITH CRITICAL ELEMENT: PART-1-1
  3178561  3.598E+01 3.598E+01  06:13:02 1.132E-05         803  3.017E+04 -7.851E+06
INSTANCE WITH CRITICAL ELEMENT: PART-1-1
  3195822  3.617E+01 3.617E+01  06:15:02 1.132E-05         803  3.017E+04 -7.947E+06
INSTANCE WITH CRITICAL ELEMENT: PART-1-1
  3213121  3.637E+01 3.637E+01  06:17:02 1.132E-05         803  3.017E+04 -8.047E+06
INSTANCE WITH CRITICAL ELEMENT: PART-1-1
  3230405  3.656E+01 3.656E+01  06:19:02 1.132E-05         803  3.017E+04 -8.148E+06
INSTANCE WITH CRITICAL ELEMENT: PART-1-1
  3247711  3.676E+01 3.676E+01  06:21:02 1.132E-05         803  3.015E+04 -8.254E+06
INSTANCE WITH CRITICAL ELEMENT: PART-1-1
  3264980  3.696E+01 3.696E+01  06:23:02 1.132E-05         803  3.016E+04 -8.362E+06
INSTANCE WITH CRITICAL ELEMENT: PART-1-1
  3282282  3.715E+01 3.715E+01  06:25:02 1.132E-05         803  3.017E+04 -8.472E+06
INSTANCE WITH CRITICAL ELEMENT: PART-1-1
  3299579  3.735E+01 3.735E+01  06:27:02 1.132E-05         803  3.016E+04 -8.585E+06
INSTANCE WITH CRITICAL ELEMENT: PART-1-1
  3316887  3.754E+01 3.754E+01  06:29:02 1.132E-05         803  3.016E+04 -8.700E+06
INSTANCE WITH CRITICAL ELEMENT: PART-1-1
  3334148  3.774E+01 3.774E+01  06:31:02 1.132E-05         803  3.016E+04 -8.816E+06
INSTANCE WITH CRITICAL ELEMENT: PART-1-1

 STEP 1  ORIGIN 0.0000

              STEP     TOTAL       CPU      STABLE    CRITICAL    KINETIC      TOTAL
INCREMENT     TIME      TIME      TIME   INCREMENT     ELEMENT     ENERGY     ENERGY
  3351341  3.793E+01 3.793E+01  06:33:02 1.132E-05         803  3.015E+04 -8.935E+06
INSTANCE WITH CRITICAL ELEMENT: PART-1-1
  3368571  3.813E+01 3.813E+01  06:35:02 1.132E-05         803  3.014E+04 -9.057E+06
INSTANCE WITH CRITICAL ELEMENT: PART-1-1
  3385852  3.832E+01 3.832E+01  06:37:02 1.132E-05         803  3.014E+04 -9.182E+06
INSTANCE WITH CRITICAL ELEMENT: PART-1-1
  3403180  3.852E+01 3.852E+01  06:39:02 1.132E-05         803  3.014E+04 -9.310E+06
INSTANCE WITH CRITICAL ELEMENT: PART-1-1
  3420393  3.871E+01 3.871E+01  06:41:02 1.132E-05         803  3.014E+04 -9.439E+06
INSTANCE WITH CRITICAL ELEMENT: PART-1-1
  3437692  3.891E+01 3.891E+01  06:43:02 1.132E-05         803  3.014E+04 -9.571E+06
INSTANCE WITH CRITICAL ELEMENT: PART-1-1
  3454969  3.911E+01 3.911E+01  06:45:02 1.132E-05         803  3.014E+04 -9.707E+06
INSTANCE WITH CRITICAL ELEMENT: PART-1-1
  3472215  3.930E+01 3.930E+01  06:47:02 1.132E-05         803  3.013E+04 -9.844E+06
INSTANCE WITH CRITICAL ELEMENT: PART-1-1
  3489247  3.949E+01 3.949E+01  06:49:02 1.132E-05         803  3.013E+04 -9.982E+06
INSTANCE WITH CRITICAL ELEMENT: PART-1-1
  3506315  3.969E+01 3.969E+01  06:51:02 1.132E-05         803  3.013E+04 -1.012E+07
INSTANCE WITH CRITICAL ELEMENT: PART-1-1
  3523571  3.988E+01 3.988E+01  06:53:02 1.132E-05         803  3.013E+04 -1.027E+07
INSTANCE WITH CRITICAL ELEMENT: PART-1-1
  3533984  4.000E+01 4.000E+01  06:54:14 1.132E-05         803  3.013E+04 -1.035E+07
INSTANCE WITH CRITICAL ELEMENT: PART-1-1
ODB Field Frame Number      8 of     20 requested intervals at  4.000001E+01
  3551255  4.020E+01 4.020E+01  06:56:14 1.132E-05         803  3.012E+04 -1.050E+07
INSTANCE WITH CRITICAL ELEMENT: PART-1-1
  3568539  4.039E+01 4.039E+01  06:58:14 1.132E-05         803  3.011E+04 -1.065E+07
INSTANCE WITH CRITICAL ELEMENT: PART-1-1
  3585846  4.059E+01 4.059E+01  07:00:14 1.132E-05         803  3.010E+04 -1.080E+07
INSTANCE WITH CRITICAL ELEMENT: PART-1-1
  3603135  4.078E+01 4.078E+01  07:02:14 1.132E-05         803  3.010E+04 -1.096E+07
INSTANCE WITH CRITICAL ELEMENT: PART-1-1
  3620443  4.098E+01 4.098E+01  07:04:14 1.132E-05         803  3.009E+04 -1.112E+07
INSTANCE WITH CRITICAL ELEMENT: PART-1-1
  3637639  4.117E+01 4.117E+01  07:06:14 1.132E-05         803  3.009E+04 -1.128E+07
INSTANCE WITH CRITICAL ELEMENT: PART-1-1
  3654770  4.137E+01 4.137E+01  07:08:14 1.132E-05         803  3.009E+04 -1.144E+07
INSTANCE WITH CRITICAL ELEMENT: PART-1-1
  3671898  4.156E+01 4.156E+01  07:10:14 1.132E-05         803  3.009E+04 -1.160E+07
INSTANCE WITH CRITICAL ELEMENT: PART-1-1
  3689020  4.175E+01 4.175E+01  07:12:14 1.132E-05         803  3.008E+04 -1.177E+07
INSTANCE WITH CRITICAL ELEMENT: PART-1-1
  3706290  4.195E+01 4.195E+01  07:14:14 1.132E-05         803  3.008E+04 -1.194E+07
INSTANCE WITH CRITICAL ELEMENT: PART-1-1
  3723540  4.215E+01 4.215E+01  07:16:14 1.132E-05         803  3.008E+04 -1.211E+07
INSTANCE WITH CRITICAL ELEMENT: PART-1-1
  3740779  4.234E+01 4.234E+01  07:18:14 1.132E-05         803  3.007E+04 -1.228E+07
INSTANCE WITH CRITICAL ELEMENT: PART-1-1
  3758021  4.254E+01 4.254E+01  07:20:14 1.132E-05         803  3.007E+04 -1.246E+07
INSTANCE WITH CRITICAL ELEMENT: PART-1-1
  3775281  4.273E+01 4.273E+01  07:22:14 1.132E-05         803  3.014E+04 -1.263E+07
INSTANCE WITH CRITICAL ELEMENT: PART-1-1
  3792546  4.293E+01 4.293E+01  07:24:14 1.132E-05         803  3.005E+04 -1.281E+07
INSTANCE WITH CRITICAL ELEMENT: PART-1-1
  3809815  4.312E+01 4.312E+01  07:26:14 1.132E-05         803  3.003E+04 -1.299E+07
INSTANCE WITH CRITICAL ELEMENT: PART-1-1
  3827060  4.332E+01 4.332E+01  07:28:14 1.132E-05         803  3.005E+04 -1.317E+07
INSTANCE WITH CRITICAL ELEMENT: PART-1-1
  3844359  4.351E+01 4.351E+01  07:30:14 1.132E-05         803  3.005E+04 -1.336E+07
INSTANCE WITH CRITICAL ELEMENT: PART-1-1
  3861651  4.371E+01 4.371E+01  07:32:14 1.132E-05         803  3.004E+04 -1.355E+07
INSTANCE WITH CRITICAL ELEMENT: PART-1-1
  3878961  4.390E+01 4.390E+01  07:34:14 1.132E-05         803  3.003E+04 -1.374E+07
INSTANCE WITH CRITICAL ELEMENT: PART-1-1
  3896095  4.410E+01 4.410E+01  07:36:14 1.132E-05         803  3.003E+04 -1.393E+07
INSTANCE WITH CRITICAL ELEMENT: PART-1-1
  3913325  4.429E+01 4.429E+01  07:38:14 1.132E-05         803  3.003E+04 -1.412E+07
INSTANCE WITH CRITICAL ELEMENT: PART-1-1
  3930618  4.449E+01 4.449E+01  07:40:14 1.132E-05         803  3.003E+04 -1.432E+07
INSTANCE WITH CRITICAL ELEMENT: PART-1-1
  3947877  4.468E+01 4.468E+01  07:42:14 1.132E-05         803  3.002E+04 -1.451E+07
INSTANCE WITH CRITICAL ELEMENT: PART-1-1
  3965129  4.488E+01 4.488E+01  07:44:14 1.132E-05         803  3.002E+04 -1.471E+07
INSTANCE WITH CRITICAL ELEMENT: PART-1-1
  3975833  4.500E+01 4.500E+01  07:45:28 1.132E-05         803  3.002E+04 -1.484E+07
INSTANCE WITH CRITICAL ELEMENT: PART-1-1
ODB Field Frame Number      9 of     20 requested intervals at  4.500001E+01
  3993102  4.520E+01 4.520E+01  07:47:28 1.132E-05         803  3.001E+04 -1.504E+07
INSTANCE WITH CRITICAL ELEMENT: PART-1-1
  4010435  4.539E+01 4.539E+01  07:49:28 1.132E-05         803  3.001E+04 -1.524E+07
INSTANCE WITH CRITICAL ELEMENT: PART-1-1

 STEP 1  ORIGIN 0.0000

              STEP     TOTAL       CPU      STABLE    CRITICAL    KINETIC      TOTAL
INCREMENT     TIME      TIME      TIME   INCREMENT     ELEMENT     ENERGY     ENERGY
  4027712  4.559E+01 4.559E+01  07:51:28 1.132E-05         803  3.001E+04 -1.545E+07
INSTANCE WITH CRITICAL ELEMENT: PART-1-1
  4044975  4.578E+01 4.578E+01  07:53:28 1.132E-05         803  3.000E+04 -1.566E+07
INSTANCE WITH CRITICAL ELEMENT: PART-1-1
  4062210  4.598E+01 4.598E+01  07:55:28 1.132E-05         803  3.000E+04 -1.587E+07
INSTANCE WITH CRITICAL ELEMENT: PART-1-1
  4079374  4.617E+01 4.617E+01  07:57:28 1.132E-05         803  3.000E+04 -1.608E+07
INSTANCE WITH CRITICAL ELEMENT: PART-1-1
  4096626  4.637E+01 4.637E+01  07:59:28 1.132E-05         803  2.999E+04 -1.629E+07
INSTANCE WITH CRITICAL ELEMENT: PART-1-1
  4113862  4.656E+01 4.656E+01  08:01:28 1.132E-05         803  2.999E+04 -1.651E+07
INSTANCE WITH CRITICAL ELEMENT: PART-1-1
  4131105  4.676E+01 4.676E+01  08:03:28 1.132E-05         803  2.999E+04 -1.673E+07
INSTANCE WITH CRITICAL ELEMENT: PART-1-1
  4148241  4.695E+01 4.695E+01  08:05:28 1.132E-05         803  2.998E+04 -1.694E+07
INSTANCE WITH CRITICAL ELEMENT: PART-1-1
  4165386  4.714E+01 4.714E+01  08:07:28 1.132E-05         803  2.998E+04 -1.716E+07
INSTANCE WITH CRITICAL ELEMENT: PART-1-1
  4182637  4.734E+01 4.734E+01  08:09:28 1.132E-05         803  2.998E+04 -1.738E+07
INSTANCE WITH CRITICAL ELEMENT: PART-1-1
  4199855  4.754E+01 4.754E+01  08:11:28 1.132E-05         803  2.997E+04 -1.761E+07
INSTANCE WITH CRITICAL ELEMENT: PART-1-1
  4217030  4.773E+01 4.773E+01  08:13:28 1.132E-05         803  2.997E+04 -1.783E+07
INSTANCE WITH CRITICAL ELEMENT: PART-1-1
  4234159  4.792E+01 4.792E+01  08:15:28 1.132E-05         803  2.997E+04 -1.806E+07
INSTANCE WITH CRITICAL ELEMENT: PART-1-1
  4251327  4.812E+01 4.812E+01  08:17:28 1.132E-05         803  2.996E+04 -1.829E+07
INSTANCE WITH CRITICAL ELEMENT: PART-1-1
  4268543  4.831E+01 4.831E+01  08:19:28 1.132E-05         803  2.996E+04 -1.852E+07
INSTANCE WITH CRITICAL ELEMENT: PART-1-1
  4285801  4.851E+01 4.851E+01  08:21:28 1.132E-05         803  2.996E+04 -1.875E+07
INSTANCE WITH CRITICAL ELEMENT: PART-1-1
  4303013  4.870E+01 4.870E+01  08:23:28 1.132E-05         803  2.995E+04 -1.898E+07
INSTANCE WITH CRITICAL ELEMENT: PART-1-1
  4320176  4.890E+01 4.890E+01  08:25:28 1.132E-05         803  2.995E+04 -1.921E+07
INSTANCE WITH CRITICAL ELEMENT: PART-1-1
  4337339  4.909E+01 4.909E+01  08:27:28 1.132E-05         803  2.995E+04 -1.945E+07
INSTANCE WITH CRITICAL ELEMENT: PART-1-1
  4354555  4.929E+01 4.929E+01  08:29:28 1.132E-05         803  2.995E+04 -1.969E+07
INSTANCE WITH CRITICAL ELEMENT: PART-1-1
  4371778  4.948E+01 4.948E+01  08:31:28 1.132E-05         803  2.995E+04 -1.993E+07
INSTANCE WITH CRITICAL ELEMENT: PART-1-1
  4389009  4.968E+01 4.968E+01  08:33:28 1.132E-05         803  2.994E+04 -2.017E+07
INSTANCE WITH CRITICAL ELEMENT: PART-1-1
  4406236  4.987E+01 4.987E+01  08:35:28 1.132E-05         803  2.994E+04 -2.041E+07
INSTANCE WITH CRITICAL ELEMENT: PART-1-1
  4417694  5.000E+01 5.000E+01  08:36:48 1.132E-05         803  2.994E+04 -2.058E+07
INSTANCE WITH CRITICAL ELEMENT: PART-1-1
ODB Field Frame Number     10 of     20 requested intervals at  5.000000E+01
  4434928  5.020E+01 5.020E+01  08:38:48 1.132E-05         803  2.994E+04 -2.082E+07
INSTANCE WITH CRITICAL ELEMENT: PART-1-1
  4452233  5.039E+01 5.039E+01  08:40:48 1.132E-05         803  2.994E+04 -2.107E+07
INSTANCE WITH CRITICAL ELEMENT: PART-1-1
  4469493  5.059E+01 5.059E+01  08:42:48 1.132E-05         803  2.994E+04 -2.132E+07
INSTANCE WITH CRITICAL ELEMENT: PART-1-1
  4486728  5.078E+01 5.078E+01  08:44:48 1.132E-05         803  2.993E+04 -2.157E+07
INSTANCE WITH CRITICAL ELEMENT: PART-1-1
  4503966  5.098E+01 5.098E+01  08:46:48 1.132E-05         803  2.993E+04 -2.183E+07
INSTANCE WITH CRITICAL ELEMENT: PART-1-1
  4521250  5.117E+01 5.117E+01  08:48:48 1.132E-05         803  2.993E+04 -2.208E+07
INSTANCE WITH CRITICAL ELEMENT: PART-1-1
  4538476  5.137E+01 5.137E+01  08:50:48 1.132E-05         803  2.993E+04 -2.234E+07
INSTANCE WITH CRITICAL ELEMENT: PART-1-1
  4555504  5.156E+01 5.156E+01  08:52:48 1.132E-05         803  2.992E+04 -2.259E+07
INSTANCE WITH CRITICAL ELEMENT: PART-1-1
  4572507  5.175E+01 5.175E+01  08:54:48 1.132E-05         803  2.992E+04 -2.284E+07
INSTANCE WITH CRITICAL ELEMENT: PART-1-1
  4589532  5.194E+01 5.194E+01  08:56:48 1.132E-05         803  2.992E+04 -2.310E+07
INSTANCE WITH CRITICAL ELEMENT: PART-1-1
  4606699  5.214E+01 5.214E+01  08:58:48 1.132E-05         803  2.992E+04 -2.336E+07
INSTANCE WITH CRITICAL ELEMENT: PART-1-1
  4623906  5.233E+01 5.233E+01  09:00:48 1.132E-05         803  2.991E+04 -2.362E+07
INSTANCE WITH CRITICAL ELEMENT: PART-1-1
  4641110  5.253E+01 5.253E+01  09:02:48 1.132E-05         803  2.991E+04 -2.388E+07
INSTANCE WITH CRITICAL ELEMENT: PART-1-1
  4658321  5.272E+01 5.272E+01  09:04:48 1.132E-05         803  2.991E+04 -2.414E+07
INSTANCE WITH CRITICAL ELEMENT: PART-1-1
  4675582  5.292E+01 5.292E+01  09:06:48 1.132E-05         803  2.991E+04 -2.441E+07
INSTANCE WITH CRITICAL ELEMENT: PART-1-1
  4692854  5.311E+01 5.311E+01  09:08:48 1.132E-05         803  2.991E+04 -2.467E+07
INSTANCE WITH CRITICAL ELEMENT: PART-1-1

 STEP 1  ORIGIN 0.0000

              STEP     TOTAL       CPU      STABLE    CRITICAL    KINETIC      TOTAL
INCREMENT     TIME      TIME      TIME   INCREMENT     ELEMENT     ENERGY     ENERGY
  4710123  5.331E+01 5.331E+01  09:10:48 1.132E-05         803  2.990E+04 -2.494E+07
INSTANCE WITH CRITICAL ELEMENT: PART-1-1
  4727375  5.350E+01 5.350E+01  09:12:48 1.132E-05         803  2.990E+04 -2.521E+07
INSTANCE WITH CRITICAL ELEMENT: PART-1-1
  4744593  5.370E+01 5.370E+01  09:14:48 1.132E-05         803  2.990E+04 -2.549E+07
INSTANCE WITH CRITICAL ELEMENT: PART-1-1
  4761815  5.389E+01 5.389E+01  09:16:48 1.132E-05         803  2.990E+04 -2.576E+07
INSTANCE WITH CRITICAL ELEMENT: PART-1-1
  4779039  5.409E+01 5.409E+01  09:18:48 1.132E-05         803  2.989E+04 -2.604E+07
INSTANCE WITH CRITICAL ELEMENT: PART-1-1
  4796281  5.428E+01 5.428E+01  09:20:48 1.132E-05         803  2.989E+04 -2.632E+07
INSTANCE WITH CRITICAL ELEMENT: PART-1-1
  4813532  5.448E+01 5.448E+01  09:22:48 1.132E-05         803  2.989E+04 -2.660E+07
INSTANCE WITH CRITICAL ELEMENT: PART-1-1
  4830774  5.467E+01 5.467E+01  09:24:48 1.132E-05         803  2.988E+04 -2.689E+07
INSTANCE WITH CRITICAL ELEMENT: PART-1-1
  4848003  5.487E+01 5.487E+01  09:26:48 1.132E-05         803  2.988E+04 -2.717E+07
INSTANCE WITH CRITICAL ELEMENT: PART-1-1
  4859568  5.500E+01 5.500E+01  09:28:09 1.132E-05         803  2.988E+04 -2.736E+07
INSTANCE WITH CRITICAL ELEMENT: PART-1-1
ODB Field Frame Number     11 of     20 requested intervals at  5.500000E+01
  4876786  5.519E+01 5.519E+01  09:30:09 1.132E-05         803  2.988E+04 -2.765E+07
INSTANCE WITH CRITICAL ELEMENT: PART-1-1
  4893764  5.539E+01 5.539E+01  09:32:09 1.132E-05         803  2.988E+04 -2.794E+07
INSTANCE WITH CRITICAL ELEMENT: PART-1-1
  4910787  5.558E+01 5.558E+01  09:34:09 1.132E-05         803  2.987E+04 -2.822E+07
INSTANCE WITH CRITICAL ELEMENT: PART-1-1
  4927887  5.577E+01 5.577E+01  09:36:09 1.132E-05         803  2.987E+04 -2.851E+07
INSTANCE WITH CRITICAL ELEMENT: PART-1-1
  4945070  5.597E+01 5.597E+01  09:38:09 1.132E-05         803  2.987E+04 -2.881E+07
INSTANCE WITH CRITICAL ELEMENT: PART-1-1
  4962201  5.616E+01 5.616E+01  09:40:09 1.132E-05         803  2.987E+04 -2.910E+07
INSTANCE WITH CRITICAL ELEMENT: PART-1-1
  4979370  5.636E+01 5.636E+01  09:42:09 1.132E-05         803  2.987E+04 -2.940E+07
INSTANCE WITH CRITICAL ELEMENT: PART-1-1
  4996539  5.655E+01 5.655E+01  09:44:09 1.132E-05         803  2.986E+04 -2.970E+07
INSTANCE WITH CRITICAL ELEMENT: PART-1-1
  5013698  5.674E+01 5.674E+01  09:46:09 1.132E-05         803  2.986E+04 -3.000E+07
INSTANCE WITH CRITICAL ELEMENT: PART-1-1
  5030850  5.694E+01 5.694E+01  09:48:09 1.132E-05         803  2.986E+04 -3.031E+07
INSTANCE WITH CRITICAL ELEMENT: PART-1-1
  5047991  5.713E+01 5.713E+01  09:50:09 1.132E-05         803  2.985E+04 -3.062E+07
INSTANCE WITH CRITICAL ELEMENT: PART-1-1
  5065070  5.733E+01 5.733E+01  09:52:09 1.132E-05         803  2.985E+04 -3.093E+07
INSTANCE WITH CRITICAL ELEMENT: PART-1-1
  5082207  5.752E+01 5.752E+01  09:54:09 1.132E-05         803  2.985E+04 -3.124E+07
INSTANCE WITH CRITICAL ELEMENT: PART-1-1
  5099267  5.771E+01 5.771E+01  09:56:09 1.132E-05         803  2.985E+04 -3.156E+07
INSTANCE WITH CRITICAL ELEMENT: PART-1-1
  5116108  5.790E+01 5.790E+01  09:58:09 1.132E-05         803  2.985E+04 -3.187E+07
INSTANCE WITH CRITICAL ELEMENT: PART-1-1
  5132972  5.809E+01 5.809E+01  10:00:09 1.132E-05         803  2.984E+04 -3.218E+07
INSTANCE WITH CRITICAL ELEMENT: PART-1-1
  5150125  5.829E+01 5.829E+01  10:02:09 1.132E-05         803  2.984E+04 -3.251E+07
INSTANCE WITH CRITICAL ELEMENT: PART-1-1
  5167265  5.848E+01 5.848E+01  10:04:09 1.132E-05         803  2.984E+04 -3.283E+07
INSTANCE WITH CRITICAL ELEMENT: PART-1-1
  5184393  5.868E+01 5.868E+01  10:06:09 1.132E-05         803  2.983E+04 -3.316E+07
INSTANCE WITH CRITICAL ELEMENT: PART-1-1
  5201545  5.887E+01 5.887E+01  10:08:09 1.132E-05         803  2.983E+04 -3.349E+07
INSTANCE WITH CRITICAL ELEMENT: PART-1-1
  5218690  5.906E+01 5.906E+01  10:10:09 1.132E-05         803  2.983E+04 -3.382E+07
INSTANCE WITH CRITICAL ELEMENT: PART-1-1
  5235802  5.926E+01 5.926E+01  10:12:09 1.131E-05         803  2.983E+04 -3.415E+07
INSTANCE WITH CRITICAL ELEMENT: PART-1-1
  5252909  5.945E+01 5.945E+01  10:14:09 1.131E-05         803  2.983E+04 -3.449E+07
INSTANCE WITH CRITICAL ELEMENT: PART-1-1
  5269998  5.964E+01 5.964E+01  10:16:09 1.131E-05         803  2.982E+04 -3.483E+07
INSTANCE WITH CRITICAL ELEMENT: PART-1-1
  5287161  5.984E+01 5.984E+01  10:18:09 1.131E-05         803  2.982E+04 -3.516E+07
INSTANCE WITH CRITICAL ELEMENT: PART-1-1
  5301455  6.000E+01 6.000E+01  10:19:48 1.131E-05         803  2.982E+04 -3.545E+07
INSTANCE WITH CRITICAL ELEMENT: PART-1-1
ODB Field Frame Number     12 of     20 requested intervals at  6.000000E+01
  5318573  6.019E+01 6.019E+01  10:21:48 1.131E-05         803  2.981E+04 -3.579E+07
INSTANCE WITH CRITICAL ELEMENT: PART-1-1
  5335444  6.038E+01 6.038E+01  10:23:48 1.131E-05         803  2.981E+04 -3.613E+07
INSTANCE WITH CRITICAL ELEMENT: PART-1-1
  5352482  6.058E+01 6.058E+01  10:25:48 1.131E-05         803  2.981E+04 -3.647E+07
INSTANCE WITH CRITICAL ELEMENT: PART-1-1
  5369299  6.077E+01 6.077E+01  10:27:48 1.131E-05         803  2.981E+04 -3.681E+07
INSTANCE WITH CRITICAL ELEMENT: PART-1-1

 STEP 1  ORIGIN 0.0000

              STEP     TOTAL       CPU      STABLE    CRITICAL    KINETIC      TOTAL
INCREMENT     TIME      TIME      TIME   INCREMENT     ELEMENT     ENERGY     ENERGY
  5386507  6.096E+01 6.096E+01  10:29:48 1.131E-05         803  2.981E+04 -3.716E+07
INSTANCE WITH CRITICAL ELEMENT: PART-1-1
  5403778  6.116E+01 6.116E+01  10:31:48 1.131E-05         803  2.980E+04 -3.751E+07
INSTANCE WITH CRITICAL ELEMENT: PART-1-1
  5421049  6.135E+01 6.135E+01  10:33:48 1.131E-05         803  2.980E+04 -3.786E+07
INSTANCE WITH CRITICAL ELEMENT: PART-1-1
  5438341  6.155E+01 6.155E+01  10:35:48 1.131E-05         803  2.980E+04 -3.822E+07
INSTANCE WITH CRITICAL ELEMENT: PART-1-1
  5455586  6.174E+01 6.174E+01  10:37:48 1.131E-05         803  2.980E+04 -3.858E+07
INSTANCE WITH CRITICAL ELEMENT: PART-1-1
  5472778  6.194E+01 6.194E+01  10:39:48 1.131E-05         803  2.980E+04 -3.893E+07
INSTANCE WITH CRITICAL ELEMENT: PART-1-1
  5489933  6.213E+01 6.213E+01  10:41:48 1.131E-05         803  2.979E+04 -3.929E+07
INSTANCE WITH CRITICAL ELEMENT: PART-1-1
  5507106  6.233E+01 6.233E+01  10:43:48 1.131E-05         803  2.979E+04 -3.965E+07
INSTANCE WITH CRITICAL ELEMENT: PART-1-1
  5524265  6.252E+01 6.252E+01  10:45:48 1.131E-05         803  2.979E+04 -4.001E+07
INSTANCE WITH CRITICAL ELEMENT: PART-1-1
  5541443  6.272E+01 6.272E+01  10:47:48 1.131E-05         803  2.979E+04 -4.037E+07
INSTANCE WITH CRITICAL ELEMENT: PART-1-1
  5558695  6.291E+01 6.291E+01  10:49:48 1.131E-05         803  2.978E+04 -4.074E+07
INSTANCE WITH CRITICAL ELEMENT: PART-1-1
  5575938  6.311E+01 6.311E+01  10:51:48 1.131E-05         803  2.979E+04 -4.111E+07
INSTANCE WITH CRITICAL ELEMENT: PART-1-1
  5593167  6.330E+01 6.330E+01  10:53:48 1.131E-05         803  2.979E+04 -4.148E+07
INSTANCE WITH CRITICAL ELEMENT: PART-1-1
  5610418  6.350E+01 6.350E+01  10:55:48 1.131E-05         803  2.978E+04 -4.185E+07
INSTANCE WITH CRITICAL ELEMENT: PART-1-1
  5627689  6.369E+01 6.369E+01  10:57:48 1.131E-05         803  2.977E+04 -4.222E+07
INSTANCE WITH CRITICAL ELEMENT: PART-1-1
  5644890  6.389E+01 6.389E+01  10:59:48 1.131E-05         803  2.977E+04 -4.259E+07
INSTANCE WITH CRITICAL ELEMENT: PART-1-1
  5662093  6.408E+01 6.408E+01  11:01:48 1.131E-05         803  2.977E+04 -4.296E+07
INSTANCE WITH CRITICAL ELEMENT: PART-1-1
  5679264  6.427E+01 6.427E+01  11:03:48 1.131E-05         803  2.977E+04 -4.333E+07
INSTANCE WITH CRITICAL ELEMENT: PART-1-1
  5696462  6.447E+01 6.447E+01  11:05:48 1.131E-05         803  2.977E+04 -4.370E+07
INSTANCE WITH CRITICAL ELEMENT: PART-1-1
  5713674  6.466E+01 6.466E+01  11:07:48 1.131E-05         803  2.976E+04 -4.408E+07
INSTANCE WITH CRITICAL ELEMENT: PART-1-1
  5730889  6.486E+01 6.486E+01  11:09:48 1.131E-05         803  2.976E+04 -4.445E+07
INSTANCE WITH CRITICAL ELEMENT: PART-1-1
  5743356  6.500E+01 6.500E+01  11:11:15 1.131E-05         803  2.976E+04 -4.472E+07
INSTANCE WITH CRITICAL ELEMENT: PART-1-1
ODB Field Frame Number     13 of     20 requested intervals at  6.500001E+01
  5760554  6.519E+01 6.519E+01  11:13:15 1.131E-05         803  2.976E+04 -4.510E+07
INSTANCE WITH CRITICAL ELEMENT: PART-1-1
  5777525  6.539E+01 6.539E+01  11:15:15 1.131E-05         803  2.976E+04 -4.547E+07
INSTANCE WITH CRITICAL ELEMENT: PART-1-1
  5794716  6.558E+01 6.558E+01  11:17:15 1.131E-05         803  2.975E+04 -4.585E+07
INSTANCE WITH CRITICAL ELEMENT: PART-1-1
  5811901  6.578E+01 6.578E+01  11:19:15 1.131E-05         803  2.975E+04 -4.622E+07
INSTANCE WITH CRITICAL ELEMENT: PART-1-1
  5829112  6.597E+01 6.597E+01  11:21:15 1.131E-05         803  2.975E+04 -4.660E+07
INSTANCE WITH CRITICAL ELEMENT: PART-1-1
  5846303  6.616E+01 6.616E+01  11:23:15 1.131E-05         803  2.975E+04 -4.698E+07
INSTANCE WITH CRITICAL ELEMENT: PART-1-1
  5863492  6.636E+01 6.636E+01  11:25:15 1.131E-05         803  2.975E+04 -4.736E+07
INSTANCE WITH CRITICAL ELEMENT: PART-1-1
  5880632  6.655E+01 6.655E+01  11:27:15 1.131E-05         803  2.975E+04 -4.774E+07
INSTANCE WITH CRITICAL ELEMENT: PART-1-1
  5897810  6.675E+01 6.675E+01  11:29:15 1.131E-05         803  2.974E+04 -4.812E+07
INSTANCE WITH CRITICAL ELEMENT: PART-1-1
  5915009  6.694E+01 6.694E+01  11:31:15 1.131E-05         803  2.974E+04 -4.850E+07
INSTANCE WITH CRITICAL ELEMENT: PART-1-1
  5932220  6.714E+01 6.714E+01  11:33:15 1.131E-05         803  2.973E+04 -4.889E+07
INSTANCE WITH CRITICAL ELEMENT: PART-1-1
  5949431  6.733E+01 6.733E+01  11:35:15 1.131E-05         803  2.973E+04 -4.927E+07
INSTANCE WITH CRITICAL ELEMENT: PART-1-1
  5966687  6.753E+01 6.753E+01  11:37:15 1.131E-05         803  2.973E+04 -4.966E+07
INSTANCE WITH CRITICAL ELEMENT: PART-1-1
  5983974  6.772E+01 6.772E+01  11:39:15 1.131E-05         803  2.973E+04 -5.004E+07
INSTANCE WITH CRITICAL ELEMENT: PART-1-1
  6001255  6.792E+01 6.792E+01  11:41:15 1.131E-05         803  2.973E+04 -5.043E+07
INSTANCE WITH CRITICAL ELEMENT: PART-1-1
  6018491  6.811E+01 6.811E+01  11:43:15 1.131E-05         803  2.973E+04 -5.082E+07
INSTANCE WITH CRITICAL ELEMENT: PART-1-1
  6035720  6.831E+01 6.831E+01  11:45:15 1.131E-05         803  2.973E+04 -5.121E+07
INSTANCE WITH CRITICAL ELEMENT: PART-1-1
  6052938  6.850E+01 6.850E+01  11:47:15 1.131E-05         803  2.973E+04 -5.160E+07
INSTANCE WITH CRITICAL ELEMENT: PART-1-1

 STEP 1  ORIGIN 0.0000

              STEP     TOTAL       CPU      STABLE    CRITICAL    KINETIC      TOTAL
INCREMENT     TIME      TIME      TIME   INCREMENT     ELEMENT     ENERGY     ENERGY
  6070133  6.870E+01 6.870E+01  11:49:15 1.131E-05         803  2.973E+04 -5.199E+07
INSTANCE WITH CRITICAL ELEMENT: PART-1-1
  6087237  6.889E+01 6.889E+01  11:51:15 1.131E-05         803  2.972E+04 -5.237E+07
INSTANCE WITH CRITICAL ELEMENT: PART-1-1
  6104458  6.909E+01 6.909E+01  11:53:15 1.131E-05         803  2.972E+04 -5.276E+07
INSTANCE WITH CRITICAL ELEMENT: PART-1-1
  6121674  6.928E+01 6.928E+01  11:55:15 1.131E-05         803  2.972E+04 -5.316E+07
INSTANCE WITH CRITICAL ELEMENT: PART-1-1
  6138849  6.947E+01 6.947E+01  11:57:15 1.131E-05         803  2.972E+04 -5.355E+07
INSTANCE WITH CRITICAL ELEMENT: PART-1-1
  6155999  6.967E+01 6.967E+01  11:59:15 1.131E-05         803  2.972E+04 -5.394E+07
INSTANCE WITH CRITICAL ELEMENT: PART-1-1
  6173140  6.986E+01 6.986E+01  12:01:15 1.131E-05         803  2.971E+04 -5.433E+07
INSTANCE WITH CRITICAL ELEMENT: PART-1-1
  6185271  7.000E+01 7.000E+01  12:02:40 1.131E-05         803  2.971E+04 -5.461E+07
INSTANCE WITH CRITICAL ELEMENT: PART-1-1
ODB Field Frame Number     14 of     20 requested intervals at  7.000000E+01
  6202463  7.019E+01 7.019E+01  12:04:40 1.131E-05         803  2.971E+04 -5.501E+07
INSTANCE WITH CRITICAL ELEMENT: PART-1-1
  6219656  7.039E+01 7.039E+01  12:06:40 1.131E-05         803  2.971E+04 -5.540E+07
INSTANCE WITH CRITICAL ELEMENT: PART-1-1
  6236852  7.058E+01 7.058E+01  12:08:40 1.131E-05         803  2.971E+04 -5.580E+07
INSTANCE WITH CRITICAL ELEMENT: PART-1-1
  6254092  7.078E+01 7.078E+01  12:10:40 1.131E-05         803  2.971E+04 -5.620E+07
INSTANCE WITH CRITICAL ELEMENT: PART-1-1
  6271294  7.097E+01 7.097E+01  12:12:40 1.131E-05         803  2.970E+04 -5.660E+07
INSTANCE WITH CRITICAL ELEMENT: PART-1-1
  6288465  7.117E+01 7.117E+01  12:14:40 1.131E-05         803  2.970E+04 -5.700E+07
INSTANCE WITH CRITICAL ELEMENT: PART-1-1
  6305609  7.136E+01 7.136E+01  12:16:40 1.131E-05         803  2.974E+04 -5.740E+07
INSTANCE WITH CRITICAL ELEMENT: PART-1-1
  6322755  7.156E+01 7.156E+01  12:18:40 1.131E-05         803  2.978E+04 -5.781E+07
INSTANCE WITH CRITICAL ELEMENT: PART-1-1
  6339927  7.175E+01 7.175E+01  12:20:40 1.131E-05         803  2.976E+04 -5.822E+07
INSTANCE WITH CRITICAL ELEMENT: PART-1-1
  6356851  7.194E+01 7.194E+01  12:22:40 1.131E-05         803  2.973E+04 -5.863E+07
INSTANCE WITH CRITICAL ELEMENT: PART-1-1
  6374038  7.214E+01 7.214E+01  12:24:40 1.131E-05         803  2.971E+04 -5.904E+07
INSTANCE WITH CRITICAL ELEMENT: PART-1-1
  6390831  7.233E+01 7.233E+01  12:26:40 1.131E-05         803  2.988E+04 -5.945E+07
INSTANCE WITH CRITICAL ELEMENT: PART-1-1
  6407907  7.252E+01 7.252E+01  12:28:40 1.131E-05         803  2.990E+04 -5.987E+07
INSTANCE WITH CRITICAL ELEMENT: PART-1-1
  6425100  7.271E+01 7.271E+01  12:30:40 1.131E-05         803  2.991E+04 -6.030E+07
INSTANCE WITH CRITICAL ELEMENT: PART-1-1
  6442243  7.291E+01 7.291E+01  12:32:40 1.131E-05         803  2.992E+04 -6.073E+07
INSTANCE WITH CRITICAL ELEMENT: PART-1-1
  6459398  7.310E+01 7.310E+01  12:34:40 1.131E-05         803  2.992E+04 -6.116E+07
INSTANCE WITH CRITICAL ELEMENT: PART-1-1
  6476557  7.330E+01 7.330E+01  12:36:40 1.131E-05         803  2.992E+04 -6.160E+07
INSTANCE WITH CRITICAL ELEMENT: PART-1-1
  6493788  7.349E+01 7.349E+01  12:38:40 1.131E-05         803  2.992E+04 -6.204E+07
INSTANCE WITH CRITICAL ELEMENT: PART-1-1
  6511001  7.369E+01 7.369E+01  12:40:40 1.131E-05         803  2.989E+04 -6.248E+07
INSTANCE WITH CRITICAL ELEMENT: PART-1-1
  6528130  7.388E+01 7.388E+01  12:42:40 1.131E-05         803  2.968E+04 -6.292E+07
INSTANCE WITH CRITICAL ELEMENT: PART-1-1
  6545238  7.407E+01 7.407E+01  12:44:40 1.131E-05         803  2.964E+04 -6.337E+07
INSTANCE WITH CRITICAL ELEMENT: PART-1-1
  6562348  7.427E+01 7.427E+01  12:46:40 1.131E-05         803  2.944E+04 -6.383E+07
INSTANCE WITH CRITICAL ELEMENT: PART-1-1
  6579438  7.446E+01 7.446E+01  12:48:40 1.131E-05         803  2.959E+04 -6.430E+07
INSTANCE WITH CRITICAL ELEMENT: PART-1-1
  6596535  7.465E+01 7.465E+01  12:50:40 1.131E-05         803  2.964E+04 -6.477E+07
INSTANCE WITH CRITICAL ELEMENT: PART-1-1
  6613592  7.485E+01 7.485E+01  12:52:40 1.131E-05         803  2.967E+04 -6.525E+07
INSTANCE WITH CRITICAL ELEMENT: PART-1-1
  6627201  7.500E+01 7.500E+01  12:54:15 1.131E-05         803  2.964E+04 -6.563E+07
INSTANCE WITH CRITICAL ELEMENT: PART-1-1
ODB Field Frame Number     15 of     20 requested intervals at  7.500001E+01
  6644318  7.519E+01 7.519E+01  12:56:15 1.131E-05         803  2.944E+04 -6.612E+07
INSTANCE WITH CRITICAL ELEMENT: PART-1-1
  6661323  7.539E+01 7.539E+01  12:58:15 1.131E-05         803  2.956E+04 -6.661E+07
INSTANCE WITH CRITICAL ELEMENT: PART-1-1
  6678329  7.558E+01 7.558E+01  13:00:15 1.131E-05         803  2.952E+04 -6.711E+07
INSTANCE WITH CRITICAL ELEMENT: PART-1-1
  6695499  7.577E+01 7.577E+01  13:02:15 1.131E-05         803  2.957E+04 -6.762E+07
INSTANCE WITH CRITICAL ELEMENT: PART-1-1
  6712662  7.597E+01 7.597E+01  13:04:15 1.131E-05         803  2.961E+04 -6.813E+07
INSTANCE WITH CRITICAL ELEMENT: PART-1-1
  6729828  7.616E+01 7.616E+01  13:06:15 1.131E-05         803  2.972E+04 -6.864E+07
INSTANCE WITH CRITICAL ELEMENT: PART-1-1

 STEP 1  ORIGIN 0.0000

              STEP     TOTAL       CPU      STABLE    CRITICAL    KINETIC      TOTAL
INCREMENT     TIME      TIME      TIME   INCREMENT     ELEMENT     ENERGY     ENERGY
  6746993  7.636E+01 7.636E+01  13:08:15 1.131E-05         803  2.974E+04 -6.916E+07
INSTANCE WITH CRITICAL ELEMENT: PART-1-1
  6764170  7.655E+01 7.655E+01  13:10:15 1.131E-05         803  2.967E+04 -6.969E+07
INSTANCE WITH CRITICAL ELEMENT: PART-1-1
  6781326  7.674E+01 7.674E+01  13:12:15 1.131E-05         803  2.973E+04 -7.021E+07
INSTANCE WITH CRITICAL ELEMENT: PART-1-1
  6798500  7.694E+01 7.694E+01  13:14:15 1.131E-05         803  2.989E+04 -7.075E+07
INSTANCE WITH CRITICAL ELEMENT: PART-1-1
  6815631  7.713E+01 7.713E+01  13:16:15 1.131E-05         803  2.987E+04 -7.129E+07
INSTANCE WITH CRITICAL ELEMENT: PART-1-1
  6832790  7.733E+01 7.733E+01  13:18:15 1.131E-05         803  2.987E+04 -7.183E+07
INSTANCE WITH CRITICAL ELEMENT: PART-1-1
  6849945  7.752E+01 7.752E+01  13:20:15 1.131E-05         803  2.983E+04 -7.238E+07
INSTANCE WITH CRITICAL ELEMENT: PART-1-1
  6867084  7.771E+01 7.771E+01  13:22:15 1.131E-05         803  2.986E+04 -7.292E+07
INSTANCE WITH CRITICAL ELEMENT: PART-1-1
  6884237  7.791E+01 7.791E+01  13:24:15 1.131E-05         803  2.980E+04 -7.347E+07
INSTANCE WITH CRITICAL ELEMENT: PART-1-1
  6901390  7.810E+01 7.810E+01  13:26:15 1.131E-05         803  2.976E+04 -7.402E+07
INSTANCE WITH CRITICAL ELEMENT: PART-1-1
  6918513  7.830E+01 7.830E+01  13:28:15 1.131E-05         803  2.970E+04 -7.457E+07
INSTANCE WITH CRITICAL ELEMENT: PART-1-1
  6935646  7.849E+01 7.849E+01  13:30:15 1.131E-05         803  2.959E+04 -7.513E+07
INSTANCE WITH CRITICAL ELEMENT: PART-1-1
  6952809  7.868E+01 7.868E+01  13:32:15 1.131E-05         803  2.949E+04 -7.570E+07
INSTANCE WITH CRITICAL ELEMENT: PART-1-1
  6969924  7.888E+01 7.888E+01  13:34:15 1.131E-05         803  2.945E+04 -7.626E+07
INSTANCE WITH CRITICAL ELEMENT: PART-1-1
  6986993  7.907E+01 7.907E+01  13:36:15 1.131E-05         803  2.942E+04 -7.683E+07
INSTANCE WITH CRITICAL ELEMENT: PART-1-1
  7004083  7.926E+01 7.926E+01  13:38:15 1.131E-05         803  2.937E+04 -7.740E+07
INSTANCE WITH CRITICAL ELEMENT: PART-1-1
  7021184  7.946E+01 7.946E+01  13:40:15 1.131E-05         803  2.935E+04 -7.798E+07
INSTANCE WITH CRITICAL ELEMENT: PART-1-1
  7038298  7.965E+01 7.965E+01  13:42:15 1.131E-05         803  2.934E+04 -7.856E+07
INSTANCE WITH CRITICAL ELEMENT: PART-1-1
  7055404  7.984E+01 7.984E+01  13:44:15 1.131E-05         803  2.937E+04 -7.914E+07
INSTANCE WITH CRITICAL ELEMENT: PART-1-1
  7069145  8.000E+01 8.000E+01  13:45:52 1.131E-05         803  2.936E+04 -7.961E+07
INSTANCE WITH CRITICAL ELEMENT: PART-1-1
ODB Field Frame Number     16 of     20 requested intervals at  8.000001E+01
  7086293  8.019E+01 8.019E+01  13:47:52 1.131E-05         803  2.935E+04 -8.020E+07
INSTANCE WITH CRITICAL ELEMENT: PART-1-1
  7103487  8.039E+01 8.039E+01  13:49:52 1.131E-05         803  2.934E+04 -8.080E+07
INSTANCE WITH CRITICAL ELEMENT: PART-1-1
  7120656  8.058E+01 8.058E+01  13:51:52 1.131E-05         803  2.945E+04 -8.139E+07
INSTANCE WITH CRITICAL ELEMENT: PART-1-1
  7137720  8.078E+01 8.078E+01  13:53:52 1.131E-05         803  2.932E+04 -8.198E+07
INSTANCE WITH CRITICAL ELEMENT: PART-1-1
  7154804  8.097E+01 8.097E+01  13:55:52 1.131E-05         803  2.920E+04 -8.258E+07
INSTANCE WITH CRITICAL ELEMENT: PART-1-1
  7171897  8.116E+01 8.116E+01  13:57:52 1.131E-05         803  2.936E+04 -8.318E+07
INSTANCE WITH CRITICAL ELEMENT: PART-1-1
  7188990  8.136E+01 8.136E+01  13:59:52 1.131E-05         803  2.921E+04 -8.378E+07
INSTANCE WITH CRITICAL ELEMENT: PART-1-1
  7206096  8.155E+01 8.155E+01  14:01:52 1.131E-05         803  2.918E+04 -8.438E+07
INSTANCE WITH CRITICAL ELEMENT: PART-1-1
  7223195  8.174E+01 8.174E+01  14:03:52 1.131E-05         803  2.917E+04 -8.497E+07
INSTANCE WITH CRITICAL ELEMENT: PART-1-1
  7240293  8.194E+01 8.194E+01  14:05:52 1.131E-05         803  2.921E+04 -8.557E+07
INSTANCE WITH CRITICAL ELEMENT: PART-1-1
  7257404  8.213E+01 8.213E+01  14:07:52 1.131E-05         803  2.963E+04 -8.617E+07
INSTANCE WITH CRITICAL ELEMENT: PART-1-1
  7274587  8.232E+01 8.232E+01  14:09:52 1.131E-05         803  2.942E+04 -8.678E+07
INSTANCE WITH CRITICAL ELEMENT: PART-1-1
  7291738  8.252E+01 8.252E+01  14:11:52 1.131E-05         803  2.911E+04 -8.738E+07
INSTANCE WITH CRITICAL ELEMENT: PART-1-1
  7308911  8.271E+01 8.271E+01  14:13:52 1.131E-05         803  2.920E+04 -8.798E+07
INSTANCE WITH CRITICAL ELEMENT: PART-1-1
  7326086  8.291E+01 8.291E+01  14:15:52 1.131E-05         803  2.978E+04 -8.859E+07
INSTANCE WITH CRITICAL ELEMENT: PART-1-1
  7343300  8.310E+01 8.310E+01  14:17:52 1.131E-05         803  2.944E+04 -8.920E+07
INSTANCE WITH CRITICAL ELEMENT: PART-1-1
  7360500  8.330E+01 8.330E+01  14:19:52 1.131E-05         803  2.960E+04 -8.981E+07
INSTANCE WITH CRITICAL ELEMENT: PART-1-1
  7377716  8.349E+01 8.349E+01  14:21:52 1.131E-05         803  2.948E+04 -9.042E+07
INSTANCE WITH CRITICAL ELEMENT: PART-1-1
  7394916  8.369E+01 8.369E+01  14:23:52 1.131E-05         803  2.948E+04 -9.104E+07
INSTANCE WITH CRITICAL ELEMENT: PART-1-1
  7412103  8.388E+01 8.388E+01  14:25:52 1.131E-05         803  2.947E+04 -9.165E+07
INSTANCE WITH CRITICAL ELEMENT: PART-1-1

 STEP 1  ORIGIN 0.0000

              STEP     TOTAL       CPU      STABLE    CRITICAL    KINETIC      TOTAL
INCREMENT     TIME      TIME      TIME   INCREMENT     ELEMENT     ENERGY     ENERGY
  7429310  8.407E+01 8.407E+01  14:27:52 1.131E-05         803  2.944E+04 -9.227E+07
INSTANCE WITH CRITICAL ELEMENT: PART-1-1
  7446512  8.427E+01 8.427E+01  14:29:52 1.131E-05         803  2.942E+04 -9.289E+07
INSTANCE WITH CRITICAL ELEMENT: PART-1-1
  7463577  8.446E+01 8.446E+01  14:31:52 1.131E-05         803  2.940E+04 -9.351E+07
INSTANCE WITH CRITICAL ELEMENT: PART-1-1
  7480668  8.466E+01 8.466E+01  14:33:52 1.131E-05         803  2.937E+04 -9.413E+07
INSTANCE WITH CRITICAL ELEMENT: PART-1-1
  7497786  8.485E+01 8.485E+01  14:35:52 1.131E-05         803  2.933E+04 -9.475E+07
INSTANCE WITH CRITICAL ELEMENT: PART-1-1
  7511107  8.500E+01 8.500E+01  14:37:25 1.131E-05         803  2.929E+04 -9.523E+07
INSTANCE WITH CRITICAL ELEMENT: PART-1-1
ODB Field Frame Number     17 of     20 requested intervals at  8.500000E+01
  7528264  8.519E+01 8.519E+01  14:39:25 1.131E-05         803  2.911E+04 -9.586E+07
INSTANCE WITH CRITICAL ELEMENT: PART-1-1
  7545416  8.539E+01 8.539E+01  14:41:25 1.131E-05         803  2.916E+04 -9.648E+07
INSTANCE WITH CRITICAL ELEMENT: PART-1-1
  7562591  8.558E+01 8.558E+01  14:43:25 1.131E-05         803  2.910E+04 -9.712E+07
INSTANCE WITH CRITICAL ELEMENT: PART-1-1
  7579772  8.578E+01 8.578E+01  14:45:25 1.131E-05         803  2.900E+04 -9.777E+07
INSTANCE WITH CRITICAL ELEMENT: PART-1-1
  7596829  8.597E+01 8.597E+01  14:47:25 1.131E-05         803  2.887E+04 -9.842E+07
INSTANCE WITH CRITICAL ELEMENT: PART-1-1
  7613931  8.616E+01 8.616E+01  14:49:25 1.131E-05         803  2.893E+04 -9.908E+07
INSTANCE WITH CRITICAL ELEMENT: PART-1-1
  7631031  8.636E+01 8.636E+01  14:51:25 1.131E-05         803  2.901E+04 -9.975E+07
INSTANCE WITH CRITICAL ELEMENT: PART-1-1
  7648140  8.655E+01 8.655E+01  14:53:25 1.131E-05         803  2.923E+04 -1.004E+08
INSTANCE WITH CRITICAL ELEMENT: PART-1-1
  7665244  8.674E+01 8.674E+01  14:55:25 1.131E-05         803  2.965E+04 -1.011E+08
INSTANCE WITH CRITICAL ELEMENT: PART-1-1
  7682406  8.694E+01 8.694E+01  14:57:25 1.131E-05         803  2.930E+04 -1.018E+08
INSTANCE WITH CRITICAL ELEMENT: PART-1-1
  7699463  8.713E+01 8.713E+01  14:59:25 1.131E-05         803  2.896E+04 -1.025E+08
INSTANCE WITH CRITICAL ELEMENT: PART-1-1
  7716416  8.732E+01 8.732E+01  15:01:25 1.131E-05         803  2.876E+04 -1.032E+08
INSTANCE WITH CRITICAL ELEMENT: PART-1-1
  7733372  8.751E+01 8.751E+01  15:03:25 1.131E-05         803  2.876E+04 -1.039E+08
INSTANCE WITH CRITICAL ELEMENT: PART-1-1
  7750359  8.771E+01 8.771E+01  15:05:25 1.131E-05         803  2.926E+04 -1.046E+08
INSTANCE WITH CRITICAL ELEMENT: PART-1-1
  7767382  8.790E+01 8.790E+01  15:07:25 1.131E-05         803  2.910E+04 -1.053E+08
INSTANCE WITH CRITICAL ELEMENT: PART-1-1
  7784443  8.809E+01 8.809E+01  15:09:25 1.131E-05         803  2.898E+04 -1.060E+08
INSTANCE WITH CRITICAL ELEMENT: PART-1-1
  7801463  8.828E+01 8.828E+01  15:11:25 1.131E-05         803  2.875E+04 -1.067E+08
INSTANCE WITH CRITICAL ELEMENT: PART-1-1
  7818598  8.848E+01 8.848E+01  15:13:25 1.131E-05         803  2.928E+04 -1.074E+08
INSTANCE WITH CRITICAL ELEMENT: PART-1-1
  7835623  8.867E+01 8.867E+01  15:15:25 1.131E-05         803  2.946E+04 -1.081E+08
INSTANCE WITH CRITICAL ELEMENT: PART-1-1
  7852741  8.886E+01 8.886E+01  15:17:25 1.131E-05         803  2.933E+04 -1.088E+08
INSTANCE WITH CRITICAL ELEMENT: PART-1-1
  7869870  8.906E+01 8.906E+01  15:19:25 1.131E-05         803  2.901E+04 -1.095E+08
INSTANCE WITH CRITICAL ELEMENT: PART-1-1
  7886970  8.925E+01 8.925E+01  15:21:25 1.131E-05         803  2.828E+04 -1.103E+08
INSTANCE WITH CRITICAL ELEMENT: PART-1-1
  7904137  8.945E+01 8.945E+01  15:23:25 1.131E-05         803  2.850E+04 -1.110E+08
INSTANCE WITH CRITICAL ELEMENT: PART-1-1
  7921328  8.964E+01 8.964E+01  15:25:25 1.131E-05         803  2.861E+04 -1.117E+08
INSTANCE WITH CRITICAL ELEMENT: PART-1-1
  7938474  8.983E+01 8.983E+01  15:27:25 1.131E-05         803  2.817E+04 -1.125E+08
INSTANCE WITH CRITICAL ELEMENT: PART-1-1
  7953088  9.000E+01 9.000E+01  15:29:07 1.131E-05         803  2.839E+04 -1.131E+08
INSTANCE WITH CRITICAL ELEMENT: PART-1-1
ODB Field Frame Number     18 of     20 requested intervals at  9.000000E+01
  7970246  9.019E+01 9.019E+01  15:31:07 1.131E-05         803  2.904E+04 -1.138E+08
INSTANCE WITH CRITICAL ELEMENT: PART-1-1
  7987407  9.039E+01 9.039E+01  15:33:07 1.131E-05         803  2.911E+04 -1.145E+08
INSTANCE WITH CRITICAL ELEMENT: PART-1-1
  8004516  9.058E+01 9.058E+01  15:35:07 1.131E-05         803  2.871E+04 -1.153E+08
INSTANCE WITH CRITICAL ELEMENT: PART-1-1
  8021459  9.077E+01 9.077E+01  15:37:07 1.131E-05         803  2.852E+04 -1.160E+08
INSTANCE WITH CRITICAL ELEMENT: PART-1-1
  8038506  9.097E+01 9.097E+01  15:39:07 1.131E-05         803  2.857E+04 -1.167E+08
INSTANCE WITH CRITICAL ELEMENT: PART-1-1
  8055566  9.116E+01 9.116E+01  15:41:07 1.131E-05         803  2.863E+04 -1.175E+08
INSTANCE WITH CRITICAL ELEMENT: PART-1-1
  8072675  9.135E+01 9.135E+01  15:43:07 1.131E-05         803  2.793E+04 -1.182E+08
INSTANCE WITH CRITICAL ELEMENT: PART-1-1
  8089839  9.155E+01 9.155E+01  15:45:07 1.131E-05         803  2.819E+04 -1.189E+08
INSTANCE WITH CRITICAL ELEMENT: PART-1-1

 STEP 1  ORIGIN 0.0000

              STEP     TOTAL       CPU      STABLE    CRITICAL    KINETIC      TOTAL
INCREMENT     TIME      TIME      TIME   INCREMENT     ELEMENT     ENERGY     ENERGY
  8107029  9.174E+01 9.174E+01  15:47:07 1.131E-05         803  2.802E+04 -1.197E+08
INSTANCE WITH CRITICAL ELEMENT: PART-1-1
  8123994  9.193E+01 9.193E+01  15:49:07 1.131E-05         803  2.788E+04 -1.204E+08
INSTANCE WITH CRITICAL ELEMENT: PART-1-1
  8140793  9.212E+01 9.212E+01  15:51:07 1.131E-05         803  2.767E+04 -1.211E+08
INSTANCE WITH CRITICAL ELEMENT: PART-1-1
  8157655  9.231E+01 9.231E+01  15:53:07 1.131E-05         803  2.793E+04 -1.218E+08
INSTANCE WITH CRITICAL ELEMENT: PART-1-1
  8174696  9.251E+01 9.251E+01  15:55:07 1.131E-05         803  2.650E+04 -1.226E+08
INSTANCE WITH CRITICAL ELEMENT: PART-1-1
  8191729  9.270E+01 9.270E+01  15:57:07 1.131E-05         803  2.577E+04 -1.233E+08
INSTANCE WITH CRITICAL ELEMENT: PART-1-1
  8208866  9.289E+01 9.289E+01  15:59:07 1.131E-05         803  2.586E+04 -1.240E+08
INSTANCE WITH CRITICAL ELEMENT: PART-1-1
  8226038  9.309E+01 9.309E+01  16:01:07 1.131E-05         803  2.629E+04 -1.247E+08
INSTANCE WITH CRITICAL ELEMENT: PART-1-1
  8243211  9.328E+01 9.328E+01  16:03:07 1.131E-05         803  2.610E+04 -1.254E+08
INSTANCE WITH CRITICAL ELEMENT: PART-1-1
  8260427  9.348E+01 9.348E+01  16:05:07 1.131E-05         803  2.617E+04 -1.262E+08
INSTANCE WITH CRITICAL ELEMENT: PART-1-1
  8277592  9.367E+01 9.367E+01  16:07:07 1.131E-05         803  2.646E+04 -1.269E+08
INSTANCE WITH CRITICAL ELEMENT: PART-1-1
  8294553  9.386E+01 9.386E+01  16:09:07 1.131E-05         803  2.633E+04 -1.276E+08
INSTANCE WITH CRITICAL ELEMENT: PART-1-1
  8311619  9.406E+01 9.406E+01  16:11:07 1.131E-05         803  2.637E+04 -1.284E+08
INSTANCE WITH CRITICAL ELEMENT: PART-1-1
  8328652  9.425E+01 9.425E+01  16:13:07 1.131E-05         803  2.664E+04 -1.291E+08
INSTANCE WITH CRITICAL ELEMENT: PART-1-1
  8345714  9.444E+01 9.444E+01  16:15:07 1.131E-05         803  2.686E+04 -1.298E+08
INSTANCE WITH CRITICAL ELEMENT: PART-1-1
  8362763  9.463E+01 9.463E+01  16:17:07 1.131E-05         803  2.687E+04 -1.306E+08
INSTANCE WITH CRITICAL ELEMENT: PART-1-1
  8379783  9.483E+01 9.483E+01  16:19:07 1.131E-05         803  2.555E+04 -1.313E+08
INSTANCE WITH CRITICAL ELEMENT: PART-1-1
  8395091  9.500E+01 9.500E+01  16:20:55 1.131E-05         803  2.583E+04 -1.320E+08
INSTANCE WITH CRITICAL ELEMENT: PART-1-1
ODB Field Frame Number     19 of     20 requested intervals at  9.500001E+01
  8412142  9.519E+01 9.519E+01  16:22:55 1.131E-05         803  2.468E+04 -1.327E+08
INSTANCE WITH CRITICAL ELEMENT: PART-1-1
  8429164  9.539E+01 9.539E+01  16:24:55 1.131E-05         803  2.292E+04 -1.334E+08
INSTANCE WITH CRITICAL ELEMENT: PART-1-1
  8446084  9.558E+01 9.558E+01  16:26:55 1.131E-05         803  2.296E+04 -1.342E+08
INSTANCE WITH CRITICAL ELEMENT: PART-1-1
  8462581  9.576E+01 9.576E+01  16:28:55 1.131E-05         803  2.144E+04 -1.349E+08
INSTANCE WITH CRITICAL ELEMENT: PART-1-1
  8478950  9.595E+01 9.595E+01  16:30:55 1.131E-05         803  2.129E+04 -1.356E+08
INSTANCE WITH CRITICAL ELEMENT: PART-1-1
  8496043  9.614E+01 9.614E+01  16:32:55 1.131E-05         803  2.128E+04 -1.364E+08
INSTANCE WITH CRITICAL ELEMENT: PART-1-1
  8513239  9.634E+01 9.634E+01  16:34:55 1.131E-05         803  2.126E+04 -1.371E+08
INSTANCE WITH CRITICAL ELEMENT: PART-1-1
  8530443  9.653E+01 9.653E+01  16:36:55 1.131E-05         803  2.111E+04 -1.379E+08
INSTANCE WITH CRITICAL ELEMENT: PART-1-1
  8547609  9.673E+01 9.673E+01  16:38:55 1.131E-05         803  2.116E+04 -1.386E+08
INSTANCE WITH CRITICAL ELEMENT: PART-1-1
  8564749  9.692E+01 9.692E+01  16:40:55 1.131E-05         803  2.107E+04 -1.394E+08
INSTANCE WITH CRITICAL ELEMENT: PART-1-1
  8581884  9.711E+01 9.711E+01  16:42:55 1.131E-05         803  2.102E+04 -1.402E+08
INSTANCE WITH CRITICAL ELEMENT: PART-1-1
  8599016  9.731E+01 9.731E+01  16:44:55 1.131E-05         803  2.060E+04 -1.409E+08
INSTANCE WITH CRITICAL ELEMENT: PART-1-1
  8616128  9.750E+01 9.750E+01  16:46:55 1.131E-05         803  2.132E+04 -1.417E+08
INSTANCE WITH CRITICAL ELEMENT: PART-1-1
  8633220  9.769E+01 9.769E+01  16:48:55 1.131E-05         803  2.089E+04 -1.425E+08
INSTANCE WITH CRITICAL ELEMENT: PART-1-1
  8650320  9.789E+01 9.789E+01  16:50:55 1.131E-05         803  2.110E+04 -1.432E+08
INSTANCE WITH CRITICAL ELEMENT: PART-1-1
  8667418  9.808E+01 9.808E+01  16:52:55 1.131E-05         803  1.859E+04 -1.440E+08
INSTANCE WITH CRITICAL ELEMENT: PART-1-1
  8684482  9.827E+01 9.827E+01  16:54:55 1.131E-05         803  1.915E+04 -1.448E+08
INSTANCE WITH CRITICAL ELEMENT: PART-1-1
  8701630  9.847E+01 9.847E+01  16:56:55 1.131E-05         803  1.836E+04 -1.456E+08
INSTANCE WITH CRITICAL ELEMENT: PART-1-1
  8718827  9.866E+01 9.866E+01  16:58:55 1.131E-05         803  1.734E+04 -1.464E+08
INSTANCE WITH CRITICAL ELEMENT: PART-1-1
  8736042  9.886E+01 9.886E+01  17:00:55 1.131E-05         803  1.722E+04 -1.472E+08
INSTANCE WITH CRITICAL ELEMENT: PART-1-1
  8753259  9.905E+01 9.905E+01  17:02:55 1.131E-05         803  1.719E+04 -1.481E+08
INSTANCE WITH CRITICAL ELEMENT: PART-1-1
  8770447  9.925E+01 9.925E+01  17:04:55 1.131E-05         803  1.717E+04 -1.489E+08
INSTANCE WITH CRITICAL ELEMENT: PART-1-1

 STEP 1  ORIGIN 0.0000

              STEP     TOTAL       CPU      STABLE    CRITICAL    KINETIC      TOTAL
INCREMENT     TIME      TIME      TIME   INCREMENT     ELEMENT     ENERGY     ENERGY
  8787574  9.944E+01 9.944E+01  17:06:55 1.131E-05         803  1.717E+04 -1.498E+08
INSTANCE WITH CRITICAL ELEMENT: PART-1-1
  8804742  9.963E+01 9.963E+01  17:08:55 1.131E-05         803  1.717E+04 -1.507E+08
INSTANCE WITH CRITICAL ELEMENT: PART-1-1
  8821957  9.983E+01 9.983E+01  17:10:55 1.131E-05         803  1.716E+04 -1.515E+08
INSTANCE WITH CRITICAL ELEMENT: PART-1-1
  8837160  1.000E+02 1.000E+02  17:12:41 1.131E-05         803  1.715E+04 -1.523E+08
INSTANCE WITH CRITICAL ELEMENT: PART-1-1
Restart Number  1 at 100.00
ODB Field Frame Number     20 of     20 requested intervals at  1.000000E+02

  THE ANALYSIS HAS COMPLETED SUCCESSFULLY

