Abaqus JOB Job-1
Abaqus 6.13-1
Abaqus License Manager checked out the following licenses:
Abaqus/Explicit checked out 5 tokens.
<1530 out of 1631 licenses remain available>.
Begin Compiling Double Precision Abaqus/Explicit User Subroutines
Wed Dec 15 17:36:01 2021
Intel(R) Fortran Intel(R) 64 Compiler XE for applications running on Intel(R) 64, Version 15.0.1.133 Build 20141023
Copyright (C) 1985-2014 Intel Corporation.  All rights reserved.

 Intel(R) Fortran 15.0-1750
End Compiling Double Precision Abaqus/Explicit User Subroutines
Begin Linking Double Precision Abaqus/Explicit User Subroutines
Intel(R) Fortran Intel(R) 64 Compiler XE for applications running on Intel(R) 64, Version 15.0.1.133 Build 20141023
Copyright (C) 1985-2014 Intel Corporation.  All rights reserved.
ifort: command line remark #10148: option '-i-dynamic' not supported

GNU ld (GNU Binutils for Ubuntu) 2.30
End Linking Double Precision Abaqus/Explicit User Subroutines
Wed Dec 15 17:36:05 2021
Begin Compiling Single Precision Abaqus/Package User Subroutines
Wed Dec 15 17:36:05 2021
Intel(R) Fortran Intel(R) 64 Compiler XE for applications running on Intel(R) 64, Version 15.0.1.133 Build 20141023
Copyright (C) 1985-2014 Intel Corporation.  All rights reserved.

 Intel(R) Fortran 15.0-1750
End Compiling Single Precision Abaqus/Package User Subroutines
Begin Linking Single Precision Abaqus/Package User Subroutines
Intel(R) Fortran Intel(R) 64 Compiler XE for applications running on Intel(R) 64, Version 15.0.1.133 Build 20141023
Copyright (C) 1985-2014 Intel Corporation.  All rights reserved.
ifort: command line remark #10148: option '-i-dynamic' not supported

GNU ld (GNU Binutils for Ubuntu) 2.30
End Linking Single Precision Abaqus/Package User Subroutines
Wed Dec 15 17:36:08 2021
Begin Analysis Input File Processor
Wed Dec 15 17:36:08 2021
Run pre
Wed Dec 15 17:36:10 2021
End Analysis Input File Processor
Begin Abaqus/Explicit Packager
Wed Dec 15 17:36:10 2021
Run package
Wed Dec 15 17:36:13 2021
End Abaqus/Explicit Packager
Begin Abaqus/Explicit Analysis
Wed Dec 15 17:36:13 2021
Run explicit_dp
Thu Dec 16 17:08:51 2021
End Abaqus/Explicit Analysis
Begin Selected Results Translator
Thu Dec 16 17:08:51 2021
Run select
Thu Dec 16 17:08:52 2021
End Selected Results Translator
Abaqus JOB Job-1 COMPLETED
