Abaqus/Explicit 6.13-1                           DATE 15-Dec-2021  TIME 17:36:10
-------------------------------------------------------------------------------
 PREPROCESSOR WARNING MESSAGES
-------------------------------------------------------------------------------


***WARNING: There are 2 warning messages in the data (.dat) file.  Please
            check the data file for possible errors in the input file.


-------------------------------------------------------------------------------
  USER SUBROUTINE VUMAT
-------------------------------------------------------------------------------


***WARNING: A material defined in user subroutine VUMAT must be defined as
            purely elastic (using the initial elastic modulus) at the
            beginning of the analysis (stepTime=0). This is an informative
            message. It does not necessarily indicate that user subroutine
            VUMAT is incorrectly defined.


-------------------------------------------------------------------------------
 MODEL INFORMATION (IN GLOBAL X-Y COORDINATES)
-------------------------------------------------------------------------------

   Total mass in model = 1.18571E+07
   Center of mass of model = (-9.836151E-07,-2.967570E-05, 5.000000E-01)

    Moments of Inertia :
                 About Center of Mass              About Origin
      I(XX)          1.680634E+10                  1.680931E+10
      I(YY)          1.680687E+10                  1.680984E+10
      I(ZZ)          3.360729E+10                  3.360729E+10
      I(XY)         -1.078524E+05                 -1.078524E+05
      I(YZ)          5.940322E+03                  6.116256E+03
      I(ZX)          1.661154E+01                  2.244297E+01

-------------------------------------------------------------------------------
 STABLE TIME INCREMENT INFORMATION
-------------------------------------------------------------------------------


  The stable time increment estimate for each element is based on
  linearization about the initial state.


   Initial time increment = 6.51019E-06

   Statistics for all elements:
      Mean = 2.81728E-05
      Standard deviation = 2.13568E-05

   Most critical elements:
    Element number   Rank    Time increment   Increment ratio
    (Instance name)
   ----------------------------------------------------------
         781          1       6.510190E-06      1.000000E+00
    PART-1-1
         810          2       6.515280E-06      9.992188E-01
    PART-1-1
         803          3       6.679588E-06      9.746395E-01
    PART-1-1
         850          4       7.336873E-06      8.873249E-01
    PART-1-1
         833          5       7.338357E-06      8.871455E-01
    PART-1-1
         783          6       7.386257E-06      8.813924E-01
    PART-1-1
         809          7       7.399196E-06      8.798511E-01
    PART-1-1
         807          8       7.485691E-06      8.696846E-01
    PART-1-1
         853          9       7.582256E-06      8.586086E-01
    PART-1-1
         849         10       7.988058E-06      8.149903E-01
    PART-1-1


  Instance name for the most critical element will be printed if the critical
  element changes or at the beginning of a new page.



Abaqus/Explicit 6.13-1                           DATE 15-Dec-2021  TIME 17:36:14

The double precision Abaqus/Explicit executable will be used in this analysis.


-------------------------------------------------------------------------------
 SOLUTION PROGRESS
-------------------------------------------------------------------------------

 STEP 1  ORIGIN 0.0000

  Total memory used for step 1 is approximately 8.3 megabytes.
  Global time estimation algorithm will be used.
  Scaling factor:  1.0000
  Variable mass scaling factor at zero increment: 1.0000
              STEP     TOTAL       CPU      STABLE    CRITICAL    KINETIC      TOTAL
INCREMENT     TIME      TIME      TIME   INCREMENT     ELEMENT     ENERGY     ENERGY
        0  0.000E+00 0.000E+00  00:00:00 6.510E-06         781  3.453E+03  3.453E+03
INSTANCE WITH CRITICAL ELEMENT: PART-1-1
ODB Field Frame Number      0 of     20 requested intervals at increment zero.

***WARNING: THE ANALYSIS NEEDS AN EXTREMELY LARGE NUMBER OF INCREMENTS (MORE
            THAN 2,000,000). CHECK THE PROPERTIES OF THE MOST CRITICAL
            ELEMENTS AND THE DATA FILE FOR WARNING MESSAGES.

    16308  1.991E-01 1.991E-01  00:02:00 1.221E-05         781  6.158E+04  5.528E+03
INSTANCE WITH CRITICAL ELEMENT: PART-1-1
    32769  4.001E-01 4.001E-01  00:04:00 1.221E-05         781  3.416E+04  1.066E+04
INSTANCE WITH CRITICAL ELEMENT: PART-1-1
    49432  6.036E-01 6.036E-01  00:06:00 1.221E-05         781  1.887E+04  1.925E+04
INSTANCE WITH CRITICAL ELEMENT: PART-1-1
    66337  8.100E-01 8.100E-01  00:08:00 1.221E-05         781  2.671E+04  3.120E+04
INSTANCE WITH CRITICAL ELEMENT: PART-1-1
    82952  1.013E+00 1.013E+00  00:10:00 1.221E-05         781  1.903E+04  4.646E+04
INSTANCE WITH CRITICAL ELEMENT: PART-1-1
    99577  1.216E+00 1.216E+00  00:12:00 1.221E-05         781  2.239E+04  6.528E+04
INSTANCE WITH CRITICAL ELEMENT: PART-1-1
   116258  1.420E+00 1.420E+00  00:14:00 1.221E-05         781  3.255E+04  8.733E+04
INSTANCE WITH CRITICAL ELEMENT: PART-1-1
   133016  1.624E+00 1.624E+00  00:16:00 1.221E-05         781  3.772E+04  1.133E+05
INSTANCE WITH CRITICAL ELEMENT: PART-1-1
   150076  1.832E+00 1.832E+00  00:18:00 1.221E-05         781  2.637E+04  1.431E+05
INSTANCE WITH CRITICAL ELEMENT: PART-1-1
   166565  2.034E+00 2.034E+00  00:20:00 1.221E-05         781  4.102E+04  1.759E+05
INSTANCE WITH CRITICAL ELEMENT: PART-1-1
   183233  2.237E+00 2.237E+00  00:22:00 1.221E-05         781  3.662E+04  2.125E+05
INSTANCE WITH CRITICAL ELEMENT: PART-1-1
   199996  2.442E+00 2.442E+00  00:24:00 1.220E-05         781  3.189E+04  2.533E+05
INSTANCE WITH CRITICAL ELEMENT: PART-1-1
   216975  2.649E+00 2.649E+00  00:26:00 1.220E-05         781  3.609E+04  2.983E+05
INSTANCE WITH CRITICAL ELEMENT: PART-1-1
   233753  2.854E+00 2.854E+00  00:28:00 1.220E-05         781  3.208E+04  3.471E+05
INSTANCE WITH CRITICAL ELEMENT: PART-1-1
   250615  3.059E+00 3.059E+00  00:30:00 1.220E-05         781  3.123E+04  3.998E+05
INSTANCE WITH CRITICAL ELEMENT: PART-1-1
   267596  3.267E+00 3.267E+00  00:32:00 1.220E-05         781  3.430E+04  4.572E+05
INSTANCE WITH CRITICAL ELEMENT: PART-1-1
   284305  3.471E+00 3.471E+00  00:34:00 1.220E-05         781  2.933E+04  5.177E+05
INSTANCE WITH CRITICAL ELEMENT: PART-1-1
   301444  3.680E+00 3.680E+00  00:36:00 1.220E-05         781  3.431E+04  5.839E+05
INSTANCE WITH CRITICAL ELEMENT: PART-1-1
   318060  3.882E+00 3.882E+00  00:38:00 1.220E-05         781  2.876E+04  6.524E+05
INSTANCE WITH CRITICAL ELEMENT: PART-1-1
   334826  4.087E+00 4.087E+00  00:40:00 1.220E-05         781  2.732E+04  7.256E+05
INSTANCE WITH CRITICAL ELEMENT: PART-1-1
   351813  4.294E+00 4.294E+00  00:42:00 1.220E-05         781  2.878E+04  8.043E+05
INSTANCE WITH CRITICAL ELEMENT: PART-1-1
   368847  4.502E+00 4.502E+00  00:44:00 1.220E-05         781  3.057E+04  8.876E+05
INSTANCE WITH CRITICAL ELEMENT: PART-1-1
   385602  4.706E+00 4.706E+00  00:46:00 1.220E-05         781  2.877E+04  9.739E+05
INSTANCE WITH CRITICAL ELEMENT: PART-1-1
   402329  4.910E+00 4.910E+00  00:48:00 1.220E-05         781  2.766E+04  1.065E+06
INSTANCE WITH CRITICAL ELEMENT: PART-1-1
   409680  5.000E+00 5.000E+00  00:48:52 1.220E-05         781  3.134E+04  1.106E+06
INSTANCE WITH CRITICAL ELEMENT: PART-1-1
ODB Field Frame Number      1 of     20 requested intervals at  5.000001E+00
   426952  5.211E+00 5.211E+00  00:50:52 1.220E-05         781  2.818E+04  1.206E+06
INSTANCE WITH CRITICAL ELEMENT: PART-1-1
   443616  5.414E+00 5.414E+00  00:52:52 1.220E-05         781  2.996E+04  1.307E+06
INSTANCE WITH CRITICAL ELEMENT: PART-1-1
   460285  5.617E+00 5.617E+00  00:54:52 1.219E-05         781  3.185E+04  1.413E+06
INSTANCE WITH CRITICAL ELEMENT: PART-1-1
   476942  5.820E+00 5.820E+00  00:56:52 1.219E-05         781  3.128E+04  1.524E+06
INSTANCE WITH CRITICAL ELEMENT: PART-1-1
   493621  6.024E+00 6.024E+00  00:58:52 1.219E-05         781  2.946E+04  1.639E+06
INSTANCE WITH CRITICAL ELEMENT: PART-1-1
   510193  6.226E+00 6.226E+00  01:00:52 1.219E-05         781  3.048E+04  1.494E+06
INSTANCE WITH CRITICAL ELEMENT: PART-1-1
   527280  6.434E+00 6.434E+00  01:02:52 1.219E-05         781  3.379E+04  1.365E+06
INSTANCE WITH CRITICAL ELEMENT: PART-1-1
   543629  6.633E+00 6.633E+00  01:04:52 1.219E-05         781  3.545E+04  1.402E+06
INSTANCE WITH CRITICAL ELEMENT: PART-1-1
   560049  6.833E+00 6.833E+00  01:06:52 1.218E-05         781  3.458E+04  1.474E+06
INSTANCE WITH CRITICAL ELEMENT: PART-1-1
   576057  7.028E+00 7.028E+00  01:08:52 1.218E-05         781  3.786E+04  1.553E+06
INSTANCE WITH CRITICAL ELEMENT: PART-1-1
   592384  7.227E+00 7.227E+00  01:10:52 1.217E-05         781  3.914E+04  1.470E+06
INSTANCE WITH CRITICAL ELEMENT: PART-1-1
   608324  7.421E+00 7.421E+00  01:12:52 1.217E-05         781  3.791E+04  1.212E+06
INSTANCE WITH CRITICAL ELEMENT: PART-1-1
   624293  7.615E+00 7.615E+00  01:14:52 1.216E-05         781  3.752E+04  9.790E+05
INSTANCE WITH CRITICAL ELEMENT: PART-1-1
   640313  7.810E+00 7.810E+00  01:16:52 1.216E-05         781  3.722E+04  7.446E+05
INSTANCE WITH CRITICAL ELEMENT: PART-1-1

 STEP 1  ORIGIN 0.0000

              STEP     TOTAL       CPU      STABLE    CRITICAL    KINETIC      TOTAL
INCREMENT     TIME      TIME      TIME   INCREMENT     ELEMENT     ENERGY     ENERGY
   656423  8.006E+00 8.006E+00  01:18:52 1.215E-05         781  3.705E+04  4.798E+05
INSTANCE WITH CRITICAL ELEMENT: PART-1-1
   672573  8.202E+00 8.202E+00  01:20:52 1.215E-05         781  3.693E+04  1.274E+05
INSTANCE WITH CRITICAL ELEMENT: PART-1-1
   688766  8.399E+00 8.399E+00  01:22:52 1.214E-05         781  3.681E+04 -3.912E+05
INSTANCE WITH CRITICAL ELEMENT: PART-1-1
   704780  8.593E+00 8.593E+00  01:24:52 1.214E-05         781  3.677E+04 -1.147E+06
INSTANCE WITH CRITICAL ELEMENT: PART-1-1
   721158  8.792E+00 8.792E+00  01:26:52 1.213E-05         781  3.682E+04 -2.238E+06
INSTANCE WITH CRITICAL ELEMENT: PART-1-1
   737173  8.986E+00 8.986E+00  01:28:52 1.212E-05         781  3.685E+04 -3.668E+06
INSTANCE WITH CRITICAL ELEMENT: PART-1-1
   753369  9.183E+00 9.183E+00  01:30:52 1.212E-05         781  3.690E+04 -5.508E+06
INSTANCE WITH CRITICAL ELEMENT: PART-1-1
   769723  9.381E+00 9.381E+00  01:32:52 1.211E-05         781  3.699E+04 -7.792E+06
INSTANCE WITH CRITICAL ELEMENT: PART-1-1
   785858  9.576E+00 9.576E+00  01:34:52 1.211E-05         781  3.713E+04 -1.047E+07
INSTANCE WITH CRITICAL ELEMENT: PART-1-1
   801989  9.771E+00 9.771E+00  01:36:52 1.210E-05         781  3.736E+04 -1.359E+07
INSTANCE WITH CRITICAL ELEMENT: PART-1-1
   818127  9.967E+00 9.967E+00  01:38:52 1.209E-05         781  3.764E+04 -1.714E+07
INSTANCE WITH CRITICAL ELEMENT: PART-1-1
   820896  1.000E+01 1.000E+01  01:39:12 1.209E-05         781  3.770E+04 -1.780E+07
INSTANCE WITH CRITICAL ELEMENT: PART-1-1
ODB Field Frame Number      2 of     20 requested intervals at  1.000001E+01
   837179  1.020E+01 1.020E+01  01:41:12 1.208E-05         781  3.807E+04 -2.192E+07
INSTANCE WITH CRITICAL ELEMENT: PART-1-1
   853197  1.039E+01 1.039E+01  01:43:12 1.208E-05         781  3.850E+04 -2.643E+07
INSTANCE WITH CRITICAL ELEMENT: PART-1-1
   869387  1.059E+01 1.059E+01  01:45:12 1.207E-05         781  3.897E+04 -3.146E+07
INSTANCE WITH CRITICAL ELEMENT: PART-1-1
   885882  1.078E+01 1.078E+01  01:47:12 1.206E-05         781  3.947E+04 -3.709E+07
INSTANCE WITH CRITICAL ELEMENT: PART-1-1
   902345  1.098E+01 1.098E+01  01:49:12 1.205E-05         781  3.998E+04 -4.322E+07
INSTANCE WITH CRITICAL ELEMENT: PART-1-1
   918452  1.118E+01 1.118E+01  01:51:12 1.205E-05         781  4.051E+04 -4.974E+07
INSTANCE WITH CRITICAL ELEMENT: PART-1-1
   934649  1.137E+01 1.137E+01  01:53:12 1.204E-05         781  4.106E+04 -5.686E+07
INSTANCE WITH CRITICAL ELEMENT: PART-1-1
   950849  1.157E+01 1.157E+01  01:55:12 1.204E-05         781  4.166E+04 -6.459E+07
INSTANCE WITH CRITICAL ELEMENT: PART-1-1
   967227  1.176E+01 1.176E+01  01:57:12 1.203E-05         781  4.225E+04 -7.305E+07
INSTANCE WITH CRITICAL ELEMENT: PART-1-1
   983465  1.196E+01 1.196E+01  01:59:12 1.203E-05         781  4.275E+04 -8.213E+07
INSTANCE WITH CRITICAL ELEMENT: PART-1-1
   999630  1.215E+01 1.215E+01  02:01:12 1.202E-05         781  4.317E+04 -9.188E+07
INSTANCE WITH CRITICAL ELEMENT: PART-1-1
  1016047  1.235E+01 1.235E+01  02:03:12 1.202E-05         781  4.352E+04 -1.025E+08
INSTANCE WITH CRITICAL ELEMENT: PART-1-1
  1032247  1.255E+01 1.255E+01  02:05:12 1.202E-05         781  4.372E+04 -1.137E+08
INSTANCE WITH CRITICAL ELEMENT: PART-1-1
  1048993  1.275E+01 1.275E+01  02:07:12 1.202E-05         781  4.391E+04 -1.261E+08
INSTANCE WITH CRITICAL ELEMENT: PART-1-1
  1065976  1.295E+01 1.295E+01  02:09:12 1.202E-05         781  4.405E+04 -1.395E+08
INSTANCE WITH CRITICAL ELEMENT: PART-1-1
  1082728  1.315E+01 1.315E+01  02:11:12 1.201E-05         781  4.412E+04 -1.535E+08
INSTANCE WITH CRITICAL ELEMENT: PART-1-1
  1099445  1.335E+01 1.335E+01  02:13:12 1.201E-05         781  4.417E+04 -1.682E+08
INSTANCE WITH CRITICAL ELEMENT: PART-1-1
  1116333  1.356E+01 1.356E+01  02:15:12 1.201E-05         781  4.421E+04 -1.838E+08
INSTANCE WITH CRITICAL ELEMENT: PART-1-1
  1133036  1.376E+01 1.376E+01  02:17:12 1.201E-05         781  4.422E+04 -1.998E+08
INSTANCE WITH CRITICAL ELEMENT: PART-1-1
  1149856  1.396E+01 1.396E+01  02:19:12 1.201E-05         781  4.422E+04 -2.165E+08
INSTANCE WITH CRITICAL ELEMENT: PART-1-1
  1166766  1.416E+01 1.416E+01  02:21:12 1.201E-05         781  4.421E+04 -2.339E+08
INSTANCE WITH CRITICAL ELEMENT: PART-1-1
  1183780  1.437E+01 1.437E+01  02:23:12 1.201E-05         781  4.418E+04 -2.519E+08
INSTANCE WITH CRITICAL ELEMENT: PART-1-1
  1200777  1.457E+01 1.457E+01  02:25:12 1.201E-05         781  4.417E+04 -2.705E+08
INSTANCE WITH CRITICAL ELEMENT: PART-1-1
  1217745  1.477E+01 1.477E+01  02:27:12 1.201E-05         781  4.415E+04 -2.895E+08
INSTANCE WITH CRITICAL ELEMENT: PART-1-1
  1234706  1.498E+01 1.498E+01  02:29:12 1.200E-05         781  4.414E+04 -3.091E+08
INSTANCE WITH CRITICAL ELEMENT: PART-1-1
  1236539  1.500E+01 1.500E+01  02:29:25 1.200E-05         781  4.414E+04 -3.112E+08
INSTANCE WITH CRITICAL ELEMENT: PART-1-1
ODB Field Frame Number      3 of     20 requested intervals at  1.500000E+01
  1253529  1.520E+01 1.520E+01  02:31:25 1.200E-05         781  4.411E+04 -3.313E+08
INSTANCE WITH CRITICAL ELEMENT: PART-1-1
  1270561  1.541E+01 1.541E+01  02:33:25 1.200E-05         781  4.409E+04 -3.519E+08
INSTANCE WITH CRITICAL ELEMENT: PART-1-1

 STEP 1  ORIGIN 0.0000

              STEP     TOTAL       CPU      STABLE    CRITICAL    KINETIC      TOTAL
INCREMENT     TIME      TIME      TIME   INCREMENT     ELEMENT     ENERGY     ENERGY
  1287574  1.561E+01 1.561E+01  02:35:25 1.200E-05         781  4.408E+04 -3.728E+08
INSTANCE WITH CRITICAL ELEMENT: PART-1-1
  1304571  1.582E+01 1.582E+01  02:37:25 1.200E-05         781  4.406E+04 -3.942E+08
INSTANCE WITH CRITICAL ELEMENT: PART-1-1
  1321598  1.602E+01 1.602E+01  02:39:25 1.200E-05         781  4.404E+04 -4.161E+08
INSTANCE WITH CRITICAL ELEMENT: PART-1-1
  1338470  1.622E+01 1.622E+01  02:41:25 1.200E-05         781  4.402E+04 -4.381E+08
INSTANCE WITH CRITICAL ELEMENT: PART-1-1
  1355446  1.643E+01 1.643E+01  02:43:25 1.200E-05         781  4.401E+04 -4.606E+08
INSTANCE WITH CRITICAL ELEMENT: PART-1-1
  1372449  1.663E+01 1.663E+01  02:45:25 1.200E-05         781  4.399E+04 -4.834E+08
INSTANCE WITH CRITICAL ELEMENT: PART-1-1
  1389439  1.684E+01 1.684E+01  02:47:25 1.200E-05         781  4.398E+04 -5.066E+08
INSTANCE WITH CRITICAL ELEMENT: PART-1-1
  1406428  1.704E+01 1.704E+01  02:49:25 1.200E-05         781  4.396E+04 -5.300E+08
INSTANCE WITH CRITICAL ELEMENT: PART-1-1
  1423424  1.724E+01 1.724E+01  02:51:25 1.200E-05         781  4.395E+04 -5.539E+08
INSTANCE WITH CRITICAL ELEMENT: PART-1-1
  1440415  1.745E+01 1.745E+01  02:53:25 1.200E-05         781  4.392E+04 -5.780E+08
INSTANCE WITH CRITICAL ELEMENT: PART-1-1
  1457371  1.765E+01 1.765E+01  02:55:25 1.200E-05         781  4.390E+04 -6.023E+08
INSTANCE WITH CRITICAL ELEMENT: PART-1-1
  1474367  1.785E+01 1.785E+01  02:57:25 1.200E-05         781  4.387E+04 -6.270E+08
INSTANCE WITH CRITICAL ELEMENT: PART-1-1
  1491289  1.806E+01 1.806E+01  02:59:25 1.200E-05         781  4.384E+04 -6.518E+08
INSTANCE WITH CRITICAL ELEMENT: PART-1-1
  1508249  1.826E+01 1.826E+01  03:01:25 1.200E-05         781  4.382E+04 -6.770E+08
INSTANCE WITH CRITICAL ELEMENT: PART-1-1
  1525238  1.846E+01 1.846E+01  03:03:25 1.200E-05         781  4.379E+04 -7.024E+08
INSTANCE WITH CRITICAL ELEMENT: PART-1-1
  1542236  1.867E+01 1.867E+01  03:05:25 1.200E-05         781  4.377E+04 -7.280E+08
INSTANCE WITH CRITICAL ELEMENT: PART-1-1
  1559225  1.887E+01 1.887E+01  03:07:25 1.200E-05         781  4.376E+04 -7.538E+08
INSTANCE WITH CRITICAL ELEMENT: PART-1-1
  1576233  1.908E+01 1.908E+01  03:09:25 1.199E-05         781  4.375E+04 -7.798E+08
INSTANCE WITH CRITICAL ELEMENT: PART-1-1
  1593220  1.928E+01 1.928E+01  03:11:25 1.199E-05         781  4.373E+04 -8.060E+08
INSTANCE WITH CRITICAL ELEMENT: PART-1-1
  1610196  1.948E+01 1.948E+01  03:13:25 1.199E-05         781  4.372E+04 -8.323E+08
INSTANCE WITH CRITICAL ELEMENT: PART-1-1
  1627216  1.969E+01 1.969E+01  03:15:25 1.199E-05         781  4.370E+04 -8.589E+08
INSTANCE WITH CRITICAL ELEMENT: PART-1-1
  1644228  1.989E+01 1.989E+01  03:17:25 1.199E-05         781  4.368E+04 -8.856E+08
INSTANCE WITH CRITICAL ELEMENT: PART-1-1
  1653268  2.000E+01 2.000E+01  03:18:29 1.199E-05         781  4.367E+04 -8.998E+08
INSTANCE WITH CRITICAL ELEMENT: PART-1-1
ODB Field Frame Number      4 of     20 requested intervals at  2.000000E+01
  1670277  2.020E+01 2.020E+01  03:20:29 1.199E-05         781  4.366E+04 -9.268E+08
INSTANCE WITH CRITICAL ELEMENT: PART-1-1
  1687294  2.041E+01 2.041E+01  03:22:29 1.199E-05         781  4.364E+04 -9.540E+08
INSTANCE WITH CRITICAL ELEMENT: PART-1-1
  1704324  2.061E+01 2.061E+01  03:24:29 1.199E-05         781  4.363E+04 -9.814E+08
INSTANCE WITH CRITICAL ELEMENT: PART-1-1
  1721229  2.081E+01 2.081E+01  03:26:29 1.199E-05         781  4.362E+04 -1.009E+09
INSTANCE WITH CRITICAL ELEMENT: PART-1-1
  1738280  2.102E+01 2.102E+01  03:28:29 1.199E-05         781  4.361E+04 -1.036E+09
INSTANCE WITH CRITICAL ELEMENT: PART-1-1
  1755312  2.122E+01 2.122E+01  03:30:29 1.199E-05         781  4.360E+04 -1.064E+09
INSTANCE WITH CRITICAL ELEMENT: PART-1-1
  1772320  2.143E+01 2.143E+01  03:32:29 1.199E-05         781  4.359E+04 -1.092E+09
INSTANCE WITH CRITICAL ELEMENT: PART-1-1
  1789324  2.163E+01 2.163E+01  03:34:29 1.199E-05         781  4.357E+04 -1.120E+09
INSTANCE WITH CRITICAL ELEMENT: PART-1-1
  1805947  2.183E+01 2.183E+01  03:36:29 1.198E-05         781  4.356E+04 -1.147E+09
INSTANCE WITH CRITICAL ELEMENT: PART-1-1
  1822574  2.203E+01 2.203E+01  03:38:29 1.198E-05         781  4.356E+04 -1.175E+09
INSTANCE WITH CRITICAL ELEMENT: PART-1-1
  1839267  2.223E+01 2.223E+01  03:40:29 1.198E-05         781  4.354E+04 -1.203E+09
INSTANCE WITH CRITICAL ELEMENT: PART-1-1
  1856215  2.243E+01 2.243E+01  03:42:29 1.198E-05         781  4.353E+04 -1.231E+09
INSTANCE WITH CRITICAL ELEMENT: PART-1-1
  1873159  2.264E+01 2.264E+01  03:44:29 1.198E-05         781  4.351E+04 -1.259E+09
INSTANCE WITH CRITICAL ELEMENT: PART-1-1
  1890139  2.284E+01 2.284E+01  03:46:29 1.198E-05         781  4.348E+04 -1.288E+09
INSTANCE WITH CRITICAL ELEMENT: PART-1-1
  1907204  2.304E+01 2.304E+01  03:48:29 1.198E-05         781  4.346E+04 -1.316E+09
INSTANCE WITH CRITICAL ELEMENT: PART-1-1
  1924264  2.325E+01 2.325E+01  03:50:29 1.198E-05         781  4.344E+04 -1.345E+09
INSTANCE WITH CRITICAL ELEMENT: PART-1-1
  1941250  2.345E+01 2.345E+01  03:52:29 1.198E-05         781  4.343E+04 -1.374E+09
INSTANCE WITH CRITICAL ELEMENT: PART-1-1

 STEP 1  ORIGIN 0.0000

              STEP     TOTAL       CPU      STABLE    CRITICAL    KINETIC      TOTAL
INCREMENT     TIME      TIME      TIME   INCREMENT     ELEMENT     ENERGY     ENERGY
  1958286  2.366E+01 2.366E+01  03:54:29 1.198E-05         781  4.341E+04 -1.403E+09
INSTANCE WITH CRITICAL ELEMENT: PART-1-1
  1975327  2.386E+01 2.386E+01  03:56:29 1.198E-05         781  4.340E+04 -1.431E+09
INSTANCE WITH CRITICAL ELEMENT: PART-1-1
  1992158  2.406E+01 2.406E+01  03:58:29 1.198E-05         781  4.338E+04 -1.460E+09
INSTANCE WITH CRITICAL ELEMENT: PART-1-1
  2008807  2.426E+01 2.426E+01  04:00:29 1.198E-05         781  4.337E+04 -1.488E+09
INSTANCE WITH CRITICAL ELEMENT: PART-1-1
  2025447  2.446E+01 2.446E+01  04:02:29 1.198E-05         781  4.335E+04 -1.516E+09
INSTANCE WITH CRITICAL ELEMENT: PART-1-1
  2042085  2.466E+01 2.466E+01  04:04:29 1.198E-05         781  4.334E+04 -1.545E+09
INSTANCE WITH CRITICAL ELEMENT: PART-1-1
  2058685  2.486E+01 2.486E+01  04:06:29 1.198E-05         781  4.333E+04 -1.573E+09
INSTANCE WITH CRITICAL ELEMENT: PART-1-1
  2070525  2.500E+01 2.500E+01  04:07:55 1.198E-05         781  4.332E+04 -1.594E+09
INSTANCE WITH CRITICAL ELEMENT: PART-1-1
ODB Field Frame Number      5 of     20 requested intervals at  2.500001E+01
  2087222  2.520E+01 2.520E+01  04:09:55 1.197E-05         781  4.331E+04 -1.622E+09
INSTANCE WITH CRITICAL ELEMENT: PART-1-1
  2104184  2.540E+01 2.540E+01  04:11:55 1.197E-05         781  4.329E+04 -1.651E+09
INSTANCE WITH CRITICAL ELEMENT: PART-1-1
  2121155  2.561E+01 2.561E+01  04:13:55 1.197E-05         781  4.326E+04 -1.681E+09
INSTANCE WITH CRITICAL ELEMENT: PART-1-1
  2137950  2.581E+01 2.581E+01  04:15:55 1.197E-05         781  4.325E+04 -1.710E+09
INSTANCE WITH CRITICAL ELEMENT: PART-1-1
  2154845  2.601E+01 2.601E+01  04:17:55 1.197E-05         781  4.323E+04 -1.739E+09
INSTANCE WITH CRITICAL ELEMENT: PART-1-1
  2171834  2.621E+01 2.621E+01  04:19:55 1.197E-05         781  4.321E+04 -1.769E+09
INSTANCE WITH CRITICAL ELEMENT: PART-1-1
  2188831  2.642E+01 2.642E+01  04:21:55 1.197E-05         781  4.319E+04 -1.798E+09
INSTANCE WITH CRITICAL ELEMENT: PART-1-1
  2205818  2.662E+01 2.662E+01  04:23:55 1.197E-05         781  4.318E+04 -1.828E+09
INSTANCE WITH CRITICAL ELEMENT: PART-1-1
  2222901  2.682E+01 2.682E+01  04:25:55 1.197E-05         781  4.316E+04 -1.858E+09
INSTANCE WITH CRITICAL ELEMENT: PART-1-1
  2239981  2.703E+01 2.703E+01  04:27:55 1.196E-05         781  4.314E+04 -1.887E+09
INSTANCE WITH CRITICAL ELEMENT: PART-1-1
  2256986  2.723E+01 2.723E+01  04:29:55 1.195E-05         781  4.311E+04 -1.917E+09
INSTANCE WITH CRITICAL ELEMENT: PART-1-1
  2273976  2.743E+01 2.743E+01  04:31:55 1.192E-05         781  4.308E+04 -1.947E+09
INSTANCE WITH CRITICAL ELEMENT: PART-1-1
  2290961  2.764E+01 2.764E+01  04:33:55 1.189E-05         781  4.306E+04 -1.977E+09
INSTANCE WITH CRITICAL ELEMENT: PART-1-1
  2307950  2.784E+01 2.784E+01  04:35:55 1.186E-05         781  4.304E+04 -2.006E+09
INSTANCE WITH CRITICAL ELEMENT: PART-1-1
  2324972  2.804E+01 2.804E+01  04:37:55 1.183E-05         781  4.301E+04 -2.036E+09
INSTANCE WITH CRITICAL ELEMENT: PART-1-1
  2342023  2.824E+01 2.824E+01  04:39:55 1.180E-05         781  4.299E+04 -2.066E+09
INSTANCE WITH CRITICAL ELEMENT: PART-1-1
  2359060  2.844E+01 2.844E+01  04:41:55 1.177E-05         781  4.296E+04 -2.096E+09
INSTANCE WITH CRITICAL ELEMENT: PART-1-1
  2375995  2.864E+01 2.864E+01  04:43:55 1.174E-05         781  4.294E+04 -2.125E+09
INSTANCE WITH CRITICAL ELEMENT: PART-1-1
  2393026  2.884E+01 2.884E+01  04:45:55 1.171E-05         781  4.292E+04 -2.155E+09
INSTANCE WITH CRITICAL ELEMENT: PART-1-1
  2410068  2.904E+01 2.904E+01  04:47:55 1.169E-05         781  4.289E+04 -2.185E+09
INSTANCE WITH CRITICAL ELEMENT: PART-1-1
  2427083  2.924E+01 2.924E+01  04:49:55 1.166E-05         781  4.286E+04 -2.215E+09
INSTANCE WITH CRITICAL ELEMENT: PART-1-1
  2444040  2.944E+01 2.944E+01  04:51:55 1.163E-05         781  4.283E+04 -2.244E+09
INSTANCE WITH CRITICAL ELEMENT: PART-1-1
  2461026  2.963E+01 2.963E+01  04:53:55 1.161E-05         781  4.281E+04 -2.274E+09
INSTANCE WITH CRITICAL ELEMENT: PART-1-1
  2478008  2.983E+01 2.983E+01  04:55:55 1.158E-05         781  4.279E+04 -2.304E+09
INSTANCE WITH CRITICAL ELEMENT: PART-1-1
  2492621  3.000E+01 3.000E+01  04:57:38 1.156E-05         781  4.277E+04 -2.330E+09
INSTANCE WITH CRITICAL ELEMENT: PART-1-1
ODB Field Frame Number      6 of     20 requested intervals at  3.000000E+01
  2509592  3.020E+01 3.020E+01  04:59:38 1.153E-05         781  4.275E+04 -2.359E+09
INSTANCE WITH CRITICAL ELEMENT: PART-1-1
  2526576  3.039E+01 3.039E+01  05:01:38 1.150E-05         781  4.273E+04 -2.389E+09
INSTANCE WITH CRITICAL ELEMENT: PART-1-1
  2543621  3.059E+01 3.059E+01  05:03:38 1.148E-05         781  4.271E+04 -2.419E+09
INSTANCE WITH CRITICAL ELEMENT: PART-1-1
  2560658  3.078E+01 3.078E+01  05:05:38 1.145E-05         781  4.269E+04 -2.450E+09
INSTANCE WITH CRITICAL ELEMENT: PART-1-1
  2577649  3.098E+01 3.098E+01  05:07:38 1.143E-05         781  4.264E+04 -2.480E+09
INSTANCE WITH CRITICAL ELEMENT: PART-1-1
  2594606  3.117E+01 3.117E+01  05:09:38 1.140E-05         781  4.261E+04 -2.510E+09
INSTANCE WITH CRITICAL ELEMENT: PART-1-1
  2611530  3.136E+01 3.136E+01  05:11:38 1.138E-05         781  4.260E+04 -2.540E+09
INSTANCE WITH CRITICAL ELEMENT: PART-1-1

 STEP 1  ORIGIN 0.0000

              STEP     TOTAL       CPU      STABLE    CRITICAL    KINETIC      TOTAL
INCREMENT     TIME      TIME      TIME   INCREMENT     ELEMENT     ENERGY     ENERGY
  2628462  3.156E+01 3.156E+01  05:13:38 1.135E-05         781  4.257E+04 -2.570E+09
INSTANCE WITH CRITICAL ELEMENT: PART-1-1
  2645426  3.175E+01 3.175E+01  05:15:38 1.133E-05         781  4.254E+04 -2.601E+09
INSTANCE WITH CRITICAL ELEMENT: PART-1-1
  2662382  3.194E+01 3.194E+01  05:17:38 1.130E-05         781  4.249E+04 -2.631E+09
INSTANCE WITH CRITICAL ELEMENT: PART-1-1
  2679355  3.213E+01 3.213E+01  05:19:38 1.128E-05         781  4.247E+04 -2.662E+09
INSTANCE WITH CRITICAL ELEMENT: PART-1-1
  2696158  3.232E+01 3.232E+01  05:21:38 1.126E-05         781  4.246E+04 -2.692E+09
INSTANCE WITH CRITICAL ELEMENT: PART-1-1
  2712707  3.251E+01 3.251E+01  05:23:38 1.123E-05         781  4.244E+04 -2.722E+09
INSTANCE WITH CRITICAL ELEMENT: PART-1-1
  2729578  3.270E+01 3.270E+01  05:25:38 1.121E-05         781  4.243E+04 -2.752E+09
INSTANCE WITH CRITICAL ELEMENT: PART-1-1
  2746501  3.289E+01 3.289E+01  05:27:38 1.119E-05         781  4.241E+04 -2.783E+09
INSTANCE WITH CRITICAL ELEMENT: PART-1-1
  2763557  3.308E+01 3.308E+01  05:29:38 1.116E-05         781  4.239E+04 -2.814E+09
INSTANCE WITH CRITICAL ELEMENT: PART-1-1
  2780514  3.327E+01 3.327E+01  05:31:38 1.114E-05         781  4.237E+04 -2.845E+09
INSTANCE WITH CRITICAL ELEMENT: PART-1-1
  2797459  3.345E+01 3.345E+01  05:33:38 1.112E-05         781  4.234E+04 -2.876E+09
INSTANCE WITH CRITICAL ELEMENT: PART-1-1
  2814392  3.364E+01 3.364E+01  05:35:38 1.110E-05         781  4.232E+04 -2.907E+09
INSTANCE WITH CRITICAL ELEMENT: PART-1-1
  2831332  3.383E+01 3.383E+01  05:37:38 1.107E-05         781  4.228E+04 -2.938E+09
INSTANCE WITH CRITICAL ELEMENT: PART-1-1
  2848266  3.402E+01 3.402E+01  05:39:38 1.105E-05         781  4.225E+04 -2.969E+09
INSTANCE WITH CRITICAL ELEMENT: PART-1-1
  2865140  3.420E+01 3.420E+01  05:41:38 1.103E-05         781  4.222E+04 -2.999E+09
INSTANCE WITH CRITICAL ELEMENT: PART-1-1
  2882046  3.439E+01 3.439E+01  05:43:38 1.101E-05         781  4.219E+04 -3.030E+09
INSTANCE WITH CRITICAL ELEMENT: PART-1-1
  2898975  3.458E+01 3.458E+01  05:45:38 1.099E-05         781  4.213E+04 -3.061E+09
INSTANCE WITH CRITICAL ELEMENT: PART-1-1
  2915852  3.476E+01 3.476E+01  05:47:38 1.097E-05         781  4.211E+04 -3.092E+09
INSTANCE WITH CRITICAL ELEMENT: PART-1-1
  2932818  3.495E+01 3.495E+01  05:49:38 1.094E-05         781  4.208E+04 -3.123E+09
INSTANCE WITH CRITICAL ELEMENT: PART-1-1
  2937621  3.500E+01 3.500E+01  05:50:12 1.094E-05         781  4.207E+04 -3.132E+09
INSTANCE WITH CRITICAL ELEMENT: PART-1-1
ODB Field Frame Number      7 of     20 requested intervals at  3.500001E+01
  2954626  3.519E+01 3.519E+01  05:52:12 1.092E-05         781  4.204E+04 -3.163E+09
INSTANCE WITH CRITICAL ELEMENT: PART-1-1
  2971494  3.537E+01 3.537E+01  05:54:12 1.090E-05         781  4.201E+04 -3.194E+09
INSTANCE WITH CRITICAL ELEMENT: PART-1-1
  2988393  3.555E+01 3.555E+01  05:56:12 1.088E-05         781  4.198E+04 -3.226E+09
INSTANCE WITH CRITICAL ELEMENT: PART-1-1
  3005343  3.574E+01 3.574E+01  05:58:12 1.085E-05         781  4.196E+04 -3.257E+09
INSTANCE WITH CRITICAL ELEMENT: PART-1-1
  3022252  3.592E+01 3.592E+01  06:00:12 1.083E-05         781  4.193E+04 -3.288E+09
INSTANCE WITH CRITICAL ELEMENT: PART-1-1
  3039217  3.610E+01 3.610E+01  06:02:12 1.081E-05         781  4.188E+04 -3.319E+09
INSTANCE WITH CRITICAL ELEMENT: PART-1-1
  3056207  3.629E+01 3.629E+01  06:04:12 1.079E-05         781  4.185E+04 -3.351E+09
INSTANCE WITH CRITICAL ELEMENT: PART-1-1
  3073196  3.647E+01 3.647E+01  06:06:12 1.077E-05         781  4.182E+04 -3.382E+09
INSTANCE WITH CRITICAL ELEMENT: PART-1-1
  3090175  3.665E+01 3.665E+01  06:08:12 1.075E-05         781  4.179E+04 -3.413E+09
INSTANCE WITH CRITICAL ELEMENT: PART-1-1
  3107157  3.684E+01 3.684E+01  06:10:12 1.073E-05         781  4.176E+04 -3.445E+09
INSTANCE WITH CRITICAL ELEMENT: PART-1-1
  3124128  3.702E+01 3.702E+01  06:12:12 1.071E-05         781  4.173E+04 -3.476E+09
INSTANCE WITH CRITICAL ELEMENT: PART-1-1
  3141090  3.720E+01 3.720E+01  06:14:12 1.069E-05         781  4.170E+04 -3.507E+09
INSTANCE WITH CRITICAL ELEMENT: PART-1-1
  3158045  3.738E+01 3.738E+01  06:16:12 1.068E-05         781  4.161E+04 -3.539E+09
INSTANCE WITH CRITICAL ELEMENT: PART-1-1
  3175012  3.756E+01 3.756E+01  06:18:12 1.066E-05         781  4.161E+04 -3.570E+09
INSTANCE WITH CRITICAL ELEMENT: PART-1-1
  3191967  3.774E+01 3.774E+01  06:20:12 1.064E-05         781  4.163E+04 -3.601E+09
INSTANCE WITH CRITICAL ELEMENT: PART-1-1
  3208944  3.792E+01 3.792E+01  06:22:12 1.062E-05         781  4.167E+04 -3.633E+09
INSTANCE WITH CRITICAL ELEMENT: PART-1-1
  3225898  3.810E+01 3.810E+01  06:24:12 1.060E-05         781  4.170E+04 -3.664E+09
INSTANCE WITH CRITICAL ELEMENT: PART-1-1
  3242725  3.828E+01 3.828E+01  06:26:12 1.058E-05         781  4.173E+04 -3.695E+09
INSTANCE WITH CRITICAL ELEMENT: PART-1-1
  3259688  3.846E+01 3.846E+01  06:28:12 1.056E-05         781  4.175E+04 -3.727E+09
INSTANCE WITH CRITICAL ELEMENT: PART-1-1
  3276651  3.864E+01 3.864E+01  06:30:12 1.054E-05         781  4.180E+04 -3.758E+09
INSTANCE WITH CRITICAL ELEMENT: PART-1-1

 STEP 1  ORIGIN 0.0000

              STEP     TOTAL       CPU      STABLE    CRITICAL    KINETIC      TOTAL
INCREMENT     TIME      TIME      TIME   INCREMENT     ELEMENT     ENERGY     ENERGY
  3293550  3.882E+01 3.882E+01  06:32:12 1.052E-05         781  4.189E+04 -3.789E+09
INSTANCE WITH CRITICAL ELEMENT: PART-1-1
  3310185  3.899E+01 3.899E+01  06:34:12 1.050E-05         781  4.210E+04 -3.820E+09
INSTANCE WITH CRITICAL ELEMENT: PART-1-1
  3327003  3.917E+01 3.917E+01  06:36:12 1.048E-05         781  4.252E+04 -3.851E+09
INSTANCE WITH CRITICAL ELEMENT: PART-1-1
  3343748  3.934E+01 3.934E+01  06:38:12 1.046E-05         781  4.314E+04 -3.882E+09
INSTANCE WITH CRITICAL ELEMENT: PART-1-1
  3360731  3.952E+01 3.952E+01  06:40:12 1.044E-05         781  4.364E+04 -3.912E+09
INSTANCE WITH CRITICAL ELEMENT: PART-1-1
  3377557  3.970E+01 3.970E+01  06:42:12 1.042E-05         781  4.356E+04 -3.942E+09
INSTANCE WITH CRITICAL ELEMENT: PART-1-1
  3394190  3.987E+01 3.987E+01  06:44:12 1.040E-05         781  4.309E+04 -3.971E+09
INSTANCE WITH CRITICAL ELEMENT: PART-1-1
  3406664  4.000E+01 4.000E+01  06:45:41 1.038E-05         781  4.281E+04 -3.994E+09
INSTANCE WITH CRITICAL ELEMENT: PART-1-1
ODB Field Frame Number      8 of     20 requested intervals at  4.000000E+01
  3423567  4.018E+01 4.018E+01  06:47:41 1.036E-05         781  4.264E+04 -4.024E+09
INSTANCE WITH CRITICAL ELEMENT: PART-1-1
  3440444  4.035E+01 4.035E+01  06:49:41 1.034E-05         781  4.257E+04 -4.055E+09
INSTANCE WITH CRITICAL ELEMENT: PART-1-1
  3457381  4.052E+01 4.052E+01  06:51:41 1.032E-05         781  4.249E+04 -4.087E+09
INSTANCE WITH CRITICAL ELEMENT: PART-1-1
  3474360  4.070E+01 4.070E+01  06:53:41 1.030E-05         781  4.242E+04 -4.119E+09
INSTANCE WITH CRITICAL ELEMENT: PART-1-1
  3491364  4.087E+01 4.087E+01  06:55:41 1.027E-05         781  4.240E+04 -4.151E+09
INSTANCE WITH CRITICAL ELEMENT: PART-1-1
  3508368  4.105E+01 4.105E+01  06:57:41 1.025E-05         781  4.242E+04 -4.183E+09
INSTANCE WITH CRITICAL ELEMENT: PART-1-1
  3525345  4.122E+01 4.122E+01  06:59:41 1.023E-05         781  4.246E+04 -4.215E+09
INSTANCE WITH CRITICAL ELEMENT: PART-1-1
  3542303  4.140E+01 4.140E+01  07:01:41 1.021E-05         781  4.250E+04 -4.247E+09
INSTANCE WITH CRITICAL ELEMENT: PART-1-1
  3559312  4.157E+01 4.157E+01  07:03:41 1.019E-05         781  4.252E+04 -4.279E+09
INSTANCE WITH CRITICAL ELEMENT: PART-1-1
  3576343  4.174E+01 4.174E+01  07:05:41 1.017E-05         781  4.249E+04 -4.312E+09
INSTANCE WITH CRITICAL ELEMENT: PART-1-1
  3593390  4.192E+01 4.192E+01  07:07:41 1.015E-05         781  4.245E+04 -4.344E+09
INSTANCE WITH CRITICAL ELEMENT: PART-1-1
  3610457  4.209E+01 4.209E+01  07:09:41 1.013E-05         781  4.240E+04 -4.376E+09
INSTANCE WITH CRITICAL ELEMENT: PART-1-1
  3627444  4.226E+01 4.226E+01  07:11:41 1.011E-05         781  4.235E+04 -4.409E+09
INSTANCE WITH CRITICAL ELEMENT: PART-1-1
  3644400  4.243E+01 4.243E+01  07:13:41 1.009E-05         781  4.234E+04 -4.441E+09
INSTANCE WITH CRITICAL ELEMENT: PART-1-1
  3661377  4.260E+01 4.260E+01  07:15:41 1.007E-05         781  4.233E+04 -4.473E+09
INSTANCE WITH CRITICAL ELEMENT: PART-1-1
  3678339  4.277E+01 4.277E+01  07:17:41 1.005E-05         781  4.233E+04 -4.506E+09
INSTANCE WITH CRITICAL ELEMENT: PART-1-1
  3695293  4.294E+01 4.294E+01  07:19:41 1.002E-05         781  4.235E+04 -4.539E+09
INSTANCE WITH CRITICAL ELEMENT: PART-1-1
  3712258  4.311E+01 4.311E+01  07:21:41 1.000E-05         781  4.232E+04 -4.571E+09
INSTANCE WITH CRITICAL ELEMENT: PART-1-1
  3729225  4.328E+01 4.328E+01  07:23:41 9.984E-06         781  4.232E+04 -4.604E+09
INSTANCE WITH CRITICAL ELEMENT: PART-1-1
  3746199  4.345E+01 4.345E+01  07:25:41 9.964E-06         781  4.232E+04 -4.637E+09
INSTANCE WITH CRITICAL ELEMENT: PART-1-1
  3763164  4.362E+01 4.362E+01  07:27:41 9.943E-06         781  4.232E+04 -4.670E+09
INSTANCE WITH CRITICAL ELEMENT: PART-1-1
  3780195  4.379E+01 4.379E+01  07:29:41 9.923E-06         781  4.233E+04 -4.704E+09
INSTANCE WITH CRITICAL ELEMENT: PART-1-1
  3797240  4.396E+01 4.396E+01  07:31:41 9.903E-06         781  4.237E+04 -4.737E+09
INSTANCE WITH CRITICAL ELEMENT: PART-1-1
  3814284  4.413E+01 4.413E+01  07:33:41 9.883E-06         781  4.246E+04 -4.771E+09
INSTANCE WITH CRITICAL ELEMENT: PART-1-1
  3831331  4.430E+01 4.430E+01  07:35:41 9.863E-06         781  4.252E+04 -4.805E+09
INSTANCE WITH CRITICAL ELEMENT: PART-1-1
  3848328  4.446E+01 4.446E+01  07:37:41 9.842E-06         781  4.257E+04 -4.840E+09
INSTANCE WITH CRITICAL ELEMENT: PART-1-1
  3865329  4.463E+01 4.463E+01  07:39:41 9.822E-06         781  4.261E+04 -4.874E+09
INSTANCE WITH CRITICAL ELEMENT: PART-1-1
  3882295  4.480E+01 4.480E+01  07:41:41 9.802E-06         781  4.264E+04 -4.908E+09
INSTANCE WITH CRITICAL ELEMENT: PART-1-1
  3899119  4.496E+01 4.496E+01  07:43:41 9.782E-06         781  4.269E+04 -4.943E+09
INSTANCE WITH CRITICAL ELEMENT: PART-1-1
  3902918  4.500E+01 4.500E+01  07:44:09 9.778E-06         781  4.270E+04 -4.951E+09
INSTANCE WITH CRITICAL ELEMENT: PART-1-1
ODB Field Frame Number      9 of     20 requested intervals at  4.500001E+01
  3919734  4.516E+01 4.516E+01  07:46:09 9.758E-06         781  4.275E+04 -4.985E+09
INSTANCE WITH CRITICAL ELEMENT: PART-1-1
  3936306  4.533E+01 4.533E+01  07:48:09 9.738E-06         781  4.279E+04 -5.019E+09
INSTANCE WITH CRITICAL ELEMENT: PART-1-1

 STEP 1  ORIGIN 0.0000

              STEP     TOTAL       CPU      STABLE    CRITICAL    KINETIC      TOTAL
INCREMENT     TIME      TIME      TIME   INCREMENT     ELEMENT     ENERGY     ENERGY
  3953155  4.549E+01 4.549E+01  07:50:09 9.718E-06         781  4.282E+04 -5.054E+09
INSTANCE WITH CRITICAL ELEMENT: PART-1-1
  3970135  4.565E+01 4.565E+01  07:52:09 9.698E-06         781  4.285E+04 -5.089E+09
INSTANCE WITH CRITICAL ELEMENT: PART-1-1
  3987127  4.582E+01 4.582E+01  07:54:09 9.678E-06         781  4.280E+04 -5.125E+09
INSTANCE WITH CRITICAL ELEMENT: PART-1-1
  4004112  4.598E+01 4.598E+01  07:56:09 9.658E-06         781  4.292E+04 -5.160E+09
INSTANCE WITH CRITICAL ELEMENT: PART-1-1
  4021084  4.615E+01 4.615E+01  07:58:09 9.638E-06         781  4.300E+04 -5.196E+09
INSTANCE WITH CRITICAL ELEMENT: PART-1-1
  4038059  4.631E+01 4.631E+01  08:00:09 9.618E-06         781  4.306E+04 -5.232E+09
INSTANCE WITH CRITICAL ELEMENT: PART-1-1
  4055033  4.647E+01 4.647E+01  08:02:09 9.597E-06         781  4.310E+04 -5.269E+09
INSTANCE WITH CRITICAL ELEMENT: PART-1-1
  4072009  4.664E+01 4.664E+01  08:04:09 9.577E-06         781  4.314E+04 -5.306E+09
INSTANCE WITH CRITICAL ELEMENT: PART-1-1
  4089020  4.680E+01 4.680E+01  08:06:09 9.557E-06         781  4.318E+04 -5.342E+09
INSTANCE WITH CRITICAL ELEMENT: PART-1-1
  4105958  4.696E+01 4.696E+01  08:08:09 9.536E-06         781  4.320E+04 -5.379E+09
INSTANCE WITH CRITICAL ELEMENT: PART-1-1
  4122920  4.712E+01 4.712E+01  08:10:09 9.516E-06         781  4.325E+04 -5.416E+09
INSTANCE WITH CRITICAL ELEMENT: PART-1-1
  4139873  4.728E+01 4.728E+01  08:12:09 9.496E-06         781  4.328E+04 -5.453E+09
INSTANCE WITH CRITICAL ELEMENT: PART-1-1
  4156801  4.744E+01 4.744E+01  08:14:09 9.475E-06         781  4.331E+04 -5.490E+09
INSTANCE WITH CRITICAL ELEMENT: PART-1-1
  4173674  4.760E+01 4.760E+01  08:16:09 9.455E-06         781  4.332E+04 -5.526E+09
INSTANCE WITH CRITICAL ELEMENT: PART-1-1
  4190571  4.776E+01 4.776E+01  08:18:09 9.435E-06         781  4.333E+04 -5.563E+09
INSTANCE WITH CRITICAL ELEMENT: PART-1-1
  4207581  4.792E+01 4.792E+01  08:20:09 9.415E-06         781  4.333E+04 -5.600E+09
INSTANCE WITH CRITICAL ELEMENT: PART-1-1
  4224352  4.808E+01 4.808E+01  08:22:09 9.396E-06         781  4.332E+04 -5.637E+09
INSTANCE WITH CRITICAL ELEMENT: PART-1-1
  4241263  4.824E+01 4.824E+01  08:24:09 9.376E-06         781  4.332E+04 -5.674E+09
INSTANCE WITH CRITICAL ELEMENT: PART-1-1
  4258159  4.840E+01 4.840E+01  08:26:09 9.356E-06         781  4.332E+04 -5.711E+09
INSTANCE WITH CRITICAL ELEMENT: PART-1-1
  4275078  4.856E+01 4.856E+01  08:28:09 9.336E-06         781  4.334E+04 -5.748E+09
INSTANCE WITH CRITICAL ELEMENT: PART-1-1
  4292009  4.871E+01 4.871E+01  08:30:09 9.316E-06         781  4.340E+04 -5.785E+09
INSTANCE WITH CRITICAL ELEMENT: PART-1-1
  4308958  4.887E+01 4.887E+01  08:32:09 9.297E-06         781  4.342E+04 -5.823E+09
INSTANCE WITH CRITICAL ELEMENT: PART-1-1
  4325914  4.903E+01 4.903E+01  08:34:09 9.277E-06         781  4.344E+04 -5.860E+09
INSTANCE WITH CRITICAL ELEMENT: PART-1-1
  4342752  4.919E+01 4.919E+01  08:36:09 9.257E-06         781  4.345E+04 -5.898E+09
INSTANCE WITH CRITICAL ELEMENT: PART-1-1
  4359569  4.934E+01 4.934E+01  08:38:09 9.238E-06         781  4.346E+04 -5.935E+09
INSTANCE WITH CRITICAL ELEMENT: PART-1-1
  4376379  4.950E+01 4.950E+01  08:40:09 9.219E-06         781  4.347E+04 -5.973E+09
INSTANCE WITH CRITICAL ELEMENT: PART-1-1
  4393303  4.965E+01 4.965E+01  08:42:09 9.199E-06         781  4.350E+04 -6.011E+09
INSTANCE WITH CRITICAL ELEMENT: PART-1-1
  4409935  4.981E+01 4.981E+01  08:44:09 9.180E-06         781  4.351E+04 -6.048E+09
INSTANCE WITH CRITICAL ELEMENT: PART-1-1
  4426524  4.996E+01 4.996E+01  08:46:09 9.161E-06         781  4.352E+04 -6.085E+09
INSTANCE WITH CRITICAL ELEMENT: PART-1-1
  4431198  5.000E+01 5.000E+01  08:46:42 9.156E-06         781  4.353E+04 -6.096E+09
INSTANCE WITH CRITICAL ELEMENT: PART-1-1
ODB Field Frame Number     10 of     20 requested intervals at  5.000000E+01
  4448148  5.016E+01 5.016E+01  08:48:42 9.137E-06         781  4.353E+04 -6.134E+09
INSTANCE WITH CRITICAL ELEMENT: PART-1-1
  4465119  5.031E+01 5.031E+01  08:50:42 9.117E-06         781  4.354E+04 -6.172E+09
INSTANCE WITH CRITICAL ELEMENT: PART-1-1
  4481996  5.046E+01 5.046E+01  08:52:42 9.098E-06         781  4.358E+04 -6.211E+09
INSTANCE WITH CRITICAL ELEMENT: PART-1-1
  4498925  5.062E+01 5.062E+01  08:54:42 9.079E-06         781  4.360E+04 -6.249E+09
INSTANCE WITH CRITICAL ELEMENT: PART-1-1
  4515856  5.077E+01 5.077E+01  08:56:42 9.059E-06         781  4.361E+04 -6.287E+09
INSTANCE WITH CRITICAL ELEMENT: PART-1-1
  4532768  5.092E+01 5.092E+01  08:58:42 9.040E-06         781  4.360E+04 -6.325E+09
INSTANCE WITH CRITICAL ELEMENT: PART-1-1
  4549713  5.108E+01 5.108E+01  09:00:42 9.021E-06         781  4.366E+04 -6.364E+09
INSTANCE WITH CRITICAL ELEMENT: PART-1-1
  4566660  5.123E+01 5.123E+01  09:02:42 9.001E-06         781  4.368E+04 -6.403E+09
INSTANCE WITH CRITICAL ELEMENT: PART-1-1
  4583619  5.138E+01 5.138E+01  09:04:42 8.982E-06         781  4.371E+04 -6.442E+09
INSTANCE WITH CRITICAL ELEMENT: PART-1-1
  4600469  5.153E+01 5.153E+01  09:06:42 8.963E-06         781  4.375E+04 -6.480E+09
INSTANCE WITH CRITICAL ELEMENT: PART-1-1

 STEP 1  ORIGIN 0.0000

              STEP     TOTAL       CPU      STABLE    CRITICAL    KINETIC      TOTAL
INCREMENT     TIME      TIME      TIME   INCREMENT     ELEMENT     ENERGY     ENERGY
  4617456  5.169E+01 5.169E+01  09:08:42 8.944E-06         781  4.377E+04 -6.519E+09
INSTANCE WITH CRITICAL ELEMENT: PART-1-1
  4634437  5.184E+01 5.184E+01  09:10:42 8.925E-06         781  4.378E+04 -6.559E+09
INSTANCE WITH CRITICAL ELEMENT: PART-1-1
  4651412  5.199E+01 5.199E+01  09:12:42 8.905E-06         781  4.379E+04 -6.598E+09
INSTANCE WITH CRITICAL ELEMENT: PART-1-1
  4668377  5.214E+01 5.214E+01  09:14:42 8.886E-06         781  4.380E+04 -6.638E+09
INSTANCE WITH CRITICAL ELEMENT: PART-1-1
  4685350  5.229E+01 5.229E+01  09:16:42 8.867E-06         781  4.380E+04 -6.677E+09
INSTANCE WITH CRITICAL ELEMENT: PART-1-1
  4702315  5.244E+01 5.244E+01  09:18:42 8.848E-06         781  4.381E+04 -6.717E+09
INSTANCE WITH CRITICAL ELEMENT: PART-1-1
  4719286  5.259E+01 5.259E+01  09:20:42 8.829E-06         781  4.381E+04 -6.757E+09
INSTANCE WITH CRITICAL ELEMENT: PART-1-1
  4736263  5.274E+01 5.274E+01  09:22:42 8.810E-06         781  4.382E+04 -6.796E+09
INSTANCE WITH CRITICAL ELEMENT: PART-1-1
  4753243  5.289E+01 5.289E+01  09:24:42 8.792E-06         781  4.383E+04 -6.836E+09
INSTANCE WITH CRITICAL ELEMENT: PART-1-1
  4770238  5.304E+01 5.304E+01  09:26:42 8.773E-06         781  4.385E+04 -6.875E+09
INSTANCE WITH CRITICAL ELEMENT: PART-1-1
  4787171  5.319E+01 5.319E+01  09:28:42 8.754E-06         781  4.385E+04 -6.915E+09
INSTANCE WITH CRITICAL ELEMENT: PART-1-1
  4804129  5.334E+01 5.334E+01  09:30:42 8.736E-06         781  4.385E+04 -6.954E+09
INSTANCE WITH CRITICAL ELEMENT: PART-1-1
  4821131  5.348E+01 5.348E+01  09:32:42 8.717E-06         781  4.384E+04 -6.994E+09
INSTANCE WITH CRITICAL ELEMENT: PART-1-1
  4838096  5.363E+01 5.363E+01  09:34:42 8.699E-06         781  4.385E+04 -7.033E+09
INSTANCE WITH CRITICAL ELEMENT: PART-1-1
  4854971  5.378E+01 5.378E+01  09:36:42 8.681E-06         781  4.386E+04 -7.072E+09
INSTANCE WITH CRITICAL ELEMENT: PART-1-1
  4871891  5.393E+01 5.393E+01  09:38:42 8.663E-06         781  4.386E+04 -7.112E+09
INSTANCE WITH CRITICAL ELEMENT: PART-1-1
  4888334  5.407E+01 5.407E+01  09:40:42 8.645E-06         781  4.387E+04 -7.150E+09
INSTANCE WITH CRITICAL ELEMENT: PART-1-1
  4905171  5.421E+01 5.421E+01  09:42:42 8.627E-06         781  4.387E+04 -7.189E+09
INSTANCE WITH CRITICAL ELEMENT: PART-1-1
  4922077  5.436E+01 5.436E+01  09:44:42 8.609E-06         781  4.388E+04 -7.228E+09
INSTANCE WITH CRITICAL ELEMENT: PART-1-1
  4938981  5.450E+01 5.450E+01  09:46:42 8.592E-06         781  4.388E+04 -7.268E+09
INSTANCE WITH CRITICAL ELEMENT: PART-1-1
  4955937  5.465E+01 5.465E+01  09:48:42 8.574E-06         781  4.389E+04 -7.307E+09
INSTANCE WITH CRITICAL ELEMENT: PART-1-1
  4972865  5.479E+01 5.479E+01  09:50:42 8.556E-06         781  4.392E+04 -7.347E+09
INSTANCE WITH CRITICAL ELEMENT: PART-1-1
  4989791  5.494E+01 5.494E+01  09:52:42 8.539E-06         781  4.393E+04 -7.386E+09
INSTANCE WITH CRITICAL ELEMENT: PART-1-1
  4996931  5.500E+01 5.500E+01  09:53:32 8.532E-06         781  4.392E+04 -7.403E+09
INSTANCE WITH CRITICAL ELEMENT: PART-1-1
ODB Field Frame Number     11 of     20 requested intervals at  5.500001E+01
  5013839  5.514E+01 5.514E+01  09:55:32 8.514E-06         781  4.394E+04 -7.442E+09
INSTANCE WITH CRITICAL ELEMENT: PART-1-1
  5030795  5.529E+01 5.529E+01  09:57:32 8.497E-06         781  4.393E+04 -7.481E+09
INSTANCE WITH CRITICAL ELEMENT: PART-1-1
  5047766  5.543E+01 5.543E+01  09:59:32 8.480E-06         781  4.397E+04 -7.521E+09
INSTANCE WITH CRITICAL ELEMENT: PART-1-1
  5064693  5.558E+01 5.558E+01  10:01:32 8.462E-06         781  4.400E+04 -7.560E+09
INSTANCE WITH CRITICAL ELEMENT: PART-1-1
  5081619  5.572E+01 5.572E+01  10:03:32 8.445E-06         781  4.404E+04 -7.599E+09
INSTANCE WITH CRITICAL ELEMENT: PART-1-1
  5098519  5.586E+01 5.586E+01  10:05:32 8.428E-06         781  4.408E+04 -7.638E+09
INSTANCE WITH CRITICAL ELEMENT: PART-1-1
  5115420  5.600E+01 5.600E+01  10:07:32 8.412E-06         781  4.409E+04 -7.677E+09
INSTANCE WITH CRITICAL ELEMENT: PART-1-1
  5132332  5.615E+01 5.615E+01  10:09:32 8.395E-06         781  4.410E+04 -7.716E+09
INSTANCE WITH CRITICAL ELEMENT: PART-1-1
  5149240  5.629E+01 5.629E+01  10:11:32 8.378E-06         781  4.412E+04 -7.755E+09
INSTANCE WITH CRITICAL ELEMENT: PART-1-1
  5166150  5.643E+01 5.643E+01  10:13:32 8.361E-06         781  4.413E+04 -7.793E+09
INSTANCE WITH CRITICAL ELEMENT: PART-1-1
  5183032  5.657E+01 5.657E+01  10:15:32 8.345E-06         781  4.414E+04 -7.832E+09
INSTANCE WITH CRITICAL ELEMENT: PART-1-1
  5199982  5.671E+01 5.671E+01  10:17:32 8.328E-06         781  4.416E+04 -7.871E+09
INSTANCE WITH CRITICAL ELEMENT: PART-1-1
  5216958  5.685E+01 5.685E+01  10:19:32 8.312E-06         781  4.417E+04 -7.910E+09
INSTANCE WITH CRITICAL ELEMENT: PART-1-1
  5233968  5.699E+01 5.699E+01  10:21:32 8.296E-06         781  4.418E+04 -7.950E+09
INSTANCE WITH CRITICAL ELEMENT: PART-1-1
  5251019  5.714E+01 5.714E+01  10:23:32 8.279E-06         781  4.419E+04 -7.989E+09
INSTANCE WITH CRITICAL ELEMENT: PART-1-1
  5268115  5.728E+01 5.728E+01  10:25:32 8.263E-06         781  4.418E+04 -8.028E+09
INSTANCE WITH CRITICAL ELEMENT: PART-1-1

 STEP 1  ORIGIN 0.0000

              STEP     TOTAL       CPU      STABLE    CRITICAL    KINETIC      TOTAL
INCREMENT     TIME      TIME      TIME   INCREMENT     ELEMENT     ENERGY     ENERGY
  5285105  5.742E+01 5.742E+01  10:27:32 8.247E-06         781  4.418E+04 -8.067E+09
INSTANCE WITH CRITICAL ELEMENT: PART-1-1
  5301965  5.756E+01 5.756E+01  10:29:32 8.231E-06         781  4.418E+04 -8.105E+09
INSTANCE WITH CRITICAL ELEMENT: PART-1-1
  5318891  5.770E+01 5.770E+01  10:31:32 8.215E-06         781  4.418E+04 -8.144E+09
INSTANCE WITH CRITICAL ELEMENT: PART-1-1
  5335964  5.784E+01 5.784E+01  10:33:32 8.199E-06         781  4.418E+04 -8.183E+09
INSTANCE WITH CRITICAL ELEMENT: PART-1-1
  5353047  5.798E+01 5.798E+01  10:35:32 8.183E-06         781  4.418E+04 -8.222E+09
INSTANCE WITH CRITICAL ELEMENT: PART-1-1
  5370064  5.811E+01 5.811E+01  10:37:32 8.167E-06         781  4.419E+04 -8.260E+09
INSTANCE WITH CRITICAL ELEMENT: PART-1-1
  5387082  5.825E+01 5.825E+01  10:39:32 8.152E-06         781  4.419E+04 -8.299E+09
INSTANCE WITH CRITICAL ELEMENT: PART-1-1
  5404094  5.839E+01 5.839E+01  10:41:32 8.136E-06         781  4.419E+04 -8.337E+09
INSTANCE WITH CRITICAL ELEMENT: PART-1-1
  5421074  5.853E+01 5.853E+01  10:43:32 8.120E-06         781  4.419E+04 -8.375E+09
INSTANCE WITH CRITICAL ELEMENT: PART-1-1
  5438070  5.867E+01 5.867E+01  10:45:32 8.105E-06         781  4.423E+04 -8.413E+09
INSTANCE WITH CRITICAL ELEMENT: PART-1-1
  5454602  5.880E+01 5.880E+01  10:47:32 8.090E-06         781  4.429E+04 -8.450E+09
INSTANCE WITH CRITICAL ELEMENT: PART-1-1
  5471459  5.894E+01 5.894E+01  10:49:32 8.075E-06         781  4.434E+04 -8.488E+09
INSTANCE WITH CRITICAL ELEMENT: PART-1-1
  5488335  5.907E+01 5.907E+01  10:51:32 8.059E-06         781  4.436E+04 -8.526E+09
INSTANCE WITH CRITICAL ELEMENT: PART-1-1
  5505215  5.921E+01 5.921E+01  10:53:32 8.044E-06         781  4.438E+04 -8.563E+09
INSTANCE WITH CRITICAL ELEMENT: PART-1-1
  5522102  5.935E+01 5.935E+01  10:55:32 8.029E-06         781  4.438E+04 -8.601E+09
INSTANCE WITH CRITICAL ELEMENT: PART-1-1
  5539007  5.948E+01 5.948E+01  10:57:32 8.014E-06         781  4.440E+04 -8.638E+09
INSTANCE WITH CRITICAL ELEMENT: PART-1-1
  5555641  5.961E+01 5.961E+01  10:59:32 7.999E-06         781  4.442E+04 -8.675E+09
INSTANCE WITH CRITICAL ELEMENT: PART-1-1
  5572166  5.975E+01 5.975E+01  11:01:32 7.984E-06         781  4.443E+04 -8.712E+09
INSTANCE WITH CRITICAL ELEMENT: PART-1-1
  5588678  5.988E+01 5.988E+01  11:03:32 7.970E-06         781  4.444E+04 -8.748E+09
INSTANCE WITH CRITICAL ELEMENT: PART-1-1
  5604003  6.000E+01 6.000E+01  11:05:24 7.956E-06         781  4.445E+04 -8.782E+09
INSTANCE WITH CRITICAL ELEMENT: PART-1-1
ODB Field Frame Number     12 of     20 requested intervals at  6.000000E+01
  5620866  6.013E+01 6.013E+01  11:07:24 7.941E-06         781  4.446E+04 -8.819E+09
INSTANCE WITH CRITICAL ELEMENT: PART-1-1
  5637876  6.027E+01 6.027E+01  11:09:24 7.926E-06         781  4.447E+04 -8.857E+09
INSTANCE WITH CRITICAL ELEMENT: PART-1-1
  5654901  6.040E+01 6.040E+01  11:11:24 7.911E-06         781  4.448E+04 -8.894E+09
INSTANCE WITH CRITICAL ELEMENT: PART-1-1
  5671924  6.054E+01 6.054E+01  11:13:24 7.897E-06         781  4.449E+04 -8.931E+09
INSTANCE WITH CRITICAL ELEMENT: PART-1-1
  5688685  6.067E+01 6.067E+01  11:15:24 7.882E-06         781  4.449E+04 -8.967E+09
INSTANCE WITH CRITICAL ELEMENT: PART-1-1
  5705752  6.080E+01 6.080E+01  11:17:24 7.867E-06         781  4.450E+04 -9.004E+09
INSTANCE WITH CRITICAL ELEMENT: PART-1-1
  5722723  6.094E+01 6.094E+01  11:19:24 7.853E-06         781  4.451E+04 -9.041E+09
INSTANCE WITH CRITICAL ELEMENT: PART-1-1
  5739592  6.107E+01 6.107E+01  11:21:24 7.838E-06         781  4.451E+04 -9.078E+09
INSTANCE WITH CRITICAL ELEMENT: PART-1-1
  5756546  6.120E+01 6.120E+01  11:23:24 7.824E-06         781  4.453E+04 -9.115E+09
INSTANCE WITH CRITICAL ELEMENT: PART-1-1
  5773574  6.134E+01 6.134E+01  11:25:24 7.810E-06         781  4.454E+04 -9.153E+09
INSTANCE WITH CRITICAL ELEMENT: PART-1-1
  5790549  6.147E+01 6.147E+01  11:27:24 7.795E-06         781  4.455E+04 -9.190E+09
INSTANCE WITH CRITICAL ELEMENT: PART-1-1
  5807563  6.160E+01 6.160E+01  11:29:24 7.781E-06         781  4.455E+04 -9.227E+09
INSTANCE WITH CRITICAL ELEMENT: PART-1-1
  5824590  6.173E+01 6.173E+01  11:31:24 7.767E-06          84  4.458E+04 -9.265E+09
INSTANCE WITH CRITICAL ELEMENT: PART-1-1
  5841627  6.187E+01 6.187E+01  11:33:24 7.753E-06          84  4.459E+04 -9.302E+09
INSTANCE WITH CRITICAL ELEMENT: PART-1-1
  5858666  6.200E+01 6.200E+01  11:35:24 7.739E-06          84  4.460E+04 -9.339E+09
INSTANCE WITH CRITICAL ELEMENT: PART-1-1
  5875717  6.213E+01 6.213E+01  11:37:24 7.725E-06          84  4.461E+04 -9.376E+09
INSTANCE WITH CRITICAL ELEMENT: PART-1-1
  5892783  6.226E+01 6.226E+01  11:39:24 7.711E-06          84  4.461E+04 -9.413E+09
INSTANCE WITH CRITICAL ELEMENT: PART-1-1
  5909841  6.239E+01 6.239E+01  11:41:24 7.697E-06          84  4.462E+04 -9.450E+09
INSTANCE WITH CRITICAL ELEMENT: PART-1-1
  5926890  6.252E+01 6.252E+01  11:43:24 7.684E-06          84  4.462E+04 -9.486E+09
INSTANCE WITH CRITICAL ELEMENT: PART-1-1
  5943965  6.266E+01 6.266E+01  11:45:24 7.670E-06          84  4.463E+04 -9.523E+09
INSTANCE WITH CRITICAL ELEMENT: PART-1-1

 STEP 1  ORIGIN 0.0000

              STEP     TOTAL       CPU      STABLE    CRITICAL    KINETIC      TOTAL
INCREMENT     TIME      TIME      TIME   INCREMENT     ELEMENT     ENERGY     ENERGY
  5961001  6.279E+01 6.279E+01  11:47:24 7.656E-06          84  4.470E+04 -9.559E+09
INSTANCE WITH CRITICAL ELEMENT: PART-1-1
  5978017  6.292E+01 6.292E+01  11:49:24 7.643E-06          84  4.473E+04 -9.596E+09
INSTANCE WITH CRITICAL ELEMENT: PART-1-1
  5995030  6.305E+01 6.305E+01  11:51:24 7.629E-06          84  4.474E+04 -9.632E+09
INSTANCE WITH CRITICAL ELEMENT: PART-1-1
  6012044  6.318E+01 6.318E+01  11:53:24 7.616E-06          84  4.476E+04 -9.668E+09
INSTANCE WITH CRITICAL ELEMENT: PART-1-1
  6029061  6.331E+01 6.331E+01  11:55:24 7.603E-06          84  4.478E+04 -9.704E+09
INSTANCE WITH CRITICAL ELEMENT: PART-1-1
  6045891  6.343E+01 6.343E+01  11:57:24 7.590E-06          84  4.480E+04 -9.740E+09
INSTANCE WITH CRITICAL ELEMENT: PART-1-1
  6062889  6.356E+01 6.356E+01  11:59:24 7.576E-06          84  4.482E+04 -9.776E+09
INSTANCE WITH CRITICAL ELEMENT: PART-1-1
  6079876  6.369E+01 6.369E+01  12:01:24 7.563E-06          84  4.483E+04 -9.812E+09
INSTANCE WITH CRITICAL ELEMENT: PART-1-1
  6096767  6.382E+01 6.382E+01  12:03:24 7.550E-06          84  4.485E+04 -9.848E+09
INSTANCE WITH CRITICAL ELEMENT: PART-1-1
  6113784  6.395E+01 6.395E+01  12:05:24 7.537E-06          84  4.491E+04 -9.884E+09
INSTANCE WITH CRITICAL ELEMENT: PART-1-1
  6130841  6.407E+01 6.407E+01  12:07:24 7.524E-06          84  4.494E+04 -9.920E+09
INSTANCE WITH CRITICAL ELEMENT: PART-1-1
  6147916  6.420E+01 6.420E+01  12:09:24 7.511E-06          84  4.495E+04 -9.956E+09
INSTANCE WITH CRITICAL ELEMENT: PART-1-1
  6164967  6.433E+01 6.433E+01  12:11:24 7.498E-06          84  4.499E+04 -9.992E+09
INSTANCE WITH CRITICAL ELEMENT: PART-1-1
  6181999  6.446E+01 6.446E+01  12:13:24 7.485E-06          84  4.501E+04 -1.003E+10
INSTANCE WITH CRITICAL ELEMENT: PART-1-1
  6199019  6.459E+01 6.459E+01  12:15:24 7.472E-06          84  4.503E+04 -1.006E+10
INSTANCE WITH CRITICAL ELEMENT: PART-1-1
  6216005  6.471E+01 6.471E+01  12:17:24 7.460E-06          84  4.504E+04 -1.010E+10
INSTANCE WITH CRITICAL ELEMENT: PART-1-1
  6233043  6.484E+01 6.484E+01  12:19:24 7.447E-06          84  4.506E+04 -1.013E+10
INSTANCE WITH CRITICAL ELEMENT: PART-1-1
  6250109  6.497E+01 6.497E+01  12:21:24 7.434E-06          84  4.508E+04 -1.017E+10
INSTANCE WITH CRITICAL ELEMENT: PART-1-1
  6254564  6.500E+01 6.500E+01  12:21:55 7.431E-06          84  4.509E+04 -1.018E+10
INSTANCE WITH CRITICAL ELEMENT: PART-1-1
ODB Field Frame Number     13 of     20 requested intervals at  6.500000E+01
  6271625  6.513E+01 6.513E+01  12:23:55 7.418E-06          84  4.510E+04 -1.021E+10
INSTANCE WITH CRITICAL ELEMENT: PART-1-1
  6288718  6.525E+01 6.525E+01  12:25:55 7.405E-06          84  4.511E+04 -1.025E+10
INSTANCE WITH CRITICAL ELEMENT: PART-1-1
  6305212  6.538E+01 6.538E+01  12:27:55 7.393E-06          84  4.513E+04 -1.029E+10
INSTANCE WITH CRITICAL ELEMENT: PART-1-1
  6322264  6.550E+01 6.550E+01  12:29:55 7.381E-06          84  4.514E+04 -1.032E+10
INSTANCE WITH CRITICAL ELEMENT: PART-1-1
  6339286  6.563E+01 6.563E+01  12:31:55 7.368E-06          84  4.515E+04 -1.036E+10
INSTANCE WITH CRITICAL ELEMENT: PART-1-1
  6356281  6.575E+01 6.575E+01  12:33:55 7.356E-06          84  4.515E+04 -1.039E+10
INSTANCE WITH CRITICAL ELEMENT: PART-1-1
  6373261  6.588E+01 6.588E+01  12:35:55 7.343E-06          84  4.515E+04 -1.043E+10
INSTANCE WITH CRITICAL ELEMENT: PART-1-1
  6390133  6.600E+01 6.600E+01  12:37:55 7.331E-06          84  4.514E+04 -1.046E+10
INSTANCE WITH CRITICAL ELEMENT: PART-1-1
  6406991  6.612E+01 6.612E+01  12:39:55 7.319E-06          84  4.516E+04 -1.050E+10
INSTANCE WITH CRITICAL ELEMENT: PART-1-1
  6423710  6.625E+01 6.625E+01  12:41:55 7.307E-06          84  4.516E+04 -1.054E+10
INSTANCE WITH CRITICAL ELEMENT: PART-1-1
  6440680  6.637E+01 6.637E+01  12:43:55 7.294E-06          84  4.517E+04 -1.057E+10
INSTANCE WITH CRITICAL ELEMENT: PART-1-1
  6457667  6.649E+01 6.649E+01  12:45:55 7.282E-06          84  4.518E+04 -1.061E+10
INSTANCE WITH CRITICAL ELEMENT: PART-1-1
  6474619  6.662E+01 6.662E+01  12:47:55 7.270E-06          84  4.518E+04 -1.065E+10
INSTANCE WITH CRITICAL ELEMENT: PART-1-1
  6491598  6.674E+01 6.674E+01  12:49:55 7.258E-06          84  4.520E+04 -1.068E+10
INSTANCE WITH CRITICAL ELEMENT: PART-1-1
  6508485  6.686E+01 6.686E+01  12:51:55 7.246E-06          84  4.524E+04 -1.072E+10
INSTANCE WITH CRITICAL ELEMENT: PART-1-1
  6525512  6.699E+01 6.699E+01  12:53:55 7.234E-06          84  4.524E+04 -1.076E+10
INSTANCE WITH CRITICAL ELEMENT: PART-1-1
  6542536  6.711E+01 6.711E+01  12:55:55 7.222E-06          84  4.529E+04 -1.079E+10
INSTANCE WITH CRITICAL ELEMENT: PART-1-1
  6559565  6.723E+01 6.723E+01  12:57:55 7.210E-06          84  4.530E+04 -1.083E+10
INSTANCE WITH CRITICAL ELEMENT: PART-1-1
  6576594  6.736E+01 6.736E+01  12:59:55 7.198E-06          84  4.530E+04 -1.087E+10
INSTANCE WITH CRITICAL ELEMENT: PART-1-1
  6593632  6.748E+01 6.748E+01  13:01:55 7.186E-06          84  4.530E+04 -1.090E+10
INSTANCE WITH CRITICAL ELEMENT: PART-1-1
  6610664  6.760E+01 6.760E+01  13:03:55 7.174E-06          84  4.530E+04 -1.094E+10
INSTANCE WITH CRITICAL ELEMENT: PART-1-1

 STEP 1  ORIGIN 0.0000

              STEP     TOTAL       CPU      STABLE    CRITICAL    KINETIC      TOTAL
INCREMENT     TIME      TIME      TIME   INCREMENT     ELEMENT     ENERGY     ENERGY
  6627668  6.772E+01 6.772E+01  13:05:55 7.162E-06          84  4.530E+04 -1.097E+10
INSTANCE WITH CRITICAL ELEMENT: PART-1-1
  6644681  6.784E+01 6.784E+01  13:07:55 7.150E-06          84  4.529E+04 -1.101E+10
INSTANCE WITH CRITICAL ELEMENT: PART-1-1
  6661622  6.796E+01 6.796E+01  13:09:55 7.139E-06          84  4.529E+04 -1.105E+10
INSTANCE WITH CRITICAL ELEMENT: PART-1-1
  6678476  6.808E+01 6.808E+01  13:11:55 7.127E-06          84  4.529E+04 -1.108E+10
INSTANCE WITH CRITICAL ELEMENT: PART-1-1
  6695346  6.820E+01 6.820E+01  13:13:55 7.115E-06          84  4.529E+04 -1.112E+10
INSTANCE WITH CRITICAL ELEMENT: PART-1-1
  6712339  6.833E+01 6.833E+01  13:15:55 7.104E-06          84  4.528E+04 -1.115E+10
INSTANCE WITH CRITICAL ELEMENT: PART-1-1
  6729413  6.845E+01 6.845E+01  13:17:55 7.092E-06          84  4.528E+04 -1.119E+10
INSTANCE WITH CRITICAL ELEMENT: PART-1-1
  6746500  6.857E+01 6.857E+01  13:19:55 7.081E-06          84  4.529E+04 -1.123E+10
INSTANCE WITH CRITICAL ELEMENT: PART-1-1
  6763566  6.869E+01 6.869E+01  13:21:55 7.069E-06          84  4.528E+04 -1.126E+10
INSTANCE WITH CRITICAL ELEMENT: PART-1-1
  6780594  6.881E+01 6.881E+01  13:23:55 7.058E-06          84  4.528E+04 -1.130E+10
INSTANCE WITH CRITICAL ELEMENT: PART-1-1
  6797612  6.893E+01 6.893E+01  13:25:55 7.047E-06          84  4.527E+04 -1.133E+10
INSTANCE WITH CRITICAL ELEMENT: PART-1-1
  6814626  6.905E+01 6.905E+01  13:27:55 7.036E-06          84  4.527E+04 -1.137E+10
INSTANCE WITH CRITICAL ELEMENT: PART-1-1
  6831612  6.917E+01 6.917E+01  13:29:55 7.025E-06          84  4.526E+04 -1.140E+10
INSTANCE WITH CRITICAL ELEMENT: PART-1-1
  6848647  6.929E+01 6.929E+01  13:31:55 7.014E-06          84  4.527E+04 -1.144E+10
INSTANCE WITH CRITICAL ELEMENT: PART-1-1
  6865650  6.941E+01 6.941E+01  13:33:55 7.003E-06          84  4.527E+04 -1.147E+10
INSTANCE WITH CRITICAL ELEMENT: PART-1-1
  6882647  6.953E+01 6.953E+01  13:35:55 6.992E-06          84  4.527E+04 -1.151E+10
INSTANCE WITH CRITICAL ELEMENT: PART-1-1
  6899604  6.964E+01 6.964E+01  13:37:55 6.981E-06          84  4.527E+04 -1.154E+10
INSTANCE WITH CRITICAL ELEMENT: PART-1-1
  6916587  6.976E+01 6.976E+01  13:39:55 6.970E-06          84  4.528E+04 -1.158E+10
INSTANCE WITH CRITICAL ELEMENT: PART-1-1
  6933598  6.988E+01 6.988E+01  13:41:55 6.960E-06          84  4.530E+04 -1.161E+10
INSTANCE WITH CRITICAL ELEMENT: PART-1-1
  6950607  7.000E+01 7.000E+01  13:43:55 6.949E-06          84  4.531E+04 -1.165E+10
INSTANCE WITH CRITICAL ELEMENT: PART-1-1
  6950666  7.000E+01 7.000E+01  13:43:55 6.949E-06          84  4.531E+04 -1.165E+10
INSTANCE WITH CRITICAL ELEMENT: PART-1-1
ODB Field Frame Number     14 of     20 requested intervals at  7.000000E+01
  6967655  7.012E+01 7.012E+01  13:45:55 6.938E-06          84  4.531E+04 -1.168E+10
INSTANCE WITH CRITICAL ELEMENT: PART-1-1
  6984672  7.024E+01 7.024E+01  13:47:55 6.928E-06          84  4.531E+04 -1.172E+10
INSTANCE WITH CRITICAL ELEMENT: PART-1-1
  7001756  7.035E+01 7.035E+01  13:49:55 6.917E-06          84  4.531E+04 -1.176E+10
INSTANCE WITH CRITICAL ELEMENT: PART-1-1
  7018807  7.047E+01 7.047E+01  13:51:55 6.907E-06          84  4.531E+04 -1.179E+10
INSTANCE WITH CRITICAL ELEMENT: PART-1-1
  7035764  7.059E+01 7.059E+01  13:53:55 6.896E-06          84  4.531E+04 -1.182E+10
INSTANCE WITH CRITICAL ELEMENT: PART-1-1
  7052731  7.071E+01 7.071E+01  13:55:55 6.886E-06          84  4.530E+04 -1.186E+10
INSTANCE WITH CRITICAL ELEMENT: PART-1-1
  7069700  7.082E+01 7.082E+01  13:57:55 6.876E-06          84  4.529E+04 -1.189E+10
INSTANCE WITH CRITICAL ELEMENT: PART-1-1
  7086675  7.094E+01 7.094E+01  13:59:55 6.866E-06          84  4.529E+04 -1.193E+10
INSTANCE WITH CRITICAL ELEMENT: PART-1-1
  7103662  7.106E+01 7.106E+01  14:01:55 6.855E-06          84  4.533E+04 -1.196E+10
INSTANCE WITH CRITICAL ELEMENT: PART-1-1
  7120641  7.117E+01 7.117E+01  14:03:55 6.845E-06          84  4.534E+04 -1.200E+10
INSTANCE WITH CRITICAL ELEMENT: PART-1-1
  7137623  7.129E+01 7.129E+01  14:05:55 6.835E-06          84  4.535E+04 -1.203E+10
INSTANCE WITH CRITICAL ELEMENT: PART-1-1
  7154598  7.140E+01 7.140E+01  14:07:55 6.825E-06          84  4.537E+04 -1.207E+10
INSTANCE WITH CRITICAL ELEMENT: PART-1-1
  7171659  7.152E+01 7.152E+01  14:09:55 6.815E-06          84  4.534E+04 -1.210E+10
INSTANCE WITH CRITICAL ELEMENT: PART-1-1
  7188687  7.164E+01 7.164E+01  14:11:55 6.805E-06          84  4.535E+04 -1.213E+10
INSTANCE WITH CRITICAL ELEMENT: PART-1-1
  7205748  7.175E+01 7.175E+01  14:13:55 6.795E-06          84  4.535E+04 -1.217E+10
INSTANCE WITH CRITICAL ELEMENT: PART-1-1
  7222809  7.187E+01 7.187E+01  14:15:55 6.785E-06          84  4.513E+04 -1.220E+10
INSTANCE WITH CRITICAL ELEMENT: PART-1-1
  7239858  7.198E+01 7.198E+01  14:17:55 6.776E-06          84  4.534E+04 -1.224E+10
INSTANCE WITH CRITICAL ELEMENT: PART-1-1
  7256818  7.210E+01 7.210E+01  14:19:55 6.766E-06          84  4.538E+04 -1.227E+10
INSTANCE WITH CRITICAL ELEMENT: PART-1-1
  7273877  7.221E+01 7.221E+01  14:21:55 6.756E-06          84  4.537E+04 -1.230E+10
INSTANCE WITH CRITICAL ELEMENT: PART-1-1

 STEP 1  ORIGIN 0.0000

              STEP     TOTAL       CPU      STABLE    CRITICAL    KINETIC      TOTAL
INCREMENT     TIME      TIME      TIME   INCREMENT     ELEMENT     ENERGY     ENERGY
  7290929  7.233E+01 7.233E+01  14:23:55 6.746E-06          84  4.536E+04 -1.234E+10
INSTANCE WITH CRITICAL ELEMENT: PART-1-1
  7307978  7.244E+01 7.244E+01  14:25:55 6.737E-06          84  4.536E+04 -1.237E+10
INSTANCE WITH CRITICAL ELEMENT: PART-1-1
  7325040  7.256E+01 7.256E+01  14:27:55 6.727E-06          84  4.536E+04 -1.240E+10
INSTANCE WITH CRITICAL ELEMENT: PART-1-1
  7342095  7.267E+01 7.267E+01  14:29:55 6.718E-06          84  4.540E+04 -1.244E+10
INSTANCE WITH CRITICAL ELEMENT: PART-1-1
  7359118  7.279E+01 7.279E+01  14:31:55 6.708E-06          84  4.540E+04 -1.247E+10
INSTANCE WITH CRITICAL ELEMENT: PART-1-1
  7376104  7.290E+01 7.290E+01  14:33:55 6.699E-06          84  4.540E+04 -1.250E+10
INSTANCE WITH CRITICAL ELEMENT: PART-1-1
  7393133  7.302E+01 7.302E+01  14:35:55 6.689E-06          84  4.540E+04 -1.254E+10
INSTANCE WITH CRITICAL ELEMENT: PART-1-1
  7410199  7.313E+01 7.313E+01  14:37:55 6.680E-06          84  4.540E+04 -1.257E+10
INSTANCE WITH CRITICAL ELEMENT: PART-1-1
  7427280  7.324E+01 7.324E+01  14:39:55 6.671E-06          84  4.540E+04 -1.260E+10
INSTANCE WITH CRITICAL ELEMENT: PART-1-1
  7444355  7.336E+01 7.336E+01  14:41:55 6.661E-06          84  4.541E+04 -1.263E+10
INSTANCE WITH CRITICAL ELEMENT: PART-1-1
  7461462  7.347E+01 7.347E+01  14:43:55 6.652E-06          84  4.541E+04 -1.267E+10
INSTANCE WITH CRITICAL ELEMENT: PART-1-1
  7478572  7.359E+01 7.359E+01  14:45:55 6.643E-06          84  4.542E+04 -1.270E+10
INSTANCE WITH CRITICAL ELEMENT: PART-1-1
  7495555  7.370E+01 7.370E+01  14:47:55 6.634E-06          84  4.542E+04 -1.273E+10
INSTANCE WITH CRITICAL ELEMENT: PART-1-1
  7512551  7.381E+01 7.381E+01  14:49:55 6.625E-06          84  4.543E+04 -1.276E+10
INSTANCE WITH CRITICAL ELEMENT: PART-1-1
  7529556  7.392E+01 7.392E+01  14:51:55 6.616E-06          84  4.542E+04 -1.280E+10
INSTANCE WITH CRITICAL ELEMENT: PART-1-1
  7546563  7.404E+01 7.404E+01  14:53:55 6.607E-06          84  4.542E+04 -1.283E+10
INSTANCE WITH CRITICAL ELEMENT: PART-1-1
  7563592  7.415E+01 7.415E+01  14:55:55 6.598E-06          84  4.542E+04 -1.286E+10
INSTANCE WITH CRITICAL ELEMENT: PART-1-1
  7580574  7.426E+01 7.426E+01  14:57:55 6.589E-06          84  4.542E+04 -1.289E+10
INSTANCE WITH CRITICAL ELEMENT: PART-1-1
  7597625  7.437E+01 7.437E+01  14:59:55 6.580E-06          84  4.547E+04 -1.292E+10
INSTANCE WITH CRITICAL ELEMENT: PART-1-1
  7614697  7.448E+01 7.448E+01  15:01:55 6.571E-06          84  4.548E+04 -1.296E+10
INSTANCE WITH CRITICAL ELEMENT: PART-1-1
  7631690  7.460E+01 7.460E+01  15:03:55 6.563E-06          84  4.557E+04 -1.299E+10
INSTANCE WITH CRITICAL ELEMENT: PART-1-1
  7648724  7.471E+01 7.471E+01  15:05:55 6.554E-06          84  4.546E+04 -1.302E+10
INSTANCE WITH CRITICAL ELEMENT: PART-1-1
  7665582  7.482E+01 7.482E+01  15:07:55 6.545E-06          84  4.543E+04 -1.305E+10
INSTANCE WITH CRITICAL ELEMENT: PART-1-1
  7682633  7.493E+01 7.493E+01  15:09:55 6.536E-06          84  4.549E+04 -1.308E+10
INSTANCE WITH CRITICAL ELEMENT: PART-1-1
  7693321  7.500E+01 7.500E+01  15:11:11 6.531E-06          84  4.553E+04 -1.310E+10
INSTANCE WITH CRITICAL ELEMENT: PART-1-1
ODB Field Frame Number     15 of     20 requested intervals at  7.500000E+01
  7710347  7.511E+01 7.511E+01  15:13:11 6.522E-06          84  4.553E+04 -1.313E+10
INSTANCE WITH CRITICAL ELEMENT: PART-1-1
  7727341  7.522E+01 7.522E+01  15:15:11 6.514E-06          84  4.555E+04 -1.316E+10
INSTANCE WITH CRITICAL ELEMENT: PART-1-1
  7744254  7.533E+01 7.533E+01  15:17:11 6.505E-06          84  4.555E+04 -1.319E+10
INSTANCE WITH CRITICAL ELEMENT: PART-1-1
  7761014  7.544E+01 7.544E+01  15:19:11 6.497E-06          84  4.554E+04 -1.323E+10
INSTANCE WITH CRITICAL ELEMENT: PART-1-1
  7778004  7.555E+01 7.555E+01  15:21:11 6.488E-06          84  4.558E+04 -1.326E+10
INSTANCE WITH CRITICAL ELEMENT: PART-1-1
  7795025  7.566E+01 7.566E+01  15:23:11 6.480E-06          84  4.556E+04 -1.329E+10
INSTANCE WITH CRITICAL ELEMENT: PART-1-1
  7812107  7.577E+01 7.577E+01  15:25:11 6.471E-06          84  4.555E+04 -1.332E+10
INSTANCE WITH CRITICAL ELEMENT: PART-1-1
  7829195  7.588E+01 7.588E+01  15:27:11 6.463E-06          84  4.556E+04 -1.335E+10
INSTANCE WITH CRITICAL ELEMENT: PART-1-1
  7846314  7.599E+01 7.599E+01  15:29:11 6.455E-06          84  4.555E+04 -1.338E+10
INSTANCE WITH CRITICAL ELEMENT: PART-1-1
  7863425  7.610E+01 7.610E+01  15:31:11 6.446E-06          84  4.554E+04 -1.341E+10
INSTANCE WITH CRITICAL ELEMENT: PART-1-1
  7880430  7.621E+01 7.621E+01  15:33:11 6.438E-06          84  4.553E+04 -1.344E+10
INSTANCE WITH CRITICAL ELEMENT: PART-1-1
  7897498  7.632E+01 7.632E+01  15:35:11 6.430E-06          84  4.554E+04 -1.347E+10
INSTANCE WITH CRITICAL ELEMENT: PART-1-1
  7914578  7.643E+01 7.643E+01  15:37:11 6.422E-06          84  4.553E+04 -1.350E+10
INSTANCE WITH CRITICAL ELEMENT: PART-1-1
  7931710  7.654E+01 7.654E+01  15:39:11 6.413E-06          84  4.554E+04 -1.353E+10
INSTANCE WITH CRITICAL ELEMENT: PART-1-1
  7948776  7.665E+01 7.665E+01  15:41:11 6.405E-06          84  4.557E+04 -1.356E+10
INSTANCE WITH CRITICAL ELEMENT: PART-1-1

 STEP 1  ORIGIN 0.0000

              STEP     TOTAL       CPU      STABLE    CRITICAL    KINETIC      TOTAL
INCREMENT     TIME      TIME      TIME   INCREMENT     ELEMENT     ENERGY     ENERGY
  7965860  7.676E+01 7.676E+01  15:43:11 6.397E-06          84  4.554E+04 -1.359E+10
INSTANCE WITH CRITICAL ELEMENT: PART-1-1
  7982982  7.687E+01 7.687E+01  15:45:11 6.389E-06          84  4.560E+04 -1.362E+10
INSTANCE WITH CRITICAL ELEMENT: PART-1-1
  8000107  7.698E+01 7.698E+01  15:47:11 6.381E-06          84  4.560E+04 -1.365E+10
INSTANCE WITH CRITICAL ELEMENT: PART-1-1
  8017180  7.709E+01 7.709E+01  15:49:11 6.373E-06          84  4.561E+04 -1.368E+10
INSTANCE WITH CRITICAL ELEMENT: PART-1-1
  8034214  7.720E+01 7.720E+01  15:51:11 6.366E-06          84  4.562E+04 -1.371E+10
INSTANCE WITH CRITICAL ELEMENT: PART-1-1
  8051251  7.731E+01 7.731E+01  15:53:11 6.358E-06          84  4.562E+04 -1.374E+10
INSTANCE WITH CRITICAL ELEMENT: PART-1-1
  8068376  7.741E+01 7.741E+01  15:55:11 6.350E-06          84  4.562E+04 -1.377E+10
INSTANCE WITH CRITICAL ELEMENT: PART-1-1
  8085509  7.752E+01 7.752E+01  15:57:11 6.342E-06          84  4.573E+04 -1.380E+10
INSTANCE WITH CRITICAL ELEMENT: PART-1-1
  8102598  7.763E+01 7.763E+01  15:59:11 6.334E-06          84  4.552E+04 -1.383E+10
INSTANCE WITH CRITICAL ELEMENT: PART-1-1
  8119664  7.774E+01 7.774E+01  16:01:11 6.327E-06          84  4.556E+04 -1.386E+10
INSTANCE WITH CRITICAL ELEMENT: PART-1-1
  8136586  7.785E+01 7.785E+01  16:03:11 6.319E-06          84  4.556E+04 -1.389E+10
INSTANCE WITH CRITICAL ELEMENT: PART-1-1
  8153685  7.795E+01 7.795E+01  16:05:11 6.311E-06          84  4.556E+04 -1.392E+10
INSTANCE WITH CRITICAL ELEMENT: PART-1-1
  8170724  7.806E+01 7.806E+01  16:07:11 6.304E-06          84  4.558E+04 -1.395E+10
INSTANCE WITH CRITICAL ELEMENT: PART-1-1
  8187777  7.817E+01 7.817E+01  16:09:11 6.296E-06          84  4.557E+04 -1.398E+10
INSTANCE WITH CRITICAL ELEMENT: PART-1-1
  8204933  7.828E+01 7.828E+01  16:11:11 6.288E-06          84  4.555E+04 -1.401E+10
INSTANCE WITH CRITICAL ELEMENT: PART-1-1
  8222082  7.839E+01 7.839E+01  16:13:11 6.281E-06          84  4.555E+04 -1.404E+10
INSTANCE WITH CRITICAL ELEMENT: PART-1-1
  8239233  7.849E+01 7.849E+01  16:15:11 6.273E-06          84  4.555E+04 -1.408E+10
INSTANCE WITH CRITICAL ELEMENT: PART-1-1
  8256385  7.860E+01 7.860E+01  16:17:11 6.265E-06          84  4.554E+04 -1.411E+10
INSTANCE WITH CRITICAL ELEMENT: PART-1-1
  8273515  7.871E+01 7.871E+01  16:19:11 6.258E-06          84  4.554E+04 -1.414E+10
INSTANCE WITH CRITICAL ELEMENT: PART-1-1
  8290656  7.882E+01 7.882E+01  16:21:11 6.250E-06          84  4.554E+04 -1.417E+10
INSTANCE WITH CRITICAL ELEMENT: PART-1-1
  8307816  7.892E+01 7.892E+01  16:23:11 6.243E-06          84  4.553E+04 -1.420E+10
INSTANCE WITH CRITICAL ELEMENT: PART-1-1
  8324943  7.903E+01 7.903E+01  16:25:11 6.235E-06          84  4.554E+04 -1.423E+10
INSTANCE WITH CRITICAL ELEMENT: PART-1-1
  8341955  7.914E+01 7.914E+01  16:27:11 6.228E-06          84  4.553E+04 -1.426E+10
INSTANCE WITH CRITICAL ELEMENT: PART-1-1
  8358561  7.924E+01 7.924E+01  16:29:11 6.221E-06          84  4.554E+04 -1.429E+10
INSTANCE WITH CRITICAL ELEMENT: PART-1-1
  8375144  7.934E+01 7.934E+01  16:31:11 6.213E-06          84  4.556E+04 -1.432E+10
INSTANCE WITH CRITICAL ELEMENT: PART-1-1
  8392188  7.945E+01 7.945E+01  16:33:11 6.206E-06          84  4.557E+04 -1.435E+10
INSTANCE WITH CRITICAL ELEMENT: PART-1-1
  8409315  7.955E+01 7.955E+01  16:35:11 6.198E-06          84  4.557E+04 -1.438E+10
INSTANCE WITH CRITICAL ELEMENT: PART-1-1
  8426454  7.966E+01 7.966E+01  16:37:11 6.191E-06          84  4.557E+04 -1.441E+10
INSTANCE WITH CRITICAL ELEMENT: PART-1-1
  8443545  7.977E+01 7.977E+01  16:39:11 6.183E-06          84  4.556E+04 -1.444E+10
INSTANCE WITH CRITICAL ELEMENT: PART-1-1
  8460623  7.987E+01 7.987E+01  16:41:11 6.176E-06          84  4.555E+04 -1.447E+10
INSTANCE WITH CRITICAL ELEMENT: PART-1-1
  8477691  7.998E+01 7.998E+01  16:43:11 6.168E-06          84  4.555E+04 -1.450E+10
INSTANCE WITH CRITICAL ELEMENT: PART-1-1
  8481492  8.000E+01 8.000E+01  16:43:37 6.166E-06          84  4.557E+04 -1.450E+10
INSTANCE WITH CRITICAL ELEMENT: PART-1-1
ODB Field Frame Number     16 of     20 requested intervals at  8.000000E+01
  8498569  8.011E+01 8.011E+01  16:45:37 6.159E-06          84  4.559E+04 -1.453E+10
INSTANCE WITH CRITICAL ELEMENT: PART-1-1
  8515607  8.021E+01 8.021E+01  16:47:37 6.151E-06          84  4.560E+04 -1.456E+10
INSTANCE WITH CRITICAL ELEMENT: PART-1-1
  8532625  8.031E+01 8.031E+01  16:49:37 6.144E-06          84  4.560E+04 -1.459E+10
INSTANCE WITH CRITICAL ELEMENT: PART-1-1
  8549650  8.042E+01 8.042E+01  16:51:37 6.136E-06          84  4.560E+04 -1.462E+10
INSTANCE WITH CRITICAL ELEMENT: PART-1-1
  8566755  8.052E+01 8.052E+01  16:53:37 6.129E-06          84  4.560E+04 -1.465E+10
INSTANCE WITH CRITICAL ELEMENT: PART-1-1
  8583806  8.063E+01 8.063E+01  16:55:37 6.121E-06          84  4.560E+04 -1.468E+10
INSTANCE WITH CRITICAL ELEMENT: PART-1-1
  8600867  8.073E+01 8.073E+01  16:57:37 6.114E-06          84  4.561E+04 -1.471E+10
INSTANCE WITH CRITICAL ELEMENT: PART-1-1
  8617969  8.084E+01 8.084E+01  16:59:37 6.106E-06          84  4.562E+04 -1.474E+10
INSTANCE WITH CRITICAL ELEMENT: PART-1-1

 STEP 1  ORIGIN 0.0000

              STEP     TOTAL       CPU      STABLE    CRITICAL    KINETIC      TOTAL
INCREMENT     TIME      TIME      TIME   INCREMENT     ELEMENT     ENERGY     ENERGY
  8635091  8.094E+01 8.094E+01  17:01:37 6.099E-06          84  4.562E+04 -1.477E+10
INSTANCE WITH CRITICAL ELEMENT: PART-1-1
  8652220  8.105E+01 8.105E+01  17:03:37 6.091E-06          84  4.562E+04 -1.480E+10
INSTANCE WITH CRITICAL ELEMENT: PART-1-1
  8669289  8.115E+01 8.115E+01  17:05:37 6.083E-06          84  4.562E+04 -1.483E+10
INSTANCE WITH CRITICAL ELEMENT: PART-1-1
  8686308  8.125E+01 8.125E+01  17:07:37 6.076E-06          84  4.562E+04 -1.486E+10
INSTANCE WITH CRITICAL ELEMENT: PART-1-1
  8703378  8.136E+01 8.136E+01  17:09:37 6.068E-06          84  4.561E+04 -1.489E+10
INSTANCE WITH CRITICAL ELEMENT: PART-1-1
  8720502  8.146E+01 8.146E+01  17:11:37 6.061E-06          84  4.561E+04 -1.492E+10
INSTANCE WITH CRITICAL ELEMENT: PART-1-1
  8737781  8.157E+01 8.157E+01  17:13:37 6.053E-06          84  4.561E+04 -1.495E+10
INSTANCE WITH CRITICAL ELEMENT: PART-1-1
  8755358  8.167E+01 8.167E+01  17:15:37 6.046E-06          84  4.561E+04 -1.498E+10
INSTANCE WITH CRITICAL ELEMENT: PART-1-1
  8772954  8.178E+01 8.178E+01  17:17:37 6.038E-06          84  4.561E+04 -1.501E+10
INSTANCE WITH CRITICAL ELEMENT: PART-1-1
  8790510  8.188E+01 8.188E+01  17:19:37 6.030E-06          84  4.565E+04 -1.504E+10
INSTANCE WITH CRITICAL ELEMENT: PART-1-1
  8808066  8.199E+01 8.199E+01  17:21:37 6.023E-06          84  4.566E+04 -1.507E+10
INSTANCE WITH CRITICAL ELEMENT: PART-1-1
  8825639  8.210E+01 8.210E+01  17:23:37 6.015E-06          84  4.566E+04 -1.510E+10
INSTANCE WITH CRITICAL ELEMENT: PART-1-1
  8843209  8.220E+01 8.220E+01  17:25:37 6.007E-06          84  4.565E+04 -1.513E+10
INSTANCE WITH CRITICAL ELEMENT: PART-1-1
  8860783  8.231E+01 8.231E+01  17:27:37 6.000E-06          84  4.564E+04 -1.516E+10
INSTANCE WITH CRITICAL ELEMENT: PART-1-1
  8878353  8.241E+01 8.241E+01  17:29:37 5.992E-06          84  4.789E+04 -1.519E+10
INSTANCE WITH CRITICAL ELEMENT: PART-1-1
  8895922  8.252E+01 8.252E+01  17:31:37 5.985E-06          84  4.556E+04 -1.522E+10
INSTANCE WITH CRITICAL ELEMENT: PART-1-1
  8913483  8.262E+01 8.262E+01  17:33:37 5.977E-06          84  4.568E+04 -1.525E+10
INSTANCE WITH CRITICAL ELEMENT: PART-1-1
  8931046  8.273E+01 8.273E+01  17:35:37 5.970E-06          84  4.565E+04 -1.528E+10
INSTANCE WITH CRITICAL ELEMENT: PART-1-1
  8948614  8.283E+01 8.283E+01  17:37:37 5.962E-06          84  4.564E+04 -1.531E+10
INSTANCE WITH CRITICAL ELEMENT: PART-1-1
  8966173  8.294E+01 8.294E+01  17:39:37 5.955E-06          84  4.566E+04 -1.534E+10
INSTANCE WITH CRITICAL ELEMENT: PART-1-1
  8983742  8.304E+01 8.304E+01  17:41:37 5.947E-06          84  4.567E+04 -1.537E+10
INSTANCE WITH CRITICAL ELEMENT: PART-1-1
  9001297  8.315E+01 8.315E+01  17:43:37 5.940E-06          84  4.567E+04 -1.540E+10
INSTANCE WITH CRITICAL ELEMENT: PART-1-1
  9018863  8.325E+01 8.325E+01  17:45:37 5.932E-06          84  4.567E+04 -1.543E+10
INSTANCE WITH CRITICAL ELEMENT: PART-1-1
  9036441  8.335E+01 8.335E+01  17:47:37 5.925E-06          84  4.567E+04 -1.546E+10
INSTANCE WITH CRITICAL ELEMENT: PART-1-1
  9054041  8.346E+01 8.346E+01  17:49:37 5.917E-06          84  4.568E+04 -1.549E+10
INSTANCE WITH CRITICAL ELEMENT: PART-1-1
  9071639  8.356E+01 8.356E+01  17:51:37 5.910E-06          84  4.570E+04 -1.551E+10
INSTANCE WITH CRITICAL ELEMENT: PART-1-1
  9089230  8.367E+01 8.367E+01  17:53:37 5.902E-06          84  4.569E+04 -1.554E+10
INSTANCE WITH CRITICAL ELEMENT: PART-1-1
  9106825  8.377E+01 8.377E+01  17:55:37 5.895E-06          84  4.569E+04 -1.557E+10
INSTANCE WITH CRITICAL ELEMENT: PART-1-1
  9124423  8.387E+01 8.387E+01  17:57:37 5.887E-06          84  4.569E+04 -1.560E+10
INSTANCE WITH CRITICAL ELEMENT: PART-1-1
  9142019  8.398E+01 8.398E+01  17:59:37 5.880E-06          84  4.570E+04 -1.563E+10
INSTANCE WITH CRITICAL ELEMENT: PART-1-1
  9159597  8.408E+01 8.408E+01  18:01:37 5.872E-06          84  4.570E+04 -1.566E+10
INSTANCE WITH CRITICAL ELEMENT: PART-1-1
  9177177  8.418E+01 8.418E+01  18:03:37 5.865E-06          84  4.597E+04 -1.569E+10
INSTANCE WITH CRITICAL ELEMENT: PART-1-1
  9194787  8.429E+01 8.429E+01  18:05:37 5.857E-06          84  4.567E+04 -1.572E+10
INSTANCE WITH CRITICAL ELEMENT: PART-1-1
  9212415  8.439E+01 8.439E+01  18:07:37 5.850E-06          84  4.573E+04 -1.575E+10
INSTANCE WITH CRITICAL ELEMENT: PART-1-1
  9230029  8.449E+01 8.449E+01  18:09:37 5.842E-06          84  4.568E+04 -1.578E+10
INSTANCE WITH CRITICAL ELEMENT: PART-1-1
  9247648  8.460E+01 8.460E+01  18:11:37 5.835E-06          84  4.567E+04 -1.581E+10
INSTANCE WITH CRITICAL ELEMENT: PART-1-1
  9265215  8.470E+01 8.470E+01  18:13:37 5.828E-06          84  4.566E+04 -1.584E+10
INSTANCE WITH CRITICAL ELEMENT: PART-1-1
  9282761  8.480E+01 8.480E+01  18:15:37 5.820E-06          84  4.566E+04 -1.587E+10
INSTANCE WITH CRITICAL ELEMENT: PART-1-1
  9300065  8.490E+01 8.490E+01  18:17:37 5.813E-06          84  4.565E+04 -1.590E+10
INSTANCE WITH CRITICAL ELEMENT: PART-1-1
  9317005  8.500E+01 8.500E+01  18:19:36 5.806E-06          84  4.565E+04 -1.593E+10
INSTANCE WITH CRITICAL ELEMENT: PART-1-1
ODB Field Frame Number     17 of     20 requested intervals at  8.500000E+01

 STEP 1  ORIGIN 0.0000

              STEP     TOTAL       CPU      STABLE    CRITICAL    KINETIC      TOTAL
INCREMENT     TIME      TIME      TIME   INCREMENT     ELEMENT     ENERGY     ENERGY
  9334204  8.510E+01 8.510E+01  18:21:36 5.799E-06          84  4.565E+04 -1.596E+10
INSTANCE WITH CRITICAL ELEMENT: PART-1-1
  9351789  8.520E+01 8.520E+01  18:23:36 5.792E-06          84  4.564E+04 -1.598E+10
INSTANCE WITH CRITICAL ELEMENT: PART-1-1
  9369393  8.530E+01 8.530E+01  18:25:36 5.785E-06          84  4.564E+04 -1.601E+10
INSTANCE WITH CRITICAL ELEMENT: PART-1-1
  9386969  8.541E+01 8.541E+01  18:27:36 5.778E-06          84  4.563E+04 -1.604E+10
INSTANCE WITH CRITICAL ELEMENT: PART-1-1
  9404569  8.551E+01 8.551E+01  18:29:36 5.770E-06          84  4.563E+04 -1.607E+10
INSTANCE WITH CRITICAL ELEMENT: PART-1-1
  9422148  8.561E+01 8.561E+01  18:31:36 5.763E-06          84  4.563E+04 -1.610E+10
INSTANCE WITH CRITICAL ELEMENT: PART-1-1
  9439731  8.571E+01 8.571E+01  18:33:36 5.756E-06          84  4.563E+04 -1.613E+10
INSTANCE WITH CRITICAL ELEMENT: PART-1-1
  9457321  8.581E+01 8.581E+01  18:35:36 5.749E-06          84  4.563E+04 -1.616E+10
INSTANCE WITH CRITICAL ELEMENT: PART-1-1
  9474914  8.591E+01 8.591E+01  18:37:36 5.742E-06          84  4.570E+04 -1.619E+10
INSTANCE WITH CRITICAL ELEMENT: PART-1-1
  9492491  8.601E+01 8.601E+01  18:39:36 5.735E-06          84  4.569E+04 -1.622E+10
INSTANCE WITH CRITICAL ELEMENT: PART-1-1
  9510080  8.611E+01 8.611E+01  18:41:36 5.728E-06          84  4.569E+04 -1.625E+10
INSTANCE WITH CRITICAL ELEMENT: PART-1-1
  9527666  8.621E+01 8.621E+01  18:43:36 5.722E-06          84  4.569E+04 -1.628E+10
INSTANCE WITH CRITICAL ELEMENT: PART-1-1
  9545257  8.631E+01 8.631E+01  18:45:36 5.715E-06          84  4.569E+04 -1.631E+10
INSTANCE WITH CRITICAL ELEMENT: PART-1-1
  9562857  8.642E+01 8.642E+01  18:47:36 5.708E-06          84  4.569E+04 -1.634E+10
INSTANCE WITH CRITICAL ELEMENT: PART-1-1
  9580459  8.652E+01 8.652E+01  18:49:36 5.701E-06          84  4.569E+04 -1.637E+10
INSTANCE WITH CRITICAL ELEMENT: PART-1-1
  9598054  8.662E+01 8.662E+01  18:51:36 5.694E-06          84  4.569E+04 -1.640E+10
INSTANCE WITH CRITICAL ELEMENT: PART-1-1
  9615650  8.672E+01 8.672E+01  18:53:36 5.688E-06          84  4.569E+04 -1.643E+10
INSTANCE WITH CRITICAL ELEMENT: PART-1-1
  9633255  8.682E+01 8.682E+01  18:55:36 5.681E-06          84  4.569E+04 -1.646E+10
INSTANCE WITH CRITICAL ELEMENT: PART-1-1
  9651063  8.692E+01 8.692E+01  18:57:36 5.674E-06          84  4.569E+04 -1.649E+10
INSTANCE WITH CRITICAL ELEMENT: PART-1-1
  9668753  8.702E+01 8.702E+01  18:59:36 5.667E-06          84  4.569E+04 -1.652E+10
INSTANCE WITH CRITICAL ELEMENT: PART-1-1
  9686352  8.712E+01 8.712E+01  19:01:36 5.661E-06          84  4.568E+04 -1.655E+10
INSTANCE WITH CRITICAL ELEMENT: PART-1-1
  9703977  8.722E+01 8.722E+01  19:03:36 5.654E-06          84  4.568E+04 -1.657E+10
INSTANCE WITH CRITICAL ELEMENT: PART-1-1
  9721592  8.732E+01 8.732E+01  19:05:36 5.648E-06          84  4.568E+04 -1.660E+10
INSTANCE WITH CRITICAL ELEMENT: PART-1-1
  9739209  8.742E+01 8.742E+01  19:07:36 5.641E-06          84  4.568E+04 -1.663E+10
INSTANCE WITH CRITICAL ELEMENT: PART-1-1
  9756829  8.752E+01 8.752E+01  19:09:36 5.634E-06          84  4.568E+04 -1.666E+10
INSTANCE WITH CRITICAL ELEMENT: PART-1-1
  9774438  8.761E+01 8.761E+01  19:11:36 5.628E-06          84  4.569E+04 -1.669E+10
INSTANCE WITH CRITICAL ELEMENT: PART-1-1
  9792054  8.771E+01 8.771E+01  19:13:36 5.622E-06          84  4.570E+04 -1.672E+10
INSTANCE WITH CRITICAL ELEMENT: PART-1-1
  9809668  8.781E+01 8.781E+01  19:15:36 5.615E-06          84  4.570E+04 -1.675E+10
INSTANCE WITH CRITICAL ELEMENT: PART-1-1
  9827292  8.791E+01 8.791E+01  19:17:36 5.609E-06          84  4.570E+04 -1.678E+10
INSTANCE WITH CRITICAL ELEMENT: PART-1-1
  9844917  8.801E+01 8.801E+01  19:19:36 5.602E-06          84  4.570E+04 -1.681E+10
INSTANCE WITH CRITICAL ELEMENT: PART-1-1
  9862547  8.811E+01 8.811E+01  19:21:36 5.596E-06          84  4.570E+04 -1.684E+10
INSTANCE WITH CRITICAL ELEMENT: PART-1-1
  9880157  8.821E+01 8.821E+01  19:23:36 5.590E-06          84  4.569E+04 -1.687E+10
INSTANCE WITH CRITICAL ELEMENT: PART-1-1
  9897765  8.831E+01 8.831E+01  19:25:36 5.583E-06          84  4.569E+04 -1.689E+10
INSTANCE WITH CRITICAL ELEMENT: PART-1-1
  9915388  8.840E+01 8.840E+01  19:27:36 5.577E-06          84  4.569E+04 -1.692E+10
INSTANCE WITH CRITICAL ELEMENT: PART-1-1
  9933005  8.850E+01 8.850E+01  19:29:36 5.571E-06          84  4.579E+04 -1.695E+10
INSTANCE WITH CRITICAL ELEMENT: PART-1-1
  9950628  8.860E+01 8.860E+01  19:31:36 5.564E-06          84  4.579E+04 -1.698E+10
INSTANCE WITH CRITICAL ELEMENT: PART-1-1
  9968254  8.870E+01 8.870E+01  19:33:36 5.558E-06          84  4.580E+04 -1.701E+10
INSTANCE WITH CRITICAL ELEMENT: PART-1-1
  9985879  8.880E+01 8.880E+01  19:35:36 5.552E-06          84  4.580E+04 -1.704E+10
INSTANCE WITH CRITICAL ELEMENT: PART-1-1
 10003491  8.889E+01 8.889E+01  19:37:36 5.546E-06          84  4.581E+04 -1.707E+10
INSTANCE WITH CRITICAL ELEMENT: PART-1-1
 10021105  8.899E+01 8.899E+01  19:39:36 5.540E-06          84  4.581E+04 -1.710E+10
INSTANCE WITH CRITICAL ELEMENT: PART-1-1

 STEP 1  ORIGIN 0.0000

              STEP     TOTAL       CPU      STABLE    CRITICAL    KINETIC      TOTAL
INCREMENT     TIME      TIME      TIME   INCREMENT     ELEMENT     ENERGY     ENERGY
 10039035  8.909E+01 8.909E+01  19:41:36 5.533E-06          84  4.582E+04 -1.712E+10
INSTANCE WITH CRITICAL ELEMENT: PART-1-1
 10057091  8.919E+01 8.919E+01  19:43:36 5.527E-06          84  4.582E+04 -1.715E+10
INSTANCE WITH CRITICAL ELEMENT: PART-1-1
 10074697  8.929E+01 8.929E+01  19:45:36 5.521E-06          84  4.582E+04 -1.718E+10
INSTANCE WITH CRITICAL ELEMENT: PART-1-1
 10092745  8.939E+01 8.939E+01  19:47:36 5.515E-06          84  4.580E+04 -1.721E+10
INSTANCE WITH CRITICAL ELEMENT: PART-1-1
 10110868  8.949E+01 8.949E+01  19:49:36 5.508E-06          84  4.579E+04 -1.724E+10
INSTANCE WITH CRITICAL ELEMENT: PART-1-1
 10128993  8.959E+01 8.959E+01  19:51:36 5.502E-06          84  4.579E+04 -1.727E+10
INSTANCE WITH CRITICAL ELEMENT: PART-1-1
 10147116  8.969E+01 8.969E+01  19:53:36 5.496E-06          84  4.579E+04 -1.730E+10
INSTANCE WITH CRITICAL ELEMENT: PART-1-1
 10165226  8.979E+01 8.979E+01  19:55:36 5.490E-06          84  4.579E+04 -1.733E+10
INSTANCE WITH CRITICAL ELEMENT: PART-1-1
 10183315  8.989E+01 8.989E+01  19:57:36 5.484E-06          84  4.580E+04 -1.736E+10
INSTANCE WITH CRITICAL ELEMENT: PART-1-1
 10201435  8.998E+01 8.998E+01  19:59:36 5.477E-06          84  4.579E+04 -1.739E+10
INSTANCE WITH CRITICAL ELEMENT: PART-1-1
 10204183  9.000E+01 9.000E+01  19:59:54 5.477E-06          84  4.579E+04 -1.739E+10
INSTANCE WITH CRITICAL ELEMENT: PART-1-1
ODB Field Frame Number     18 of     20 requested intervals at  9.000000E+01
 10222270  9.010E+01 9.010E+01  20:01:54 5.470E-06          84  4.583E+04 -1.742E+10
INSTANCE WITH CRITICAL ELEMENT: PART-1-1
 10240360  9.020E+01 9.020E+01  20:03:54 5.464E-06          84  4.582E+04 -1.745E+10
INSTANCE WITH CRITICAL ELEMENT: PART-1-1
 10258462  9.030E+01 9.030E+01  20:05:54 5.458E-06          84  4.582E+04 -1.748E+10
INSTANCE WITH CRITICAL ELEMENT: PART-1-1
 10276555  9.040E+01 9.040E+01  20:07:54 5.452E-06          84  4.582E+04 -1.751E+10
INSTANCE WITH CRITICAL ELEMENT: PART-1-1
 10294646  9.049E+01 9.049E+01  20:09:54 5.446E-06          84  4.582E+04 -1.753E+10
INSTANCE WITH CRITICAL ELEMENT: PART-1-1
 10312749  9.059E+01 9.059E+01  20:11:54 5.440E-06          84  4.582E+04 -1.756E+10
INSTANCE WITH CRITICAL ELEMENT: PART-1-1
 10330826  9.069E+01 9.069E+01  20:13:54 5.434E-06          84  4.582E+04 -1.759E+10
INSTANCE WITH CRITICAL ELEMENT: PART-1-1
 10348933  9.079E+01 9.079E+01  20:15:54 5.428E-06          84  4.583E+04 -1.762E+10
INSTANCE WITH CRITICAL ELEMENT: PART-1-1
 10367021  9.089E+01 9.089E+01  20:17:54 5.422E-06          84  4.583E+04 -1.765E+10
INSTANCE WITH CRITICAL ELEMENT: PART-1-1
 10385107  9.099E+01 9.099E+01  20:19:54 5.416E-06          84  4.583E+04 -1.768E+10
INSTANCE WITH CRITICAL ELEMENT: PART-1-1
 10403203  9.108E+01 9.108E+01  20:21:54 5.410E-06          84  4.582E+04 -1.771E+10
INSTANCE WITH CRITICAL ELEMENT: PART-1-1
 10421296  9.118E+01 9.118E+01  20:23:54 5.404E-06          84  4.583E+04 -1.773E+10
INSTANCE WITH CRITICAL ELEMENT: PART-1-1
 10439389  9.128E+01 9.128E+01  20:25:54 5.398E-06          84  4.584E+04 -1.776E+10
INSTANCE WITH CRITICAL ELEMENT: PART-1-1
 10457461  9.138E+01 9.138E+01  20:27:54 5.393E-06          84  4.582E+04 -1.779E+10
INSTANCE WITH CRITICAL ELEMENT: PART-1-1
 10475534  9.147E+01 9.147E+01  20:29:54 5.387E-06          84  4.582E+04 -1.782E+10
INSTANCE WITH CRITICAL ELEMENT: PART-1-1
 10493603  9.157E+01 9.157E+01  20:31:54 5.381E-06          84  4.582E+04 -1.785E+10
INSTANCE WITH CRITICAL ELEMENT: PART-1-1
 10511691  9.167E+01 9.167E+01  20:33:54 5.375E-06          84  4.582E+04 -1.787E+10
INSTANCE WITH CRITICAL ELEMENT: PART-1-1
 10529775  9.177E+01 9.177E+01  20:35:54 5.369E-06          84  4.583E+04 -1.790E+10
INSTANCE WITH CRITICAL ELEMENT: PART-1-1
 10547869  9.186E+01 9.186E+01  20:37:54 5.363E-06          84  4.583E+04 -1.793E+10
INSTANCE WITH CRITICAL ELEMENT: PART-1-1
 10565962  9.196E+01 9.196E+01  20:39:54 5.357E-06          84  4.583E+04 -1.796E+10
INSTANCE WITH CRITICAL ELEMENT: PART-1-1
 10584063  9.206E+01 9.206E+01  20:41:54 5.352E-06          84  4.583E+04 -1.799E+10
INSTANCE WITH CRITICAL ELEMENT: PART-1-1
 10602146  9.215E+01 9.215E+01  20:43:54 5.346E-06          84  4.585E+04 -1.801E+10
INSTANCE WITH CRITICAL ELEMENT: PART-1-1
 10620224  9.225E+01 9.225E+01  20:45:54 5.340E-06          84  4.585E+04 -1.804E+10
INSTANCE WITH CRITICAL ELEMENT: PART-1-1
 10638311  9.235E+01 9.235E+01  20:47:54 5.334E-06          84  4.586E+04 -1.807E+10
INSTANCE WITH CRITICAL ELEMENT: PART-1-1
 10656388  9.244E+01 9.244E+01  20:49:54 5.329E-06          84  4.585E+04 -1.810E+10
INSTANCE WITH CRITICAL ELEMENT: PART-1-1
 10674475  9.254E+01 9.254E+01  20:51:54 5.323E-06          84  4.585E+04 -1.812E+10
INSTANCE WITH CRITICAL ELEMENT: PART-1-1
 10692556  9.264E+01 9.264E+01  20:53:54 5.317E-06          84  4.582E+04 -1.815E+10
INSTANCE WITH CRITICAL ELEMENT: PART-1-1
 10710637  9.273E+01 9.273E+01  20:55:54 5.312E-06          84  4.582E+04 -1.818E+10
INSTANCE WITH CRITICAL ELEMENT: PART-1-1
 10728723  9.283E+01 9.283E+01  20:57:54 5.306E-06          84  4.581E+04 -1.821E+10
INSTANCE WITH CRITICAL ELEMENT: PART-1-1

 STEP 1  ORIGIN 0.0000

              STEP     TOTAL       CPU      STABLE    CRITICAL    KINETIC      TOTAL
INCREMENT     TIME      TIME      TIME   INCREMENT     ELEMENT     ENERGY     ENERGY
 10746821  9.292E+01 9.292E+01  20:59:54 5.301E-06          84  4.581E+04 -1.824E+10
INSTANCE WITH CRITICAL ELEMENT: PART-1-1
 10764922  9.302E+01 9.302E+01  21:01:54 5.295E-06          84  4.580E+04 -1.826E+10
INSTANCE WITH CRITICAL ELEMENT: PART-1-1
 10783013  9.311E+01 9.311E+01  21:03:54 5.290E-06          84  4.580E+04 -1.829E+10
INSTANCE WITH CRITICAL ELEMENT: PART-1-1
 10801110  9.321E+01 9.321E+01  21:05:54 5.284E-06          84  4.581E+04 -1.832E+10
INSTANCE WITH CRITICAL ELEMENT: PART-1-1
 10819218  9.331E+01 9.331E+01  21:07:54 5.279E-06          84  4.582E+04 -1.835E+10
INSTANCE WITH CRITICAL ELEMENT: PART-1-1
 10837327  9.340E+01 9.340E+01  21:09:54 5.273E-06          84  4.582E+04 -1.837E+10
INSTANCE WITH CRITICAL ELEMENT: PART-1-1
 10855441  9.350E+01 9.350E+01  21:11:54 5.268E-06          84  4.582E+04 -1.840E+10
INSTANCE WITH CRITICAL ELEMENT: PART-1-1
 10873551  9.359E+01 9.359E+01  21:13:54 5.262E-06          84  4.583E+04 -1.843E+10
INSTANCE WITH CRITICAL ELEMENT: PART-1-1
 10891664  9.369E+01 9.369E+01  21:15:54 5.257E-06          84  4.583E+04 -1.845E+10
INSTANCE WITH CRITICAL ELEMENT: PART-1-1
 10909776  9.378E+01 9.378E+01  21:17:54 5.251E-06          84  4.583E+04 -1.848E+10
INSTANCE WITH CRITICAL ELEMENT: PART-1-1
 10927897  9.388E+01 9.388E+01  21:19:54 5.246E-06          84  4.575E+04 -1.851E+10
INSTANCE WITH CRITICAL ELEMENT: PART-1-1
 10946024  9.397E+01 9.397E+01  21:21:54 5.240E-06          84  4.606E+04 -1.854E+10
INSTANCE WITH CRITICAL ELEMENT: PART-1-1
 10964142  9.407E+01 9.407E+01  21:23:54 5.235E-06          84  4.587E+04 -1.856E+10
INSTANCE WITH CRITICAL ELEMENT: PART-1-1
 10982259  9.416E+01 9.416E+01  21:25:54 5.229E-06          84  4.579E+04 -1.859E+10
INSTANCE WITH CRITICAL ELEMENT: PART-1-1
 11000362  9.426E+01 9.426E+01  21:27:54 5.224E-06          84  4.582E+04 -1.862E+10
INSTANCE WITH CRITICAL ELEMENT: PART-1-1
 11018465  9.435E+01 9.435E+01  21:29:54 5.218E-06          84  4.582E+04 -1.865E+10
INSTANCE WITH CRITICAL ELEMENT: PART-1-1
 11036575  9.445E+01 9.445E+01  21:31:54 5.213E-06          84  4.582E+04 -1.867E+10
INSTANCE WITH CRITICAL ELEMENT: PART-1-1
 11054691  9.454E+01 9.454E+01  21:33:54 5.207E-06          84  4.582E+04 -1.870E+10
INSTANCE WITH CRITICAL ELEMENT: PART-1-1
 11072810  9.464E+01 9.464E+01  21:35:54 5.202E-06          84  4.581E+04 -1.873E+10
INSTANCE WITH CRITICAL ELEMENT: PART-1-1
 11090915  9.473E+01 9.473E+01  21:37:54 5.196E-06          84  4.583E+04 -1.876E+10
INSTANCE WITH CRITICAL ELEMENT: PART-1-1
 11109016  9.482E+01 9.482E+01  21:39:54 5.191E-06          84  4.583E+04 -1.878E+10
INSTANCE WITH CRITICAL ELEMENT: PART-1-1
 11127112  9.492E+01 9.492E+01  21:41:54 5.185E-06          84  4.595E+04 -1.881E+10
INSTANCE WITH CRITICAL ELEMENT: PART-1-1
 11143092  9.500E+01 9.500E+01  21:43:40 5.181E-06          84  4.583E+04 -1.883E+10
INSTANCE WITH CRITICAL ELEMENT: PART-1-1
ODB Field Frame Number     19 of     20 requested intervals at  9.500000E+01
 11161180  9.509E+01 9.509E+01  21:45:40 5.175E-06          84  4.582E+04 -1.886E+10
INSTANCE WITH CRITICAL ELEMENT: PART-1-1
 11179261  9.519E+01 9.519E+01  21:47:40 5.170E-06          84  4.584E+04 -1.889E+10
INSTANCE WITH CRITICAL ELEMENT: PART-1-1
 11197339  9.528E+01 9.528E+01  21:49:40 5.165E-06          84  4.560E+04 -1.892E+10
INSTANCE WITH CRITICAL ELEMENT: PART-1-1
 11215420  9.537E+01 9.537E+01  21:51:40 5.159E-06          84  4.586E+04 -1.894E+10
INSTANCE WITH CRITICAL ELEMENT: PART-1-1
 11233517  9.547E+01 9.547E+01  21:53:40 5.154E-06          84  4.585E+04 -1.897E+10
INSTANCE WITH CRITICAL ELEMENT: PART-1-1
 11251607  9.556E+01 9.556E+01  21:55:40 5.149E-06          84  4.585E+04 -1.900E+10
INSTANCE WITH CRITICAL ELEMENT: PART-1-1
 11269663  9.565E+01 9.565E+01  21:57:40 5.144E-06          84  4.585E+04 -1.902E+10
INSTANCE WITH CRITICAL ELEMENT: PART-1-1
 11287733  9.575E+01 9.575E+01  21:59:40 5.138E-06          84  4.585E+04 -1.905E+10
INSTANCE WITH CRITICAL ELEMENT: PART-1-1
 11305794  9.584E+01 9.584E+01  22:01:40 5.133E-06          84  4.585E+04 -1.908E+10
INSTANCE WITH CRITICAL ELEMENT: PART-1-1
 11323885  9.593E+01 9.593E+01  22:03:40 5.128E-06          84  4.585E+04 -1.911E+10
INSTANCE WITH CRITICAL ELEMENT: PART-1-1
 11341965  9.602E+01 9.602E+01  22:05:40 5.123E-06          84  4.589E+04 -1.913E+10
INSTANCE WITH CRITICAL ELEMENT: PART-1-1
 11360030  9.612E+01 9.612E+01  22:07:40 5.118E-06          84  4.585E+04 -1.916E+10
INSTANCE WITH CRITICAL ELEMENT: PART-1-1
 11378128  9.621E+01 9.621E+01  22:09:40 5.113E-06          84  4.584E+04 -1.919E+10
INSTANCE WITH CRITICAL ELEMENT: PART-1-1
 11396232  9.630E+01 9.630E+01  22:11:40 5.107E-06          84  4.584E+04 -1.921E+10
INSTANCE WITH CRITICAL ELEMENT: PART-1-1
 11414341  9.639E+01 9.639E+01  22:13:40 5.102E-06          84  4.585E+04 -1.924E+10
INSTANCE WITH CRITICAL ELEMENT: PART-1-1
 11432457  9.649E+01 9.649E+01  22:15:40 5.097E-06          84  4.585E+04 -1.927E+10
INSTANCE WITH CRITICAL ELEMENT: PART-1-1
 11450564  9.658E+01 9.658E+01  22:17:40 5.092E-06          84  4.585E+04 -1.929E+10
INSTANCE WITH CRITICAL ELEMENT: PART-1-1

 STEP 1  ORIGIN 0.0000

              STEP     TOTAL       CPU      STABLE    CRITICAL    KINETIC      TOTAL
INCREMENT     TIME      TIME      TIME   INCREMENT     ELEMENT     ENERGY     ENERGY
 11468671  9.667E+01 9.667E+01  22:19:40 5.087E-06          84  4.585E+04 -1.932E+10
INSTANCE WITH CRITICAL ELEMENT: PART-1-1
 11486774  9.676E+01 9.676E+01  22:21:40 5.082E-06          84  4.585E+04 -1.935E+10
INSTANCE WITH CRITICAL ELEMENT: PART-1-1
 11504864  9.686E+01 9.686E+01  22:23:40 5.077E-06          84  4.585E+04 -1.937E+10
INSTANCE WITH CRITICAL ELEMENT: PART-1-1
 11522970  9.695E+01 9.695E+01  22:25:40 5.072E-06          84  4.584E+04 -1.940E+10
INSTANCE WITH CRITICAL ELEMENT: PART-1-1
 11541084  9.704E+01 9.704E+01  22:27:40 5.067E-06          84  4.585E+04 -1.943E+10
INSTANCE WITH CRITICAL ELEMENT: PART-1-1
 11559193  9.713E+01 9.713E+01  22:29:40 5.062E-06          84  4.585E+04 -1.945E+10
INSTANCE WITH CRITICAL ELEMENT: PART-1-1
 11577295  9.722E+01 9.722E+01  22:31:40 5.057E-06          84  4.585E+04 -1.948E+10
INSTANCE WITH CRITICAL ELEMENT: PART-1-1
 11595396  9.731E+01 9.731E+01  22:33:40 5.052E-06          84  4.591E+04 -1.951E+10
INSTANCE WITH CRITICAL ELEMENT: PART-1-1
 11613507  9.741E+01 9.741E+01  22:35:40 5.047E-06          84  4.592E+04 -1.954E+10
INSTANCE WITH CRITICAL ELEMENT: PART-1-1
 11631608  9.750E+01 9.750E+01  22:37:40 5.042E-06          84  4.591E+04 -1.956E+10
INSTANCE WITH CRITICAL ELEMENT: PART-1-1
 11649721  9.759E+01 9.759E+01  22:39:40 5.037E-06          84  4.591E+04 -1.959E+10
INSTANCE WITH CRITICAL ELEMENT: PART-1-1
 11667837  9.768E+01 9.768E+01  22:41:40 5.032E-06          84  4.591E+04 -1.962E+10
INSTANCE WITH CRITICAL ELEMENT: PART-1-1
 11685961  9.777E+01 9.777E+01  22:43:40 5.028E-06          84  4.591E+04 -1.964E+10
INSTANCE WITH CRITICAL ELEMENT: PART-1-1
 11704066  9.786E+01 9.786E+01  22:45:40 5.023E-06          84  4.590E+04 -1.967E+10
INSTANCE WITH CRITICAL ELEMENT: PART-1-1
 11722175  9.795E+01 9.795E+01  22:47:40 5.018E-06          84  4.600E+04 -1.970E+10
INSTANCE WITH CRITICAL ELEMENT: PART-1-1
 11740276  9.804E+01 9.804E+01  22:49:40 5.013E-06          84  4.587E+04 -1.972E+10
INSTANCE WITH CRITICAL ELEMENT: PART-1-1
 11758375  9.813E+01 9.813E+01  22:51:40 5.008E-06          84  4.591E+04 -1.975E+10
INSTANCE WITH CRITICAL ELEMENT: PART-1-1
 11776491  9.822E+01 9.822E+01  22:53:40 5.004E-06          84  4.591E+04 -1.978E+10
INSTANCE WITH CRITICAL ELEMENT: PART-1-1
 11794585  9.831E+01 9.831E+01  22:55:40 4.999E-06          84  4.591E+04 -1.980E+10
INSTANCE WITH CRITICAL ELEMENT: PART-1-1
 11812679  9.841E+01 9.841E+01  22:57:40 4.994E-06          84  4.591E+04 -1.983E+10
INSTANCE WITH CRITICAL ELEMENT: PART-1-1
 11830765  9.850E+01 9.850E+01  22:59:40 4.989E-06          84  4.591E+04 -1.986E+10
INSTANCE WITH CRITICAL ELEMENT: PART-1-1
 11848870  9.859E+01 9.859E+01  23:01:40 4.985E-06          84  4.591E+04 -1.988E+10
INSTANCE WITH CRITICAL ELEMENT: PART-1-1
 11866952  9.868E+01 9.868E+01  23:03:40 4.980E-06          84  4.591E+04 -1.991E+10
INSTANCE WITH CRITICAL ELEMENT: PART-1-1
 11885051  9.877E+01 9.877E+01  23:05:40 4.975E-06          84  4.592E+04 -1.994E+10
INSTANCE WITH CRITICAL ELEMENT: PART-1-1
 11903175  9.886E+01 9.886E+01  23:07:40 4.971E-06          84  4.591E+04 -1.996E+10
INSTANCE WITH CRITICAL ELEMENT: PART-1-1
 11921271  9.895E+01 9.895E+01  23:09:40 4.966E-06          84  4.590E+04 -1.999E+10
INSTANCE WITH CRITICAL ELEMENT: PART-1-1
 11939373  9.904E+01 9.904E+01  23:11:40 4.961E-06          84  4.591E+04 -2.002E+10
INSTANCE WITH CRITICAL ELEMENT: PART-1-1
 11956858  9.912E+01 9.912E+01  23:13:40 4.957E-06          84  4.590E+04 -2.004E+10
INSTANCE WITH CRITICAL ELEMENT: PART-1-1
 11974348  9.921E+01 9.921E+01  23:15:40 4.953E-06          84  4.591E+04 -2.007E+10
INSTANCE WITH CRITICAL ELEMENT: PART-1-1
 11991831  9.930E+01 9.930E+01  23:17:40 4.948E-06          84  4.591E+04 -2.009E+10
INSTANCE WITH CRITICAL ELEMENT: PART-1-1
 12009331  9.938E+01 9.938E+01  23:19:40 4.944E-06          84  4.591E+04 -2.012E+10
INSTANCE WITH CRITICAL ELEMENT: PART-1-1
 12026834  9.947E+01 9.947E+01  23:21:40 4.939E-06          84  4.591E+04 -2.015E+10
INSTANCE WITH CRITICAL ELEMENT: PART-1-1
 12044334  9.956E+01 9.956E+01  23:23:40 4.935E-06          84  4.591E+04 -2.017E+10
INSTANCE WITH CRITICAL ELEMENT: PART-1-1
 12061816  9.964E+01 9.964E+01  23:25:40 4.931E-06          84  4.591E+04 -2.020E+10
INSTANCE WITH CRITICAL ELEMENT: PART-1-1
 12079301  9.973E+01 9.973E+01  23:27:40 4.926E-06          84  4.591E+04 -2.022E+10
INSTANCE WITH CRITICAL ELEMENT: PART-1-1
 12096784  9.981E+01 9.981E+01  23:29:40 4.922E-06          84  4.592E+04 -2.025E+10
INSTANCE WITH CRITICAL ELEMENT: PART-1-1
 12114260  9.990E+01 9.990E+01  23:31:40 4.918E-06          84  4.592E+04 -2.027E+10
INSTANCE WITH CRITICAL ELEMENT: PART-1-1
 12131724  9.999E+01 9.999E+01  23:33:40 4.913E-06          84  4.592E+04 -2.030E+10
INSTANCE WITH CRITICAL ELEMENT: PART-1-1
 12134682  1.000E+02 1.000E+02  23:34:00 4.912E-06          84  4.592E+04 -2.030E+10
INSTANCE WITH CRITICAL ELEMENT: PART-1-1
Restart Number  1 at 100.00
ODB Field Frame Number     20 of     20 requested intervals at  1.000000E+02

  THE ANALYSIS HAS COMPLETED SUCCESSFULLY

