
%                  X                 BCC                FCC       
%
                0.                 0.                 0.         
              100.008E-03         26.0132E+06        16.7526E+06 
              200.002E-03         52.433E+06         33.7584E+06 
              300.005E-03         78.7157E+06        50.6784E+06 
              400.007E-03        104.805E+06         67.4729E+06 
              500.008E-03        130.952E+06         84.3033E+06 
              600.006E-03        157.272E+06        101.251E+06  
              700.003E-03        183.478E+06        118.127E+06  
              800.01E-03         209.529E+06        134.899E+06  
              900.003E-03        235.66E+06         151.725E+06  
                1.00001          261.924E+06        168.64E+06   
                1.10001          288.159E+06        185.535E+06  
                1.20001          314.328E+06        202.386E+06  
                1.30001          340.542E+06        219.268E+06  
                1.4              366.799E+06        236.181E+06  
                1.50001          393.002E+06        253.057E+06  
                1.6              419.142E+06        269.894E+06  
                1.7              445.317E+06        286.755E+06  
                1.8              471.545E+06        303.651E+06  
                1.9              497.772E+06        320.545E+06  
                2.               523.98E+06         337.428E+06  
                2.10001          550.203E+06        354.323E+06  
                2.2              576.435E+06        371.223E+06  
                2.30001          602.646E+06        388.111E+06  
                2.40001          628.831E+06        404.983E+06  
                2.50001          655.023E+06        421.86E+06   
                2.60001          681.237E+06        438.752E+06  
                2.70001          707.463E+06        455.652E+06  
                2.8              733.688E+06        472.552E+06  
                2.90001          759.915E+06        489.454E+06  
                3.00001          786.144E+06        506.358E+06  
                3.10001          812.365E+06        523.258E+06  
                3.20001          838.574E+06        540.151E+06  
                3.30001          864.779E+06        557.041E+06  
                3.40001          890.993E+06        573.94E+06   
                3.5              917.219E+06        590.846E+06  
                3.60001          943.454E+06        607.758E+06  
                3.70001          969.687E+06        624.669E+06  
                3.80001          995.919E+06        641.581E+06  
                3.90001            1.02215E+09      658.491E+06  
                4.00001            1.04837E+09      675.398E+06  
                4.1                1.07459E+09      692.304E+06  
                4.20001            1.10081E+09      709.214E+06  
                4.3                1.12704E+09      726.127E+06  
                4.4                1.15328E+09      743.045E+06  
                4.50001            1.17952E+09      759.967E+06  
                4.60001            1.20576E+09      776.889E+06  
                4.7                1.23199E+09      793.81E+06   
                4.80001            1.25823E+09      810.73E+06   
                4.9                1.28446E+09      827.649E+06  
                5.00001            1.31069E+09      844.57E+06   
                5.10001            1.33693E+09      861.494E+06  
                5.20001            1.36317E+09      878.42E+06   
                5.30001            1.38917E+09      895.372E+06  
                5.40001            1.41382E+09      912.37E+06   
                5.5                1.4374E+09       929.397E+06  
                5.60001            1.46057E+09      946.433E+06  
                5.70001            1.48322E+09      963.464E+06  
                5.8                1.50522E+09      980.365E+06  
                5.9                1.52614E+09      996.984E+06  
                6.00001            1.54469E+09        1.01249E+09
                6.10001            1.55835E+09        1.02497E+09
                6.2                1.56902E+09        1.03535E+09
                6.30001            1.57668E+09        1.04302E+09
                6.40001            1.58332E+09        1.04935E+09
                6.5                1.58782E+09        1.05362E+09
                6.6                1.59097E+09        1.05644E+09
                6.7                1.59319E+09        1.05819E+09
                6.80001            1.5933E+09         1.05852E+09
                6.90001            1.59271E+09        1.05859E+09
                7.00001            1.59161E+09        1.05839E+09
                7.1                1.5899E+09         1.05796E+09
                7.2                1.58804E+09        1.0575E+09 
                7.30001            1.58633E+09        1.0571E+09 
                7.4                1.58477E+09        1.05682E+09
                7.50001            1.58356E+09        1.05685E+09
                7.6                1.58275E+09        1.05711E+09
                7.7                1.5822E+09         1.05739E+09
                7.80001            1.58191E+09        1.05767E+09
                7.9                1.58194E+09        1.05793E+09
                8.                 1.58206E+09        1.05825E+09
                8.10001            1.58228E+09        1.0586E+09 
                8.2                1.58261E+09        1.05897E+09
                8.3                1.58297E+09        1.05936E+09
                8.40001            1.58329E+09        1.05972E+09
                8.5                1.5836E+09         1.06006E+09
                8.60001            1.58394E+09        1.0604E+09 
                8.7                1.58431E+09        1.06075E+09
                8.80001            1.5847E+09         1.06108E+09
                8.9                1.58511E+09        1.06141E+09
                9.00001            1.58553E+09        1.06173E+09
                9.1                1.58593E+09        1.06202E+09
                9.20001            1.58632E+09        1.0623E+09 
                9.3                1.58673E+09        1.06258E+09
                9.40001            1.58716E+09        1.06286E+09
                9.5                1.5876E+09         1.06316E+09
                9.60001            1.58805E+09        1.06345E+09
                9.70001            1.58849E+09        1.06374E+09
                9.8                1.58894E+09        1.06402E+09
                9.90001            1.58941E+09        1.06431E+09
               10.                 1.58988E+09        1.06461E+09
               10.1                1.59037E+09        1.0649E+09 
               10.2                1.59088E+09        1.0652E+09 
               10.3                1.59139E+09        1.0655E+09 
               10.4                1.59194E+09        1.06583E+09
               10.5                1.59251E+09        1.06615E+09
               10.6                1.59309E+09        1.06648E+09
               10.7                1.59368E+09        1.06682E+09
               10.8                1.59427E+09        1.06716E+09
               10.9                1.59487E+09        1.0675E+09 
               11.                 1.59547E+09        1.06784E+09
               11.1                1.59609E+09        1.06818E+09
               11.2                1.59671E+09        1.06852E+09
               11.3                1.59735E+09        1.06885E+09
               11.4                1.59799E+09        1.06919E+09
               11.5                1.59863E+09        1.06952E+09
               11.6                1.59928E+09        1.06986E+09
               11.7                1.59992E+09        1.07019E+09
               11.8                1.60057E+09        1.07053E+09
               11.9                1.6012E+09         1.07086E+09
               12.                 1.60184E+09        1.07119E+09
               12.1                1.60248E+09        1.07154E+09
               12.2                1.60313E+09        1.07188E+09
               12.3                1.60377E+09        1.07222E+09
               12.4                1.60442E+09        1.07255E+09
               12.5                1.60506E+09        1.07289E+09
               12.6                1.60569E+09        1.07324E+09
               12.7                1.60633E+09        1.07358E+09
               12.8                1.60695E+09        1.07392E+09
               12.9                1.60758E+09        1.07425E+09
               13.                 1.6082E+09         1.07459E+09
               13.1                1.60882E+09        1.07493E+09
               13.2                1.60943E+09        1.07527E+09
               13.3                1.61006E+09        1.07561E+09
               13.4                1.61069E+09        1.07595E+09
               13.5                1.61131E+09        1.0763E+09 
               13.6                1.61193E+09        1.07664E+09
               13.7                1.61255E+09        1.07698E+09
               13.8                1.61318E+09        1.07732E+09
               13.9                1.61381E+09        1.07766E+09
               14.                 1.61444E+09        1.078E+09  
               14.1                1.61507E+09        1.07833E+09
               14.2                1.61569E+09        1.07866E+09
               14.3                1.61631E+09        1.079E+09  
               14.4                1.61693E+09        1.07933E+09
               14.5                1.61754E+09        1.07967E+09
               14.6                1.61815E+09        1.08E+09   
               14.7                1.61877E+09        1.08034E+09
               14.8                1.61938E+09        1.08068E+09
               14.9                1.62E+09           1.08101E+09
               15.                 1.6206E+09         1.08135E+09
               15.1                1.6212E+09         1.08169E+09
               15.2                1.62179E+09        1.08203E+09
               15.3                1.62237E+09        1.08238E+09
               15.4                1.62295E+09        1.08272E+09
               15.5                1.62353E+09        1.08307E+09
               15.6                1.6241E+09         1.08341E+09
               15.7                1.62466E+09        1.08376E+09
               15.8                1.62522E+09        1.08411E+09
               15.9                1.62577E+09        1.08447E+09
               16.                 1.62632E+09        1.08482E+09
               16.1                1.62688E+09        1.08517E+09
               16.2                1.62743E+09        1.08552E+09
               16.3                1.62799E+09        1.08587E+09
               16.4                1.62854E+09        1.08622E+09
               16.5                1.62908E+09        1.08656E+09
               16.6                1.62963E+09        1.0869E+09 
               16.7                1.63016E+09        1.08724E+09
               16.8                1.63069E+09        1.08759E+09
               16.9                1.63122E+09        1.08793E+09
               17.                 1.63175E+09        1.08827E+09
               17.1                1.63228E+09        1.08861E+09
               17.2                1.63281E+09        1.08895E+09
               17.3                1.63333E+09        1.08929E+09
               17.4                1.63385E+09        1.08963E+09
               17.5                1.63437E+09        1.08998E+09
               17.6                1.63488E+09        1.09032E+09
               17.7                1.63538E+09        1.09067E+09
               17.8                1.63588E+09        1.09102E+09
               17.9                1.63637E+09        1.09137E+09
               18.                 1.63685E+09        1.09173E+09
               18.1                1.63733E+09        1.09208E+09
               18.2                1.63779E+09        1.09244E+09
               18.3                1.63826E+09        1.09279E+09
               18.4                1.63872E+09        1.09315E+09
               18.5                1.63917E+09        1.0935E+09 
               18.6                1.63963E+09        1.09386E+09
               18.7                1.64007E+09        1.09422E+09
               18.8                1.64053E+09        1.09457E+09
               18.9                1.64098E+09        1.09492E+09
               19.                 1.64143E+09        1.09527E+09
               19.1                1.64188E+09        1.09561E+09
               19.2                1.64233E+09        1.09596E+09
               19.3                1.64277E+09        1.09631E+09
               19.4                1.64321E+09        1.09666E+09
               19.5                1.64365E+09        1.09701E+09
               19.6                1.64409E+09        1.09736E+09
               19.7                1.64452E+09        1.09771E+09
               19.8                1.64494E+09        1.09806E+09
               19.9                1.64536E+09        1.09842E+09
               20.                 1.64578E+09        1.09878E+09




